# epoch	train_loss	precision5	NDCG5	MAP5	precision7	NDCG7	MAP7	precision10	NDCG10	MAP10
0	23.722523	 TOP-5 0.5230	0.5343	0.3958	 TOP-7: 0.5196	0.5300	0.3675	 TOP-10: 0.5211	0.5288	0.3470
New best model saved at epoch 0 with NDCG10 = 0.5288
1	23.664660	 TOP-5 0.5588	0.5645	0.4263	 TOP-7: 0.5513	0.5585	0.4000	 TOP-10: 0.5412	0.5505	0.3714
New best model saved at epoch 1 with NDCG10 = 0.5505
2	23.621006	 TOP-5 0.5767	0.5890	0.4525	 TOP-7: 0.5691	0.5816	0.4231	 TOP-10: 0.5583	0.5719	0.3933
New best model saved at epoch 2 with NDCG10 = 0.5719
3	23.550571	 TOP-5 0.6054	0.6079	0.4795	 TOP-7: 0.5954	0.6008	0.4504	 TOP-10: 0.5883	0.5950	0.4236
New best model saved at epoch 3 with NDCG10 = 0.5950
4	23.466339	 TOP-5 0.6238	0.6222	0.4986	 TOP-7: 0.6121	0.6147	0.4685	 TOP-10: 0.6000	0.6060	0.4383
New best model saved at epoch 4 with NDCG10 = 0.6060
5	23.362453	 TOP-5 0.6244	0.6289	0.5055	 TOP-7: 0.6187	0.6245	0.4787	 TOP-10: 0.6035	0.6132	0.4461
New best model saved at epoch 5 with NDCG10 = 0.6132
6	23.302753	 TOP-5 0.6287	0.6370	0.5166	 TOP-7: 0.6249	0.6330	0.4881	 TOP-10: 0.6043	0.6179	0.4513
New best model saved at epoch 6 with NDCG10 = 0.6179
7	23.290106	 TOP-5 0.6347	0.6401	0.5209	 TOP-7: 0.6295	0.6356	0.4916	 TOP-10: 0.6084	0.6205	0.4548
New best model saved at epoch 7 with NDCG10 = 0.6205
8	23.281099	 TOP-5 0.6390	0.6453	0.5279	 TOP-7: 0.6303	0.6383	0.4960	 TOP-10: 0.6114	0.6242	0.4595
New best model saved at epoch 8 with NDCG10 = 0.6242
9	23.283297	 TOP-5 0.6434	0.6497	0.5329	 TOP-7: 0.6326	0.6414	0.4999	 TOP-10: 0.6076	0.6230	0.4587
10	23.283316	 TOP-5 0.6412	0.6493	0.5316	 TOP-7: 0.6276	0.6388	0.4967	 TOP-10: 0.6081	0.6235	0.4585
11	23.287025	 TOP-5 0.6396	0.6468	0.5296	 TOP-7: 0.6272	0.6373	0.4955	 TOP-10: 0.6046	0.6204	0.4556
12	23.278837	 TOP-5 0.6363	0.6453	0.5273	 TOP-7: 0.6256	0.6368	0.4953	 TOP-10: 0.6057	0.6215	0.4563
13	23.279694	 TOP-5 0.6347	0.6435	0.5264	 TOP-7: 0.6256	0.6361	0.4954	 TOP-10: 0.6076	0.6222	0.4572
14	23.280653	 TOP-5 0.6363	0.6455	0.5276	 TOP-7: 0.6280	0.6384	0.4969	 TOP-10: 0.6068	0.6223	0.4568
15	23.276718	 TOP-5 0.6396	0.6483	0.5309	 TOP-7: 0.6245	0.6369	0.4957	 TOP-10: 0.6062	0.6224	0.4571
16	23.275635	 TOP-5 0.6428	0.6508	0.5335	 TOP-7: 0.6276	0.6392	0.4972	 TOP-10: 0.6046	0.6218	0.4563
17	23.275572	 TOP-5 0.6417	0.6505	0.5334	 TOP-7: 0.6272	0.6393	0.4970	 TOP-10: 0.6041	0.6217	0.4560
18	23.275789	 TOP-5 0.6450	0.6528	0.5353	 TOP-7: 0.6276	0.6399	0.4978	 TOP-10: 0.6051	0.6226	0.4568
19	23.271383	 TOP-5 0.6444	0.6538	0.5362	 TOP-7: 0.6272	0.6407	0.4984	 TOP-10: 0.6024	0.6217	0.4553
20	23.269747	 TOP-5 0.6428	0.6522	0.5343	 TOP-7: 0.6283	0.6410	0.4986	 TOP-10: 0.6024	0.6213	0.4551
21	23.265696	 TOP-5 0.6412	0.6514	0.5345	 TOP-7: 0.6276	0.6405	0.4981	 TOP-10: 0.6030	0.6217	0.4556
22	23.264866	 TOP-5 0.6396	0.6499	0.5325	 TOP-7: 0.6280	0.6402	0.4972	 TOP-10: 0.6033	0.6214	0.4553
23	23.263578	 TOP-5 0.6363	0.6494	0.5308	 TOP-7: 0.6276	0.6412	0.4978	 TOP-10: 0.6033	0.6223	0.4556
24	23.259367	 TOP-5 0.6341	0.6473	0.5283	 TOP-7: 0.6283	0.6412	0.4974	 TOP-10: 0.6022	0.6213	0.4546
25	23.258787	 TOP-5 0.6347	0.6468	0.5286	 TOP-7: 0.6283	0.6404	0.4968	 TOP-10: 0.6005	0.6195	0.4525
26	23.252441	 TOP-5 0.6325	0.6451	0.5263	 TOP-7: 0.6276	0.6394	0.4958	 TOP-10: 0.6016	0.6198	0.4529
27	23.243917	 TOP-5 0.6347	0.6476	0.5281	 TOP-7: 0.6252	0.6389	0.4950	 TOP-10: 0.6003	0.6196	0.4523
28	23.250870	 TOP-5 0.6374	0.6487	0.5299	 TOP-7: 0.6252	0.6384	0.4951	 TOP-10: 0.6003	0.6192	0.4519
29	23.250364	 TOP-5 0.6374	0.6476	0.5274	 TOP-7: 0.6241	0.6368	0.4933	 TOP-10: 0.5986	0.6174	0.4496
30	23.236170	 TOP-5 0.6379	0.6467	0.5270	 TOP-7: 0.6241	0.6359	0.4924	 TOP-10: 0.5981	0.6162	0.4487
31	23.243334	 TOP-5 0.6347	0.6436	0.5228	 TOP-7: 0.6210	0.6329	0.4887	 TOP-10: 0.5973	0.6147	0.4476
32	23.244259	 TOP-5 0.6320	0.6421	0.5211	 TOP-7: 0.6175	0.6308	0.4861	 TOP-10: 0.5962	0.6140	0.4467
33	23.237434	 TOP-5 0.6363	0.6440	0.5218	 TOP-7: 0.6148	0.6283	0.4832	 TOP-10: 0.5965	0.6135	0.4453
34	23.231472	 TOP-5 0.6309	0.6380	0.5145	 TOP-7: 0.6125	0.6246	0.4791	 TOP-10: 0.5932	0.6095	0.4415
35	23.234184	 TOP-5 0.6325	0.6348	0.5106	 TOP-7: 0.6098	0.6195	0.4733	 TOP-10: 0.5916	0.6054	0.4370
36	23.221838	 TOP-5 0.6347	0.6374	0.5127	 TOP-7: 0.6063	0.6182	0.4710	 TOP-10: 0.5900	0.6050	0.4358
37	23.214815	 TOP-5 0.6293	0.6321	0.5063	 TOP-7: 0.6032	0.6144	0.4660	 TOP-10: 0.5875	0.6017	0.4318
38	23.228163	 TOP-5 0.6255	0.6291	0.5028	 TOP-7: 0.6009	0.6120	0.4623	 TOP-10: 0.5873	0.6006	0.4304
39	23.224995	 TOP-5 0.6249	0.6297	0.5034	 TOP-7: 0.5950	0.6088	0.4583	 TOP-10: 0.5864	0.6003	0.4291
40	23.229910	 TOP-5 0.6222	0.6259	0.4988	 TOP-7: 0.5943	0.6065	0.4563	 TOP-10: 0.5851	0.5979	0.4269
41	23.212496	 TOP-5 0.6152	0.6201	0.4913	 TOP-7: 0.5935	0.6047	0.4535	 TOP-10: 0.5851	0.5967	0.4248
42	23.211002	 TOP-5 0.6098	0.6169	0.4878	 TOP-7: 0.5912	0.6031	0.4507	 TOP-10: 0.5829	0.5951	0.4226
43	23.223810	 TOP-5 0.6070	0.6136	0.4847	 TOP-7: 0.5877	0.5995	0.4476	 TOP-10: 0.5821	0.5933	0.4208
44	23.220179	 TOP-5 0.6076	0.6127	0.4844	 TOP-7: 0.5885	0.5990	0.4474	 TOP-10: 0.5829	0.5931	0.4210
45	23.217335	 TOP-5 0.6027	0.6076	0.4773	 TOP-7: 0.5869	0.5963	0.4439	 TOP-10: 0.5818	0.5910	0.4181
46	23.221792	 TOP-5 0.6022	0.6041	0.4732	 TOP-7: 0.5877	0.5941	0.4416	 TOP-10: 0.5821	0.5890	0.4164
47	23.220303	 TOP-5 0.5989	0.5998	0.4687	 TOP-7: 0.5881	0.5924	0.4394	 TOP-10: 0.5808	0.5866	0.4144
48	23.216900	 TOP-5 0.5935	0.5953	0.4645	 TOP-7: 0.5869	0.5905	0.4368	 TOP-10: 0.5816	0.5861	0.4131
49	23.222355	 TOP-5 0.5881	0.5913	0.4596	 TOP-7: 0.5850	0.5886	0.4346	 TOP-10: 0.5816	0.5854	0.4122
50	23.222254	 TOP-5 0.5886	0.5903	0.4581	 TOP-7: 0.5858	0.5879	0.4338	 TOP-10: 0.5810	0.5841	0.4110
51	23.217073	 TOP-5 0.5913	0.5918	0.4600	 TOP-7: 0.5869	0.5887	0.4356	 TOP-10: 0.5802	0.5837	0.4109
52	23.220659	 TOP-5 0.5897	0.5888	0.4566	 TOP-7: 0.5877	0.5875	0.4340	 TOP-10: 0.5813	0.5830	0.4102
53	23.225237	 TOP-5 0.5940	0.5921	0.4599	 TOP-7: 0.5892	0.5891	0.4354	 TOP-10: 0.5794	0.5824	0.4096
54	23.204660	 TOP-5 0.5935	0.5910	0.4589	 TOP-7: 0.5904	0.5893	0.4360	 TOP-10: 0.5808	0.5828	0.4103
55	23.205837	 TOP-5 0.5967	0.5940	0.4611	 TOP-7: 0.5889	0.5892	0.4357	 TOP-10: 0.5805	0.5833	0.4103
56	23.201546	 TOP-5 0.5924	0.5907	0.4583	 TOP-7: 0.5865	0.5872	0.4335	 TOP-10: 0.5808	0.5829	0.4099
57	23.222340	 TOP-5 0.5913	0.5890	0.4564	 TOP-7: 0.5908	0.5891	0.4350	 TOP-10: 0.5789	0.5812	0.4086
58	23.211777	 TOP-5 0.5913	0.5896	0.4567	 TOP-7: 0.5908	0.5896	0.4355	 TOP-10: 0.5810	0.5830	0.4103
59	23.210207	 TOP-5 0.5902	0.5878	0.4552	 TOP-7: 0.5896	0.5878	0.4335	 TOP-10: 0.5827	0.5831	0.4103
60	23.213135	 TOP-5 0.5902	0.5901	0.4568	 TOP-7: 0.5900	0.5900	0.4355	 TOP-10: 0.5802	0.5832	0.4100
61	23.209879	 TOP-5 0.5902	0.5892	0.4564	 TOP-7: 0.5908	0.5897	0.4359	 TOP-10: 0.5810	0.5831	0.4103
62	23.219490	 TOP-5 0.5902	0.5899	0.4573	 TOP-7: 0.5908	0.5902	0.4364	 TOP-10: 0.5797	0.5826	0.4098
63	23.213243	 TOP-5 0.5908	0.5895	0.4565	 TOP-7: 0.5900	0.5891	0.4348	 TOP-10: 0.5808	0.5828	0.4098
64	23.213331	 TOP-5 0.5902	0.5894	0.4573	 TOP-7: 0.5896	0.5891	0.4347	 TOP-10: 0.5805	0.5828	0.4100
65	23.209280	 TOP-5 0.5864	0.5861	0.4528	 TOP-7: 0.5889	0.5877	0.4328	 TOP-10: 0.5813	0.5826	0.4100
66	23.209063	 TOP-5 0.5870	0.5874	0.4546	 TOP-7: 0.5912	0.5900	0.4356	 TOP-10: 0.5802	0.5827	0.4100
67	23.206984	 TOP-5 0.5902	0.5888	0.4559	 TOP-7: 0.5900	0.5890	0.4346	 TOP-10: 0.5816	0.5833	0.4110
68	23.206835	 TOP-5 0.5897	0.5884	0.4551	 TOP-7: 0.5904	0.5890	0.4345	 TOP-10: 0.5799	0.5821	0.4093
69	23.211990	 TOP-5 0.5902	0.5884	0.4558	 TOP-7: 0.5904	0.5888	0.4345	 TOP-10: 0.5808	0.5825	0.4102
70	23.212946	 TOP-5 0.5973	0.5934	0.4608	 TOP-7: 0.5889	0.5883	0.4345	 TOP-10: 0.5821	0.5837	0.4113
71	23.217627	 TOP-5 0.5940	0.5913	0.4592	 TOP-7: 0.5912	0.5899	0.4363	 TOP-10: 0.5832	0.5845	0.4124
72	23.198673	 TOP-5 0.5940	0.5922	0.4596	 TOP-7: 0.5912	0.5906	0.4365	 TOP-10: 0.5837	0.5855	0.4134
73	23.207756	 TOP-5 0.5902	0.5894	0.4568	 TOP-7: 0.5919	0.5907	0.4366	 TOP-10: 0.5824	0.5843	0.4123
74	23.220537	 TOP-5 0.5892	0.5887	0.4565	 TOP-7: 0.5912	0.5900	0.4362	 TOP-10: 0.5818	0.5839	0.4115
75	23.218641	 TOP-5 0.5897	0.5878	0.4563	 TOP-7: 0.5885	0.5872	0.4332	 TOP-10: 0.5802	0.5818	0.4094
76	23.214212	 TOP-5 0.5924	0.5893	0.4582	 TOP-7: 0.5900	0.5882	0.4338	 TOP-10: 0.5805	0.5822	0.4100
77	23.228016	 TOP-5 0.5930	0.5895	0.4580	 TOP-7: 0.5881	0.5869	0.4326	 TOP-10: 0.5808	0.5822	0.4100
78	23.217037	 TOP-5 0.5957	0.5914	0.4597	 TOP-7: 0.5885	0.5874	0.4336	 TOP-10: 0.5818	0.5831	0.4109
79	23.201122	 TOP-5 0.5940	0.5909	0.4587	 TOP-7: 0.5896	0.5885	0.4343	 TOP-10: 0.5813	0.5830	0.4109
80	23.210127	 TOP-5 0.5957	0.5909	0.4592	 TOP-7: 0.5904	0.5881	0.4345	 TOP-10: 0.5816	0.5824	0.4104
81	23.216440	 TOP-5 0.5940	0.5893	0.4574	 TOP-7: 0.5885	0.5864	0.4327	 TOP-10: 0.5818	0.5822	0.4103
82	23.212181	 TOP-5 0.5962	0.5904	0.4586	 TOP-7: 0.5908	0.5878	0.4343	 TOP-10: 0.5818	0.5823	0.4109
83	23.219297	 TOP-5 0.5978	0.5917	0.4603	 TOP-7: 0.5896	0.5873	0.4336	 TOP-10: 0.5816	0.5823	0.4109
84	23.217316	 TOP-5 0.5940	0.5891	0.4579	 TOP-7: 0.5900	0.5873	0.4334	 TOP-10: 0.5824	0.5826	0.4107
85	23.201649	 TOP-5 0.5924	0.5870	0.4566	 TOP-7: 0.5873	0.5847	0.4313	 TOP-10: 0.5805	0.5806	0.4091
86	23.199474	 TOP-5 0.5908	0.5867	0.4557	 TOP-7: 0.5892	0.5865	0.4328	 TOP-10: 0.5816	0.5818	0.4100
87	23.211897	 TOP-5 0.5897	0.5871	0.4564	 TOP-7: 0.5869	0.5858	0.4319	 TOP-10: 0.5824	0.5828	0.4108
88	23.212986	 TOP-5 0.5881	0.5855	0.4541	 TOP-7: 0.5885	0.5863	0.4320	 TOP-10: 0.5816	0.5820	0.4100
89	23.212738	 TOP-5 0.5902	0.5869	0.4562	 TOP-7: 0.5896	0.5871	0.4335	 TOP-10: 0.5827	0.5828	0.4112
90	23.218769	 TOP-5 0.5940	0.5895	0.4590	 TOP-7: 0.5896	0.5874	0.4337	 TOP-10: 0.5840	0.5839	0.4117
91	23.222921	 TOP-5 0.5962	0.5905	0.4598	 TOP-7: 0.5908	0.5879	0.4348	 TOP-10: 0.5827	0.5829	0.4114
92	23.217001	 TOP-5 0.5967	0.5907	0.4607	 TOP-7: 0.5912	0.5881	0.4356	 TOP-10: 0.5824	0.5827	0.4116
93	23.214802	 TOP-5 0.5973	0.5904	0.4605	 TOP-7: 0.5900	0.5868	0.4345	 TOP-10: 0.5824	0.5823	0.4113
94	23.216215	 TOP-5 0.5973	0.5918	0.4614	 TOP-7: 0.5904	0.5883	0.4355	 TOP-10: 0.5837	0.5841	0.4127
95	23.208836	 TOP-5 0.5962	0.5909	0.4609	 TOP-7: 0.5892	0.5873	0.4345	 TOP-10: 0.5816	0.5825	0.4112
96	23.213379	 TOP-5 0.5962	0.5906	0.4604	 TOP-7: 0.5900	0.5876	0.4351	 TOP-10: 0.5835	0.5836	0.4126
97	23.207655	 TOP-5 0.5984	0.5909	0.4606	 TOP-7: 0.5900	0.5869	0.4350	 TOP-10: 0.5824	0.5824	0.4120
98	23.211996	 TOP-5 0.5978	0.5917	0.4610	 TOP-7: 0.5919	0.5889	0.4365	 TOP-10: 0.5821	0.5830	0.4121
99	23.207148	 TOP-5 0.5940	0.5885	0.4575	 TOP-7: 0.5881	0.5857	0.4331	 TOP-10: 0.5829	0.5827	0.4118
100	23.210312	 TOP-5 0.5951	0.5890	0.4585	 TOP-7: 0.5885	0.5858	0.4330	 TOP-10: 0.5827	0.5824	0.4114
101	23.207651	 TOP-5 0.5946	0.5886	0.4580	 TOP-7: 0.5900	0.5867	0.4345	 TOP-10: 0.5829	0.5825	0.4113
102	23.208832	 TOP-5 0.5946	0.5898	0.4591	 TOP-7: 0.5889	0.5870	0.4344	 TOP-10: 0.5848	0.5846	0.4134
103	23.217016	 TOP-5 0.5946	0.5894	0.4591	 TOP-7: 0.5885	0.5866	0.4343	 TOP-10: 0.5824	0.5829	0.4119
104	23.198542	 TOP-5 0.5935	0.5886	0.4579	 TOP-7: 0.5892	0.5869	0.4343	 TOP-10: 0.5810	0.5819	0.4109
105	23.214874	 TOP-5 0.5935	0.5896	0.4591	 TOP-7: 0.5900	0.5881	0.4353	 TOP-10: 0.5821	0.5831	0.4116
106	23.197702	 TOP-5 0.5924	0.5882	0.4573	 TOP-7: 0.5873	0.5857	0.4328	 TOP-10: 0.5827	0.5829	0.4115
107	23.214598	 TOP-5 0.5946	0.5904	0.4599	 TOP-7: 0.5892	0.5877	0.4354	 TOP-10: 0.5816	0.5828	0.4122
108	23.213379	 TOP-5 0.5951	0.5909	0.4604	 TOP-7: 0.5889	0.5877	0.4355	 TOP-10: 0.5824	0.5836	0.4130
109	23.195574	 TOP-5 0.5940	0.5905	0.4600	 TOP-7: 0.5881	0.5873	0.4350	 TOP-10: 0.5837	0.5845	0.4138
110	23.215410	 TOP-5 0.5951	0.5904	0.4599	 TOP-7: 0.5885	0.5869	0.4350	 TOP-10: 0.5840	0.5842	0.4136
111	23.206894	 TOP-5 0.5973	0.5918	0.4610	 TOP-7: 0.5923	0.5895	0.4373	 TOP-10: 0.5837	0.5843	0.4135
112	23.209824	 TOP-5 0.5940	0.5903	0.4595	 TOP-7: 0.5916	0.5893	0.4367	 TOP-10: 0.5837	0.5845	0.4136
113	23.214405	 TOP-5 0.5940	0.5890	0.4579	 TOP-7: 0.5927	0.5890	0.4363	 TOP-10: 0.5837	0.5837	0.4127
114	23.209715	 TOP-5 0.5924	0.5884	0.4577	 TOP-7: 0.5931	0.5895	0.4368	 TOP-10: 0.5824	0.5830	0.4119
115	23.196741	 TOP-5 0.5924	0.5885	0.4580	 TOP-7: 0.5923	0.5891	0.4365	 TOP-10: 0.5835	0.5838	0.4129
116	23.207191	 TOP-5 0.5902	0.5863	0.4564	 TOP-7: 0.5919	0.5882	0.4361	 TOP-10: 0.5818	0.5822	0.4117
117	23.221685	 TOP-5 0.5951	0.5897	0.4599	 TOP-7: 0.5927	0.5890	0.4373	 TOP-10: 0.5835	0.5835	0.4133
118	23.209316	 TOP-5 0.5908	0.5875	0.4574	 TOP-7: 0.5931	0.5897	0.4376	 TOP-10: 0.5851	0.5849	0.4140
119	23.200722	 TOP-5 0.5924	0.5876	0.4572	 TOP-7: 0.5919	0.5883	0.4358	 TOP-10: 0.5856	0.5846	0.4139
120	23.210917	 TOP-5 0.5930	0.5895	0.4588	 TOP-7: 0.5931	0.5903	0.4375	 TOP-10: 0.5840	0.5847	0.4135
121	23.211618	 TOP-5 0.5935	0.5900	0.4590	 TOP-7: 0.5931	0.5904	0.4372	 TOP-10: 0.5837	0.5846	0.4136
122	23.228500	 TOP-5 0.5946	0.5912	0.4604	 TOP-7: 0.5943	0.5916	0.4388	 TOP-10: 0.5832	0.5847	0.4136
123	23.215864	 TOP-5 0.5913	0.5894	0.4586	 TOP-7: 0.5935	0.5912	0.4377	 TOP-10: 0.5848	0.5858	0.4143
124	23.213148	 TOP-5 0.5940	0.5903	0.4595	 TOP-7: 0.5927	0.5901	0.4365	 TOP-10: 0.5827	0.5839	0.4125
125	23.217665	 TOP-5 0.5946	0.5909	0.4611	 TOP-7: 0.5927	0.5903	0.4372	 TOP-10: 0.5829	0.5842	0.4131
126	23.211849	 TOP-5 0.5924	0.5894	0.4591	 TOP-7: 0.5927	0.5902	0.4370	 TOP-10: 0.5827	0.5839	0.4126
127	23.216005	 TOP-5 0.5946	0.5920	0.4614	 TOP-7: 0.5935	0.5917	0.4385	 TOP-10: 0.5843	0.5857	0.4141
128	23.213516	 TOP-5 0.5940	0.5915	0.4607	 TOP-7: 0.5912	0.5899	0.4362	 TOP-10: 0.5827	0.5844	0.4124
129	23.209887	 TOP-5 0.5924	0.5896	0.4592	 TOP-7: 0.5927	0.5902	0.4370	 TOP-10: 0.5837	0.5845	0.4129
130	23.221010	 TOP-5 0.5951	0.5913	0.4610	 TOP-7: 0.5912	0.5894	0.4365	 TOP-10: 0.5824	0.5838	0.4122
131	23.203390	 TOP-5 0.5946	0.5913	0.4608	 TOP-7: 0.5927	0.5906	0.4377	 TOP-10: 0.5840	0.5851	0.4139
132	23.205149	 TOP-5 0.5924	0.5901	0.4594	 TOP-7: 0.5939	0.5915	0.4387	 TOP-10: 0.5840	0.5853	0.4139
133	23.208227	 TOP-5 0.5973	0.5929	0.4627	 TOP-7: 0.5947	0.5919	0.4395	 TOP-10: 0.5840	0.5853	0.4143
134	23.219704	 TOP-5 0.5973	0.5930	0.4624	 TOP-7: 0.5950	0.5922	0.4396	 TOP-10: 0.5835	0.5851	0.4141
135	23.216038	 TOP-5 0.5967	0.5933	0.4622	 TOP-7: 0.5935	0.5918	0.4387	 TOP-10: 0.5813	0.5840	0.4128
136	23.212908	 TOP-5 0.5919	0.5894	0.4584	 TOP-7: 0.5931	0.5906	0.4378	 TOP-10: 0.5816	0.5835	0.4121
137	23.210661	 TOP-5 0.5924	0.5897	0.4592	 TOP-7: 0.5927	0.5904	0.4374	 TOP-10: 0.5846	0.5853	0.4143
138	23.219175	 TOP-5 0.5930	0.5895	0.4590	 TOP-7: 0.5927	0.5901	0.4372	 TOP-10: 0.5851	0.5854	0.4141
139	23.202854	 TOP-5 0.5935	0.5905	0.4600	 TOP-7: 0.5931	0.5908	0.4380	 TOP-10: 0.5846	0.5855	0.4143
140	23.220400	 TOP-5 0.5897	0.5880	0.4574	 TOP-7: 0.5919	0.5898	0.4367	 TOP-10: 0.5837	0.5848	0.4132
141	23.217609	 TOP-5 0.5919	0.5896	0.4591	 TOP-7: 0.5919	0.5901	0.4366	 TOP-10: 0.5840	0.5851	0.4135
142	23.207670	 TOP-5 0.5940	0.5902	0.4595	 TOP-7: 0.5919	0.5895	0.4365	 TOP-10: 0.5843	0.5848	0.4136
143	23.219223	 TOP-5 0.5957	0.5915	0.4617	 TOP-7: 0.5931	0.5905	0.4379	 TOP-10: 0.5835	0.5845	0.4131
144	23.206404	 TOP-5 0.5951	0.5914	0.4607	 TOP-7: 0.5931	0.5907	0.4381	 TOP-10: 0.5832	0.5845	0.4130
145	23.215046	 TOP-5 0.5962	0.5922	0.4616	 TOP-7: 0.5931	0.5909	0.4383	 TOP-10: 0.5829	0.5845	0.4128
146	23.215710	 TOP-5 0.5984	0.5947	0.4634	 TOP-7: 0.5927	0.5916	0.4386	 TOP-10: 0.5840	0.5858	0.4141
147	23.205875	 TOP-5 0.5940	0.5919	0.4618	 TOP-7: 0.5919	0.5910	0.4383	 TOP-10: 0.5856	0.5869	0.4153
148	23.213848	 TOP-5 0.5962	0.5930	0.4620	 TOP-7: 0.5927	0.5913	0.4384	 TOP-10: 0.5856	0.5867	0.4151
149	23.215490	 TOP-5 0.5951	0.5922	0.4614	 TOP-7: 0.5939	0.5920	0.4393	 TOP-10: 0.5854	0.5865	0.4150
Final model saved after 150 epochs
Best model was from epoch 8 with NDCG10 = 0.6242
