# epoch	train_loss	precision5	NDCG5	MAP5	precision7	NDCG7	MAP7	precision10	NDCG10	MAP10
0	38.097885	 TOP-5 0.3598	0.5625	0.2459	 TOP-7: 0.3912	0.5738	0.2629	 TOP-10: 0.4464	0.5924	0.3095
New best model saved at epoch 0 with NDCG10 = 0.5924
1	32.482670	 TOP-5 0.3659	0.5787	0.2576	 TOP-7: 0.3951	0.5856	0.2721	 TOP-10: 0.4511	0.6030	0.3165
New best model saved at epoch 1 with NDCG10 = 0.6030
2	24.395714	 TOP-5 0.3946	0.6020	0.2868	 TOP-7: 0.4178	0.6063	0.2963	 TOP-10: 0.4675	0.6212	0.3368
New best model saved at epoch 2 with NDCG10 = 0.6212
3	24.432470	 TOP-5 0.4302	0.6275	0.3222	 TOP-7: 0.4504	0.6312	0.3288	 TOP-10: 0.4909	0.6423	0.3634
New best model saved at epoch 3 with NDCG10 = 0.6423
4	24.151234	 TOP-5 0.4520	0.6417	0.3411	 TOP-7: 0.4732	0.6467	0.3510	 TOP-10: 0.5094	0.6561	0.3829
New best model saved at epoch 4 with NDCG10 = 0.6561
5	24.220106	 TOP-5 0.4801	0.6627	0.3655	 TOP-7: 0.4989	0.6668	0.3743	 TOP-10: 0.5353	0.6767	0.4073
New best model saved at epoch 5 with NDCG10 = 0.6767
6	24.317543	 TOP-5 0.5211	0.6966	0.4110	 TOP-7: 0.5365	0.6986	0.4163	 TOP-10: 0.5708	0.7066	0.4482
New best model saved at epoch 6 with NDCG10 = 0.7066
7	24.414894	 TOP-5 0.5251	0.6992	0.4127	 TOP-7: 0.5421	0.7024	0.4196	 TOP-10: 0.5843	0.7142	0.4574
New best model saved at epoch 7 with NDCG10 = 0.7142
8	24.093199	 TOP-5 0.5293	0.7044	0.4210	 TOP-7: 0.5496	0.7073	0.4282	 TOP-10: 0.5847	0.7175	0.4603
New best model saved at epoch 8 with NDCG10 = 0.7175
9	24.014912	 TOP-5 0.5323	0.7056	0.4249	 TOP-7: 0.5516	0.7097	0.4306	 TOP-10: 0.5867	0.7194	0.4627
New best model saved at epoch 9 with NDCG10 = 0.7194
10	24.011114	 TOP-5 0.5465	0.7167	0.4420	 TOP-7: 0.5611	0.7181	0.4437	 TOP-10: 0.5926	0.7267	0.4728
New best model saved at epoch 10 with NDCG10 = 0.7267
11	24.074373	 TOP-5 0.5529	0.7222	0.4500	 TOP-7: 0.5688	0.7241	0.4541	 TOP-10: 0.5986	0.7321	0.4811
New best model saved at epoch 11 with NDCG10 = 0.7321
12	24.180910	 TOP-5 0.5671	0.7329	0.4672	 TOP-7: 0.5790	0.7332	0.4680	 TOP-10: 0.6006	0.7378	0.4885
New best model saved at epoch 12 with NDCG10 = 0.7378
13	24.340746	 TOP-5 0.5746	0.7386	0.4760	 TOP-7: 0.5842	0.7378	0.4748	 TOP-10: 0.6077	0.7429	0.4965
New best model saved at epoch 13 with NDCG10 = 0.7429
14	23.962259	 TOP-5 0.5767	0.7419	0.4801	 TOP-7: 0.5887	0.7426	0.4805	 TOP-10: 0.6116	0.7465	0.5009
New best model saved at epoch 14 with NDCG10 = 0.7465
15	24.083216	 TOP-5 0.5767	0.7421	0.4781	 TOP-7: 0.5887	0.7421	0.4796	 TOP-10: 0.6163	0.7487	0.5034
New best model saved at epoch 15 with NDCG10 = 0.7487
16	23.961103	 TOP-5 0.5785	0.7433	0.4807	 TOP-7: 0.5906	0.7437	0.4829	 TOP-10: 0.6162	0.7488	0.5058
New best model saved at epoch 16 with NDCG10 = 0.7488
17	24.018459	 TOP-5 0.5822	0.7456	0.4848	 TOP-7: 0.5915	0.7448	0.4844	 TOP-10: 0.6180	0.7500	0.5070
New best model saved at epoch 17 with NDCG10 = 0.7500
18	23.944548	 TOP-5 0.5855	0.7470	0.4869	 TOP-7: 0.5943	0.7450	0.4863	 TOP-10: 0.6199	0.7504	0.5089
New best model saved at epoch 18 with NDCG10 = 0.7504
19	23.924635	 TOP-5 0.5855	0.7478	0.4869	 TOP-7: 0.5956	0.7460	0.4873	 TOP-10: 0.6196	0.7506	0.5089
New best model saved at epoch 19 with NDCG10 = 0.7506
20	23.970459	 TOP-5 0.5867	0.7489	0.4885	 TOP-7: 0.5971	0.7476	0.4894	 TOP-10: 0.6221	0.7524	0.5107
New best model saved at epoch 20 with NDCG10 = 0.7524
21	23.968582	 TOP-5 0.5855	0.7474	0.4865	 TOP-7: 0.5952	0.7462	0.4868	 TOP-10: 0.6218	0.7513	0.5098
22	23.887577	 TOP-5 0.5846	0.7469	0.4863	 TOP-7: 0.5950	0.7459	0.4865	 TOP-10: 0.6215	0.7509	0.5097
23	23.935204	 TOP-5 0.5840	0.7475	0.4869	 TOP-7: 0.5967	0.7472	0.4879	 TOP-10: 0.6221	0.7515	0.5101
24	23.917879	 TOP-5 0.5870	0.7479	0.4879	 TOP-7: 0.5973	0.7470	0.4884	 TOP-10: 0.6215	0.7513	0.5099
25	23.993729	 TOP-5 0.5855	0.7476	0.4870	 TOP-7: 0.5969	0.7467	0.4882	 TOP-10: 0.6211	0.7508	0.5096
26	23.927551	 TOP-5 0.5894	0.7489	0.4905	 TOP-7: 0.5982	0.7476	0.4902	 TOP-10: 0.6219	0.7515	0.5109
27	23.915531	 TOP-5 0.5906	0.7515	0.4929	 TOP-7: 0.6006	0.7497	0.4925	 TOP-10: 0.6219	0.7527	0.5111
New best model saved at epoch 27 with NDCG10 = 0.7527
28	23.976610	 TOP-5 0.5894	0.7500	0.4915	 TOP-7: 0.5988	0.7484	0.4914	 TOP-10: 0.6231	0.7528	0.5119
New best model saved at epoch 28 with NDCG10 = 0.7528
29	24.109608	 TOP-5 0.5882	0.7499	0.4903	 TOP-7: 0.5995	0.7488	0.4920	 TOP-10: 0.6227	0.7526	0.5117
30	24.098312	 TOP-5 0.5891	0.7512	0.4918	 TOP-7: 0.5969	0.7485	0.4906	 TOP-10: 0.6227	0.7532	0.5119
New best model saved at epoch 30 with NDCG10 = 0.7532
31	23.916920	 TOP-5 0.5888	0.7504	0.4906	 TOP-7: 0.5971	0.7481	0.4895	 TOP-10: 0.6224	0.7525	0.5108
32	23.940046	 TOP-5 0.5888	0.7496	0.4903	 TOP-7: 0.6008	0.7492	0.4913	 TOP-10: 0.6227	0.7525	0.5107
33	23.895723	 TOP-5 0.5861	0.7487	0.4890	 TOP-7: 0.5973	0.7477	0.4897	 TOP-10: 0.6225	0.7527	0.5111
34	23.932964	 TOP-5 0.5858	0.7481	0.4877	 TOP-7: 0.5997	0.7484	0.4907	 TOP-10: 0.6211	0.7518	0.5099
35	23.951031	 TOP-5 0.5867	0.7487	0.4885	 TOP-7: 0.5973	0.7473	0.4887	 TOP-10: 0.6218	0.7520	0.5103
36	24.038660	 TOP-5 0.5867	0.7491	0.4890	 TOP-7: 0.5984	0.7478	0.4903	 TOP-10: 0.6211	0.7518	0.5103
37	23.823112	 TOP-5 0.5882	0.7494	0.4901	 TOP-7: 0.5988	0.7480	0.4902	 TOP-10: 0.6215	0.7521	0.5105
38	23.910048	 TOP-5 0.5852	0.7475	0.4877	 TOP-7: 0.5967	0.7471	0.4878	 TOP-10: 0.6227	0.7522	0.5103
39	23.860216	 TOP-5 0.5858	0.7483	0.4879	 TOP-7: 0.5986	0.7482	0.4892	 TOP-10: 0.6236	0.7528	0.5110
40	23.854733	 TOP-5 0.5891	0.7504	0.4922	 TOP-7: 0.5978	0.7481	0.4904	 TOP-10: 0.6227	0.7531	0.5121
41	23.893972	 TOP-5 0.5894	0.7505	0.4912	 TOP-7: 0.5999	0.7488	0.4911	 TOP-10: 0.6224	0.7529	0.5118
42	24.025635	 TOP-5 0.5873	0.7491	0.4900	 TOP-7: 0.5993	0.7484	0.4901	 TOP-10: 0.6210	0.7520	0.5102
43	23.843344	 TOP-5 0.5912	0.7506	0.4924	 TOP-7: 0.6021	0.7498	0.4928	 TOP-10: 0.6221	0.7530	0.5122
44	23.875971	 TOP-5 0.5849	0.7460	0.4874	 TOP-7: 0.5975	0.7459	0.4885	 TOP-10: 0.6227	0.7514	0.5103
45	23.838430	 TOP-5 0.5876	0.7487	0.4902	 TOP-7: 0.6016	0.7493	0.4920	 TOP-10: 0.6221	0.7524	0.5110
46	23.863537	 TOP-5 0.5882	0.7487	0.4907	 TOP-7: 0.5973	0.7472	0.4898	 TOP-10: 0.6216	0.7521	0.5103
47	23.893744	 TOP-5 0.5846	0.7464	0.4868	 TOP-7: 0.5971	0.7461	0.4884	 TOP-10: 0.6219	0.7514	0.5097
48	23.826683	 TOP-5 0.5870	0.7465	0.4884	 TOP-7: 0.5997	0.7470	0.4902	 TOP-10: 0.6224	0.7512	0.5098
49	23.834574	 TOP-5 0.5900	0.7493	0.4917	 TOP-7: 0.5995	0.7478	0.4910	 TOP-10: 0.6208	0.7512	0.5103
50	23.934265	 TOP-5 0.5906	0.7492	0.4922	 TOP-7: 0.6014	0.7487	0.4923	 TOP-10: 0.6219	0.7519	0.5116
51	23.797184	 TOP-5 0.5861	0.7464	0.4880	 TOP-7: 0.5986	0.7468	0.4899	 TOP-10: 0.6215	0.7509	0.5098
52	23.833956	 TOP-5 0.5888	0.7473	0.4894	 TOP-7: 0.5988	0.7463	0.4903	 TOP-10: 0.6221	0.7510	0.5102
53	23.794975	 TOP-5 0.5888	0.7478	0.4913	 TOP-7: 0.6014	0.7480	0.4931	 TOP-10: 0.6221	0.7514	0.5109
54	23.886923	 TOP-5 0.5894	0.7482	0.4911	 TOP-7: 0.6008	0.7477	0.4922	 TOP-10: 0.6225	0.7517	0.5105
55	23.898897	 TOP-5 0.5891	0.7469	0.4895	 TOP-7: 0.6021	0.7474	0.4916	 TOP-10: 0.6205	0.7503	0.5089
56	23.955044	 TOP-5 0.5867	0.7455	0.4880	 TOP-7: 0.6021	0.7472	0.4914	 TOP-10: 0.6227	0.7508	0.5106
57	23.960724	 TOP-5 0.5900	0.7472	0.4893	 TOP-7: 0.6016	0.7477	0.4916	 TOP-10: 0.6227	0.7512	0.5110
58	23.938627	 TOP-5 0.5864	0.7453	0.4858	 TOP-7: 0.6025	0.7470	0.4908	 TOP-10: 0.6254	0.7518	0.5119
59	23.993704	 TOP-5 0.5876	0.7459	0.4882	 TOP-7: 0.6008	0.7466	0.4911	 TOP-10: 0.6236	0.7513	0.5111
60	23.894753	 TOP-5 0.5855	0.7456	0.4870	 TOP-7: 0.5982	0.7461	0.4903	 TOP-10: 0.6236	0.7515	0.5109
61	23.959303	 TOP-5 0.5876	0.7468	0.4890	 TOP-7: 0.6010	0.7472	0.4928	 TOP-10: 0.6219	0.7513	0.5111
62	23.849901	 TOP-5 0.5876	0.7472	0.4897	 TOP-7: 0.5975	0.7461	0.4895	 TOP-10: 0.6210	0.7511	0.5099
63	23.820608	 TOP-5 0.5858	0.7448	0.4865	 TOP-7: 0.5993	0.7459	0.4895	 TOP-10: 0.6240	0.7514	0.5109
64	23.867086	 TOP-5 0.5882	0.7467	0.4882	 TOP-7: 0.5973	0.7457	0.4885	 TOP-10: 0.6219	0.7514	0.5096
65	23.857956	 TOP-5 0.5897	0.7479	0.4903	 TOP-7: 0.6029	0.7482	0.4936	 TOP-10: 0.6249	0.7527	0.5133
66	23.821175	 TOP-5 0.5909	0.7478	0.4896	 TOP-7: 0.6021	0.7471	0.4922	 TOP-10: 0.6260	0.7526	0.5135
67	23.840212	 TOP-5 0.5879	0.7471	0.4895	 TOP-7: 0.6027	0.7479	0.4931	 TOP-10: 0.6243	0.7525	0.5131
68	23.753946	 TOP-5 0.5873	0.7458	0.4892	 TOP-7: 0.6006	0.7468	0.4915	 TOP-10: 0.6227	0.7513	0.5111
69	23.868793	 TOP-5 0.5885	0.7462	0.4890	 TOP-7: 0.6006	0.7468	0.4913	 TOP-10: 0.6231	0.7516	0.5116
70	23.846664	 TOP-5 0.5855	0.7448	0.4875	 TOP-7: 0.6016	0.7467	0.4922	 TOP-10: 0.6252	0.7520	0.5129
71	23.814503	 TOP-5 0.5879	0.7458	0.4884	 TOP-7: 0.5982	0.7457	0.4888	 TOP-10: 0.6243	0.7519	0.5116
72	23.906702	 TOP-5 0.5861	0.7445	0.4871	 TOP-7: 0.6001	0.7466	0.4902	 TOP-10: 0.6248	0.7514	0.5119
73	24.036156	 TOP-5 0.5882	0.7463	0.4897	 TOP-7: 0.6034	0.7484	0.4936	 TOP-10: 0.6252	0.7525	0.5134
74	23.799686	 TOP-5 0.5897	0.7475	0.4902	 TOP-7: 0.6008	0.7474	0.4924	 TOP-10: 0.6240	0.7522	0.5122
75	23.820166	 TOP-5 0.5879	0.7444	0.4862	 TOP-7: 0.6006	0.7454	0.4902	 TOP-10: 0.6248	0.7511	0.5119
76	23.898712	 TOP-5 0.5861	0.7447	0.4864	 TOP-7: 0.6010	0.7461	0.4909	 TOP-10: 0.6245	0.7513	0.5119
77	23.928411	 TOP-5 0.5879	0.7468	0.4890	 TOP-7: 0.6029	0.7481	0.4931	 TOP-10: 0.6236	0.7517	0.5120
78	23.948706	 TOP-5 0.5855	0.7439	0.4851	 TOP-7: 0.6003	0.7456	0.4895	 TOP-10: 0.6234	0.7506	0.5107
79	23.790911	 TOP-5 0.5864	0.7443	0.4863	 TOP-7: 0.5993	0.7448	0.4894	 TOP-10: 0.6231	0.7506	0.5106
80	23.929281	 TOP-5 0.5837	0.7442	0.4864	 TOP-7: 0.5999	0.7458	0.4901	 TOP-10: 0.6224	0.7513	0.5103
81	23.881516	 TOP-5 0.5864	0.7437	0.4857	 TOP-7: 0.5967	0.7435	0.4865	 TOP-10: 0.6224	0.7499	0.5088
82	23.825983	 TOP-5 0.5879	0.7448	0.4878	 TOP-7: 0.5980	0.7445	0.4883	 TOP-10: 0.6231	0.7507	0.5103
83	23.991203	 TOP-5 0.5840	0.7444	0.4856	 TOP-7: 0.5986	0.7453	0.4885	 TOP-10: 0.6242	0.7515	0.5113
84	23.791151	 TOP-5 0.5840	0.7433	0.4842	 TOP-7: 0.5973	0.7434	0.4864	 TOP-10: 0.6248	0.7508	0.5108
85	23.826294	 TOP-5 0.5837	0.7428	0.4850	 TOP-7: 0.5958	0.7440	0.4858	 TOP-10: 0.6233	0.7503	0.5096
86	23.836021	 TOP-5 0.5840	0.7443	0.4845	 TOP-7: 0.5999	0.7457	0.4887	 TOP-10: 0.6245	0.7512	0.5113
87	24.013716	 TOP-5 0.5828	0.7434	0.4846	 TOP-7: 0.5969	0.7446	0.4867	 TOP-10: 0.6251	0.7515	0.5111
88	23.886484	 TOP-5 0.5807	0.7412	0.4836	 TOP-7: 0.5965	0.7438	0.4865	 TOP-10: 0.6240	0.7507	0.5103
89	23.866905	 TOP-5 0.5840	0.7432	0.4858	 TOP-7: 0.5997	0.7450	0.4893	 TOP-10: 0.6249	0.7511	0.5115
90	23.863012	 TOP-5 0.5831	0.7434	0.4836	 TOP-7: 0.6012	0.7453	0.4892	 TOP-10: 0.6245	0.7508	0.5106
91	23.977415	 TOP-5 0.5825	0.7423	0.4842	 TOP-7: 0.5941	0.7426	0.4851	 TOP-10: 0.6258	0.7512	0.5115
92	23.857674	 TOP-5 0.5837	0.7433	0.4848	 TOP-7: 0.6008	0.7450	0.4896	 TOP-10: 0.6263	0.7516	0.5121
93	23.860432	 TOP-5 0.5858	0.7454	0.4857	 TOP-7: 0.5986	0.7449	0.4885	 TOP-10: 0.6233	0.7509	0.5112
94	23.877605	 TOP-5 0.5837	0.7438	0.4838	 TOP-7: 0.5969	0.7441	0.4867	 TOP-10: 0.6221	0.7499	0.5094
95	23.975279	 TOP-5 0.5846	0.7449	0.4861	 TOP-7: 0.5973	0.7451	0.4882	 TOP-10: 0.6230	0.7513	0.5104
96	23.936436	 TOP-5 0.5849	0.7441	0.4857	 TOP-7: 0.5967	0.7438	0.4873	 TOP-10: 0.6255	0.7512	0.5117
97	23.897665	 TOP-5 0.5858	0.7438	0.4852	 TOP-7: 0.5975	0.7436	0.4875	 TOP-10: 0.6204	0.7490	0.5081
98	23.761950	 TOP-5 0.5819	0.7435	0.4851	 TOP-7: 0.6029	0.7465	0.4922	 TOP-10: 0.6245	0.7516	0.5112
99	23.919964	 TOP-5 0.5858	0.7447	0.4865	 TOP-7: 0.5967	0.7441	0.4877	 TOP-10: 0.6234	0.7506	0.5108
100	23.920683	 TOP-5 0.5822	0.7428	0.4843	 TOP-7: 0.5986	0.7450	0.4883	 TOP-10: 0.6240	0.7510	0.5108
101	23.903288	 TOP-5 0.5858	0.7440	0.4868	 TOP-7: 0.5956	0.7434	0.4867	 TOP-10: 0.6245	0.7507	0.5115
102	23.877174	 TOP-5 0.5807	0.7411	0.4816	 TOP-7: 0.5999	0.7447	0.4883	 TOP-10: 0.6225	0.7500	0.5096
103	23.871065	 TOP-5 0.5834	0.7432	0.4855	 TOP-7: 0.5982	0.7445	0.4883	 TOP-10: 0.6221	0.7502	0.5098
104	23.842169	 TOP-5 0.5819	0.7420	0.4819	 TOP-7: 0.5969	0.7432	0.4870	 TOP-10: 0.6243	0.7504	0.5103
105	23.761183	 TOP-5 0.5882	0.7450	0.4897	 TOP-7: 0.6006	0.7455	0.4912	 TOP-10: 0.6257	0.7516	0.5131
106	23.799055	 TOP-5 0.5900	0.7459	0.4888	 TOP-7: 0.5999	0.7453	0.4899	 TOP-10: 0.6263	0.7521	0.5125
107	23.938046	 TOP-5 0.5843	0.7441	0.4854	 TOP-7: 0.5995	0.7454	0.4898	 TOP-10: 0.6240	0.7514	0.5111
108	23.851818	 TOP-5 0.5837	0.7440	0.4853	 TOP-7: 0.5999	0.7453	0.4908	 TOP-10: 0.6248	0.7516	0.5124
109	23.851521	 TOP-5 0.5876	0.7457	0.4870	 TOP-7: 0.6025	0.7467	0.4921	 TOP-10: 0.6249	0.7512	0.5128
110	23.825941	 TOP-5 0.5867	0.7458	0.4885	 TOP-7: 0.5982	0.7456	0.4894	 TOP-10: 0.6233	0.7507	0.5111
111	23.972708	 TOP-5 0.5810	0.7422	0.4819	 TOP-7: 0.6001	0.7450	0.4892	 TOP-10: 0.6222	0.7495	0.5098
112	23.929054	 TOP-5 0.5852	0.7445	0.4856	 TOP-7: 0.5991	0.7449	0.4890	 TOP-10: 0.6207	0.7495	0.5094
113	23.764774	 TOP-5 0.5846	0.7440	0.4851	 TOP-7: 0.6001	0.7457	0.4898	 TOP-10: 0.6230	0.7503	0.5098
114	23.840147	 TOP-5 0.5825	0.7421	0.4821	 TOP-7: 0.5995	0.7447	0.4878	 TOP-10: 0.6222	0.7492	0.5087
115	23.849266	 TOP-5 0.5828	0.7428	0.4831	 TOP-7: 0.5965	0.7441	0.4854	 TOP-10: 0.6236	0.7503	0.5092
116	23.820356	 TOP-5 0.5819	0.7415	0.4824	 TOP-7: 0.5973	0.7435	0.4864	 TOP-10: 0.6242	0.7500	0.5100
117	23.890144	 TOP-5 0.5888	0.7467	0.4877	 TOP-7: 0.5958	0.7441	0.4871	 TOP-10: 0.6236	0.7511	0.5102
118	23.775307	 TOP-5 0.5876	0.7450	0.4861	 TOP-7: 0.5975	0.7445	0.4875	 TOP-10: 0.6237	0.7507	0.5108
119	23.833426	 TOP-5 0.5867	0.7464	0.4888	 TOP-7: 0.5991	0.7468	0.4904	 TOP-10: 0.6260	0.7525	0.5130
120	23.895210	 TOP-5 0.5846	0.7440	0.4848	 TOP-7: 0.6006	0.7456	0.4897	 TOP-10: 0.6237	0.7511	0.5107
121	23.913630	 TOP-5 0.5858	0.7448	0.4860	 TOP-7: 0.5982	0.7455	0.4887	 TOP-10: 0.6228	0.7503	0.5103
122	23.837088	 TOP-5 0.5858	0.7445	0.4869	 TOP-7: 0.5973	0.7450	0.4889	 TOP-10: 0.6236	0.7507	0.5113
123	23.886955	 TOP-5 0.5828	0.7440	0.4852	 TOP-7: 0.5952	0.7440	0.4868	 TOP-10: 0.6242	0.7514	0.5111
124	23.853027	 TOP-5 0.5819	0.7430	0.4844	 TOP-7: 0.5973	0.7444	0.4880	 TOP-10: 0.6246	0.7510	0.5119
125	23.758589	 TOP-5 0.5873	0.7453	0.4872	 TOP-7: 0.5975	0.7452	0.4877	 TOP-10: 0.6225	0.7503	0.5106
126	23.856659	 TOP-5 0.5861	0.7445	0.4866	 TOP-7: 0.5973	0.7449	0.4877	 TOP-10: 0.6233	0.7506	0.5108
127	23.892189	 TOP-5 0.5876	0.7455	0.4885	 TOP-7: 0.5958	0.7448	0.4883	 TOP-10: 0.6219	0.7508	0.5105
128	23.998257	 TOP-5 0.5885	0.7455	0.4889	 TOP-7: 0.5986	0.7453	0.4895	 TOP-10: 0.6222	0.7502	0.5109
129	23.881800	 TOP-5 0.5840	0.7439	0.4853	 TOP-7: 0.5988	0.7458	0.4889	 TOP-10: 0.6251	0.7511	0.5121
130	23.919104	 TOP-5 0.5879	0.7457	0.4889	 TOP-7: 0.5984	0.7453	0.4896	 TOP-10: 0.6239	0.7505	0.5121
131	23.854153	 TOP-5 0.5825	0.7431	0.4851	 TOP-7: 0.5954	0.7439	0.4877	 TOP-10: 0.6245	0.7505	0.5115
132	23.964756	 TOP-5 0.5831	0.7421	0.4835	 TOP-7: 0.5960	0.7430	0.4866	 TOP-10: 0.6257	0.7503	0.5114
133	23.909492	 TOP-5 0.5879	0.7456	0.4866	 TOP-7: 0.5971	0.7445	0.4872	 TOP-10: 0.6222	0.7500	0.5101
134	23.841736	 TOP-5 0.5858	0.7439	0.4861	 TOP-7: 0.5978	0.7442	0.4874	 TOP-10: 0.6227	0.7495	0.5096
135	23.942835	 TOP-5 0.5888	0.7464	0.4888	 TOP-7: 0.5978	0.7455	0.4896	 TOP-10: 0.6218	0.7503	0.5108
136	23.924101	 TOP-5 0.5864	0.7461	0.4869	 TOP-7: 0.5971	0.7454	0.4887	 TOP-10: 0.6201	0.7500	0.5096
137	23.879078	 TOP-5 0.5843	0.7442	0.4865	 TOP-7: 0.5941	0.7435	0.4864	 TOP-10: 0.6213	0.7494	0.5094
138	23.900820	 TOP-5 0.5840	0.7444	0.4869	 TOP-7: 0.5988	0.7452	0.4902	 TOP-10: 0.6227	0.7502	0.5112
139	23.883192	 TOP-5 0.5840	0.7438	0.4850	 TOP-7: 0.5978	0.7446	0.4883	 TOP-10: 0.6243	0.7510	0.5120
140	23.763830	 TOP-5 0.5837	0.7443	0.4853	 TOP-7: 0.5978	0.7453	0.4878	 TOP-10: 0.6221	0.7503	0.5107
141	23.926542	 TOP-5 0.5876	0.7451	0.4865	 TOP-7: 0.5980	0.7447	0.4880	 TOP-10: 0.6215	0.7494	0.5097
142	23.768887	 TOP-5 0.5858	0.7444	0.4854	 TOP-7: 0.5960	0.7435	0.4876	 TOP-10: 0.6228	0.7498	0.5109
143	23.836121	 TOP-5 0.5867	0.7459	0.4887	 TOP-7: 0.5973	0.7455	0.4894	 TOP-10: 0.6258	0.7524	0.5137
144	23.880308	 TOP-5 0.5819	0.7431	0.4844	 TOP-7: 0.5956	0.7439	0.4868	 TOP-10: 0.6230	0.7503	0.5107
145	23.840904	 TOP-5 0.5894	0.7471	0.4905	 TOP-7: 0.5978	0.7457	0.4898	 TOP-10: 0.6231	0.7509	0.5118
146	23.873846	 TOP-5 0.5864	0.7450	0.4858	 TOP-7: 0.5999	0.7457	0.4890	 TOP-10: 0.6246	0.7512	0.5118
147	23.833197	 TOP-5 0.5867	0.7441	0.4856	 TOP-7: 0.5991	0.7448	0.4879	 TOP-10: 0.6221	0.7500	0.5092
148	23.942503	 TOP-5 0.5873	0.7461	0.4874	 TOP-7: 0.6008	0.7470	0.4899	 TOP-10: 0.6225	0.7510	0.5106
149	23.981762	 TOP-5 0.5867	0.7460	0.4876	 TOP-7: 0.5995	0.7468	0.4898	 TOP-10: 0.6231	0.7512	0.5119
Final model saved after 150 epochs
Best model was from epoch 30 with NDCG10 = 0.7532
