# epoch	train_loss	precision5	NDCG5	MAP5	precision7	NDCG7	MAP7	precision10	NDCG10	MAP10
0	23.667349	 TOP-5 0.5000	0.4589	0.3666	 TOP-7: 0.6234	0.5106	0.5104	 TOP-10: 0.8061	0.6081	0.7516
New best model saved at epoch 0 with NDCG10 = 0.6081
1	23.663015	 TOP-5 0.5242	0.4920	0.3943	 TOP-7: 0.6234	0.5277	0.5221	 TOP-10: 0.7985	0.6209	0.7503
New best model saved at epoch 1 with NDCG10 = 0.6209
2	23.660095	 TOP-5 0.5273	0.5064	0.4052	 TOP-7: 0.6472	0.5562	0.5450	 TOP-10: 0.8091	0.6435	0.7613
New best model saved at epoch 2 with NDCG10 = 0.6435
3	23.645210	 TOP-5 0.5545	0.5208	0.4252	 TOP-7: 0.6732	0.5753	0.5691	 TOP-10: 0.8182	0.6494	0.7697
New best model saved at epoch 3 with NDCG10 = 0.6494
4	23.643219	 TOP-5 0.5515	0.5345	0.4445	 TOP-7: 0.6494	0.5680	0.5630	 TOP-10: 0.8182	0.6589	0.7704
New best model saved at epoch 4 with NDCG10 = 0.6589
5	23.647097	 TOP-5 0.5818	0.5477	0.4568	 TOP-7: 0.6797	0.5886	0.5854	 TOP-10: 0.8273	0.6655	0.7786
New best model saved at epoch 5 with NDCG10 = 0.6655
6	23.624388	 TOP-5 0.6212	0.5987	0.5063	 TOP-7: 0.6775	0.6120	0.5969	 TOP-10: 0.8364	0.6966	0.7891
New best model saved at epoch 6 with NDCG10 = 0.6966
7	23.616224	 TOP-5 0.6152	0.5963	0.5051	 TOP-7: 0.6818	0.6151	0.6000	 TOP-10: 0.8258	0.6901	0.7825
8	23.609362	 TOP-5 0.6152	0.5938	0.5031	 TOP-7: 0.7056	0.6303	0.6184	 TOP-10: 0.8439	0.7033	0.8022
New best model saved at epoch 8 with NDCG10 = 0.7033
9	23.610680	 TOP-5 0.6121	0.5952	0.5006	 TOP-7: 0.7100	0.6373	0.6274	 TOP-10: 0.8530	0.7158	0.8097
New best model saved at epoch 9 with NDCG10 = 0.7158
10	23.578564	 TOP-5 0.6303	0.6106	0.5141	 TOP-7: 0.7273	0.6512	0.6391	 TOP-10: 0.8530	0.7188	0.8095
New best model saved at epoch 10 with NDCG10 = 0.7188
11	23.588774	 TOP-5 0.6333	0.6297	0.5394	 TOP-7: 0.7273	0.6663	0.6496	 TOP-10: 0.8530	0.7336	0.8141
New best model saved at epoch 11 with NDCG10 = 0.7336
12	23.579893	 TOP-5 0.6485	0.6462	0.5541	 TOP-7: 0.7100	0.6624	0.6421	 TOP-10: 0.8576	0.7421	0.8185
New best model saved at epoch 12 with NDCG10 = 0.7421
13	23.562504	 TOP-5 0.6424	0.6375	0.5487	 TOP-7: 0.7273	0.6697	0.6533	 TOP-10: 0.8561	0.7395	0.8189
14	23.551416	 TOP-5 0.6606	0.6526	0.5614	 TOP-7: 0.7338	0.6792	0.6587	 TOP-10: 0.8591	0.7469	0.8219
New best model saved at epoch 14 with NDCG10 = 0.7469
15	23.544270	 TOP-5 0.6727	0.6686	0.5770	 TOP-7: 0.7403	0.6908	0.6689	 TOP-10: 0.8667	0.7617	0.8334
New best model saved at epoch 15 with NDCG10 = 0.7617
16	23.515646	 TOP-5 0.6909	0.6873	0.6079	 TOP-7: 0.7316	0.6916	0.6669	 TOP-10: 0.8621	0.7647	0.8278
New best model saved at epoch 16 with NDCG10 = 0.7647
17	23.522318	 TOP-5 0.6939	0.6833	0.6048	 TOP-7: 0.7424	0.6934	0.6741	 TOP-10: 0.8652	0.7610	0.8315
18	23.499035	 TOP-5 0.6939	0.6993	0.6180	 TOP-7: 0.7403	0.7050	0.6764	 TOP-10: 0.8682	0.7772	0.8390
New best model saved at epoch 18 with NDCG10 = 0.7772
19	23.491932	 TOP-5 0.7000	0.6972	0.6225	 TOP-7: 0.7381	0.6991	0.6726	 TOP-10: 0.8621	0.7694	0.8308
20	23.468954	 TOP-5 0.7000	0.7016	0.6217	 TOP-7: 0.7468	0.7086	0.6782	 TOP-10: 0.8652	0.7751	0.8332
21	23.463516	 TOP-5 0.7121	0.7220	0.6421	 TOP-7: 0.7468	0.7215	0.6881	 TOP-10: 0.8697	0.7899	0.8392
New best model saved at epoch 21 with NDCG10 = 0.7899
22	23.452084	 TOP-5 0.6970	0.7104	0.6355	 TOP-7: 0.7446	0.7177	0.6864	 TOP-10: 0.8682	0.7858	0.8375
23	23.442093	 TOP-5 0.7121	0.7233	0.6450	 TOP-7: 0.7511	0.7265	0.6919	 TOP-10: 0.8652	0.7875	0.8365
24	23.418804	 TOP-5 0.7182	0.7325	0.6519	 TOP-7: 0.7554	0.7340	0.6982	 TOP-10: 0.8697	0.7952	0.8400
New best model saved at epoch 24 with NDCG10 = 0.7952
25	23.400620	 TOP-5 0.7242	0.7322	0.6528	 TOP-7: 0.7468	0.7241	0.6904	 TOP-10: 0.8667	0.7885	0.8388
26	23.380789	 TOP-5 0.7333	0.7370	0.6621	 TOP-7: 0.7489	0.7257	0.7012	 TOP-10: 0.8682	0.7886	0.8390
27	23.374935	 TOP-5 0.7424	0.7477	0.6744	 TOP-7: 0.7619	0.7401	0.7152	 TOP-10: 0.8727	0.7968	0.8439
New best model saved at epoch 27 with NDCG10 = 0.7968
28	23.352154	 TOP-5 0.7364	0.7429	0.6640	 TOP-7: 0.7597	0.7371	0.7131	 TOP-10: 0.8682	0.7917	0.8409
29	23.345995	 TOP-5 0.7303	0.7380	0.6635	 TOP-7: 0.7619	0.7376	0.7178	 TOP-10: 0.8697	0.7918	0.8429
30	23.332750	 TOP-5 0.7242	0.7395	0.6637	 TOP-7: 0.7576	0.7395	0.7151	 TOP-10: 0.8682	0.7954	0.8412
31	23.317554	 TOP-5 0.7455	0.7514	0.6759	 TOP-7: 0.7641	0.7435	0.7208	 TOP-10: 0.8667	0.7937	0.8397
32	23.312170	 TOP-5 0.7333	0.7470	0.6713	 TOP-7: 0.7597	0.7431	0.7184	 TOP-10: 0.8667	0.7963	0.8404
33	23.298128	 TOP-5 0.7394	0.7505	0.6747	 TOP-7: 0.7619	0.7433	0.7209	 TOP-10: 0.8682	0.7965	0.8420
34	23.294092	 TOP-5 0.7455	0.7559	0.6820	 TOP-7: 0.7619	0.7442	0.7231	 TOP-10: 0.8682	0.7972	0.8431
New best model saved at epoch 34 with NDCG10 = 0.7972
35	23.290993	 TOP-5 0.7455	0.7566	0.6828	 TOP-7: 0.7554	0.7409	0.7163	 TOP-10: 0.8697	0.7993	0.8440
New best model saved at epoch 35 with NDCG10 = 0.7993
36	23.288380	 TOP-5 0.7455	0.7551	0.6813	 TOP-7: 0.7576	0.7410	0.7180	 TOP-10: 0.8712	0.7990	0.8451
37	23.286430	 TOP-5 0.7424	0.7558	0.6832	 TOP-7: 0.7576	0.7436	0.7180	 TOP-10: 0.8682	0.7996	0.8425
New best model saved at epoch 37 with NDCG10 = 0.7996
38	23.285021	 TOP-5 0.7455	0.7579	0.6842	 TOP-7: 0.7619	0.7462	0.7217	 TOP-10: 0.8667	0.7983	0.8413
39	23.284361	 TOP-5 0.7455	0.7588	0.6873	 TOP-7: 0.7684	0.7516	0.7278	 TOP-10: 0.8682	0.8007	0.8430
New best model saved at epoch 39 with NDCG10 = 0.8007
40	23.284262	 TOP-5 0.7485	0.7629	0.6892	 TOP-7: 0.7641	0.7502	0.7242	 TOP-10: 0.8697	0.8041	0.8438
New best model saved at epoch 40 with NDCG10 = 0.8041
41	23.283808	 TOP-5 0.7455	0.7639	0.6917	 TOP-7: 0.7641	0.7533	0.7262	 TOP-10: 0.8712	0.8079	0.8460
New best model saved at epoch 41 with NDCG10 = 0.8079
42	23.283592	 TOP-5 0.7485	0.7670	0.6946	 TOP-7: 0.7619	0.7527	0.7240	 TOP-10: 0.8697	0.8069	0.8443
43	23.283339	 TOP-5 0.7455	0.7644	0.6919	 TOP-7: 0.7576	0.7488	0.7198	 TOP-10: 0.8682	0.8051	0.8427
44	23.282867	 TOP-5 0.7455	0.7632	0.6920	 TOP-7: 0.7641	0.7529	0.7256	 TOP-10: 0.8682	0.8049	0.8427
45	23.282459	 TOP-5 0.7485	0.7663	0.6945	 TOP-7: 0.7641	0.7541	0.7265	 TOP-10: 0.8667	0.8040	0.8413
46	23.281874	 TOP-5 0.7515	0.7678	0.6965	 TOP-7: 0.7641	0.7543	0.7257	 TOP-10: 0.8667	0.8036	0.8412
47	23.282185	 TOP-5 0.7515	0.7630	0.6952	 TOP-7: 0.7662	0.7515	0.7279	 TOP-10: 0.8652	0.7982	0.8398
48	23.281881	 TOP-5 0.7606	0.7686	0.7039	 TOP-7: 0.7641	0.7497	0.7274	 TOP-10: 0.8682	0.8011	0.8433
49	23.281528	 TOP-5 0.7576	0.7662	0.7037	 TOP-7: 0.7641	0.7492	0.7287	 TOP-10: 0.8682	0.7996	0.8433
50	23.281414	 TOP-5 0.7606	0.7677	0.7041	 TOP-7: 0.7662	0.7508	0.7305	 TOP-10: 0.8712	0.8027	0.8462
51	23.281069	 TOP-5 0.7606	0.7679	0.7042	 TOP-7: 0.7597	0.7463	0.7244	 TOP-10: 0.8682	0.7995	0.8432
52	23.280966	 TOP-5 0.7545	0.7634	0.6985	 TOP-7: 0.7641	0.7485	0.7262	 TOP-10: 0.8697	0.7999	0.8443
53	23.280785	 TOP-5 0.7545	0.7643	0.7004	 TOP-7: 0.7662	0.7504	0.7287	 TOP-10: 0.8697	0.8018	0.8452
54	23.280436	 TOP-5 0.7545	0.7648	0.7002	 TOP-7: 0.7684	0.7521	0.7311	 TOP-10: 0.8682	0.8002	0.8440
55	23.280235	 TOP-5 0.7545	0.7656	0.7023	 TOP-7: 0.7662	0.7517	0.7293	 TOP-10: 0.8682	0.8010	0.8439
56	23.279766	 TOP-5 0.7576	0.7679	0.7042	 TOP-7: 0.7662	0.7517	0.7292	 TOP-10: 0.8697	0.8035	0.8455
57	23.279800	 TOP-5 0.7576	0.7681	0.7045	 TOP-7: 0.7597	0.7476	0.7240	 TOP-10: 0.8682	0.8012	0.8437
58	23.279753	 TOP-5 0.7606	0.7688	0.7061	 TOP-7: 0.7662	0.7510	0.7288	 TOP-10: 0.8682	0.8004	0.8438
59	23.279734	 TOP-5 0.7606	0.7693	0.7069	 TOP-7: 0.7641	0.7497	0.7258	 TOP-10: 0.8682	0.8007	0.8434
60	23.279371	 TOP-5 0.7576	0.7666	0.7046	 TOP-7: 0.7662	0.7506	0.7276	 TOP-10: 0.8667	0.7989	0.8418
61	23.279268	 TOP-5 0.7545	0.7640	0.7015	 TOP-7: 0.7662	0.7502	0.7265	 TOP-10: 0.8652	0.7973	0.8402
62	23.278921	 TOP-5 0.7545	0.7642	0.7004	 TOP-7: 0.7684	0.7525	0.7305	 TOP-10: 0.8682	0.8005	0.8431
63	23.279026	 TOP-5 0.7485	0.7602	0.6967	 TOP-7: 0.7706	0.7538	0.7311	 TOP-10: 0.8667	0.7989	0.8415
64	23.279018	 TOP-5 0.7485	0.7601	0.6958	 TOP-7: 0.7684	0.7523	0.7299	 TOP-10: 0.8667	0.7990	0.8412
65	23.278696	 TOP-5 0.7485	0.7596	0.6959	 TOP-7: 0.7706	0.7532	0.7311	 TOP-10: 0.8652	0.7975	0.8394
66	23.278814	 TOP-5 0.7576	0.7658	0.7029	 TOP-7: 0.7684	0.7522	0.7288	 TOP-10: 0.8652	0.7982	0.8403
67	23.278463	 TOP-5 0.7606	0.7681	0.7056	 TOP-7: 0.7706	0.7540	0.7310	 TOP-10: 0.8652	0.7985	0.8407
68	23.278257	 TOP-5 0.7606	0.7684	0.7058	 TOP-7: 0.7706	0.7544	0.7313	 TOP-10: 0.8667	0.7999	0.8416
69	23.278109	 TOP-5 0.7515	0.7627	0.6990	 TOP-7: 0.7684	0.7512	0.7280	 TOP-10: 0.8652	0.7987	0.8408
70	23.278124	 TOP-5 0.7576	0.7682	0.7048	 TOP-7: 0.7662	0.7515	0.7277	 TOP-10: 0.8652	0.8001	0.8413
71	23.278074	 TOP-5 0.7515	0.7639	0.7000	 TOP-7: 0.7684	0.7523	0.7296	 TOP-10: 0.8667	0.8006	0.8426
72	23.277973	 TOP-5 0.7515	0.7626	0.6985	 TOP-7: 0.7706	0.7535	0.7305	 TOP-10: 0.8652	0.7988	0.8401
73	23.277876	 TOP-5 0.7455	0.7606	0.6944	 TOP-7: 0.7706	0.7552	0.7295	 TOP-10: 0.8652	0.8006	0.8402
74	23.277647	 TOP-5 0.7485	0.7619	0.6958	 TOP-7: 0.7706	0.7545	0.7301	 TOP-10: 0.8652	0.7998	0.8399
75	23.277626	 TOP-5 0.7455	0.7599	0.6940	 TOP-7: 0.7706	0.7544	0.7299	 TOP-10: 0.8667	0.8008	0.8414
76	23.277483	 TOP-5 0.7455	0.7582	0.6925	 TOP-7: 0.7706	0.7527	0.7276	 TOP-10: 0.8697	0.8024	0.8437
77	23.277559	 TOP-5 0.7424	0.7582	0.6910	 TOP-7: 0.7684	0.7529	0.7272	 TOP-10: 0.8727	0.8057	0.8466
78	23.277248	 TOP-5 0.7424	0.7582	0.6910	 TOP-7: 0.7662	0.7515	0.7253	 TOP-10: 0.8742	0.8071	0.8482
79	23.277283	 TOP-5 0.7424	0.7577	0.6904	 TOP-7: 0.7706	0.7542	0.7280	 TOP-10: 0.8758	0.8089	0.8499
New best model saved at epoch 79 with NDCG10 = 0.8089
80	23.277380	 TOP-5 0.7485	0.7605	0.6935	 TOP-7: 0.7706	0.7535	0.7264	 TOP-10: 0.8727	0.8051	0.8467
81	23.277166	 TOP-5 0.7424	0.7558	0.6870	 TOP-7: 0.7749	0.7557	0.7293	 TOP-10: 0.8742	0.8058	0.8481
82	23.276972	 TOP-5 0.7485	0.7596	0.6914	 TOP-7: 0.7727	0.7550	0.7288	 TOP-10: 0.8742	0.8062	0.8478
83	23.277031	 TOP-5 0.7485	0.7577	0.6899	 TOP-7: 0.7684	0.7500	0.7252	 TOP-10: 0.8788	0.8080	0.8518
84	23.276939	 TOP-5 0.7485	0.7589	0.6904	 TOP-7: 0.7706	0.7530	0.7265	 TOP-10: 0.8788	0.8094	0.8521
New best model saved at epoch 84 with NDCG10 = 0.8094
85	23.277012	 TOP-5 0.7515	0.7606	0.6912	 TOP-7: 0.7749	0.7560	0.7299	 TOP-10: 0.8758	0.8066	0.8494
86	23.276718	 TOP-5 0.7515	0.7606	0.6912	 TOP-7: 0.7706	0.7532	0.7271	 TOP-10: 0.8773	0.8074	0.8505
87	23.276863	 TOP-5 0.7545	0.7635	0.6952	 TOP-7: 0.7706	0.7541	0.7269	 TOP-10: 0.8758	0.8075	0.8494
88	23.276617	 TOP-5 0.7545	0.7647	0.6960	 TOP-7: 0.7706	0.7551	0.7274	 TOP-10: 0.8742	0.8074	0.8486
89	23.276737	 TOP-5 0.7545	0.7647	0.6960	 TOP-7: 0.7684	0.7534	0.7258	 TOP-10: 0.8742	0.8073	0.8486
90	23.276751	 TOP-5 0.7545	0.7668	0.6979	 TOP-7: 0.7684	0.7550	0.7269	 TOP-10: 0.8727	0.8078	0.8476
91	23.276644	 TOP-5 0.7576	0.7688	0.7010	 TOP-7: 0.7706	0.7569	0.7302	 TOP-10: 0.8727	0.8079	0.8476
92	23.276728	 TOP-5 0.7576	0.7692	0.7020	 TOP-7: 0.7727	0.7587	0.7327	 TOP-10: 0.8712	0.8075	0.8467
93	23.276443	 TOP-5 0.7576	0.7711	0.7035	 TOP-7: 0.7727	0.7602	0.7311	 TOP-10: 0.8682	0.8072	0.8446
94	23.276316	 TOP-5 0.7576	0.7678	0.7010	 TOP-7: 0.7792	0.7619	0.7377	 TOP-10: 0.8682	0.8041	0.8444
95	23.276556	 TOP-5 0.7576	0.7694	0.7019	 TOP-7: 0.7771	0.7621	0.7373	 TOP-10: 0.8682	0.8053	0.8448
96	23.276335	 TOP-5 0.7576	0.7703	0.7027	 TOP-7: 0.7771	0.7629	0.7382	 TOP-10: 0.8697	0.8081	0.8464
97	23.276400	 TOP-5 0.7606	0.7723	0.7043	 TOP-7: 0.7771	0.7626	0.7375	 TOP-10: 0.8682	0.8058	0.8441
98	23.276491	 TOP-5 0.7636	0.7743	0.7061	 TOP-7: 0.7749	0.7601	0.7360	 TOP-10: 0.8697	0.8078	0.8456
99	23.276226	 TOP-5 0.7636	0.7769	0.7086	 TOP-7: 0.7771	0.7637	0.7394	 TOP-10: 0.8682	0.8080	0.8445
100	23.276417	 TOP-5 0.7636	0.7752	0.7074	 TOP-7: 0.7792	0.7637	0.7385	 TOP-10: 0.8667	0.8060	0.8431
101	23.276394	 TOP-5 0.7606	0.7753	0.7070	 TOP-7: 0.7814	0.7678	0.7408	 TOP-10: 0.8667	0.8079	0.8430
102	23.276237	 TOP-5 0.7606	0.7733	0.7053	 TOP-7: 0.7857	0.7686	0.7454	 TOP-10: 0.8682	0.8070	0.8443
103	23.275856	 TOP-5 0.7606	0.7733	0.7053	 TOP-7: 0.7857	0.7686	0.7454	 TOP-10: 0.8682	0.8071	0.8446
104	23.276102	 TOP-5 0.7606	0.7733	0.7053	 TOP-7: 0.7857	0.7686	0.7454	 TOP-10: 0.8682	0.8070	0.8446
105	23.275946	 TOP-5 0.7606	0.7742	0.7053	 TOP-7: 0.7835	0.7680	0.7439	 TOP-10: 0.8682	0.8079	0.8449
106	23.276079	 TOP-5 0.7606	0.7742	0.7053	 TOP-7: 0.7814	0.7665	0.7414	 TOP-10: 0.8697	0.8099	0.8461
New best model saved at epoch 106 with NDCG10 = 0.8099
107	23.275995	 TOP-5 0.7606	0.7742	0.7053	 TOP-7: 0.7814	0.7669	0.7420	 TOP-10: 0.8682	0.8083	0.8444
108	23.276012	 TOP-5 0.7606	0.7739	0.7051	 TOP-7: 0.7814	0.7666	0.7416	 TOP-10: 0.8682	0.8080	0.8442
109	23.275913	 TOP-5 0.7606	0.7741	0.7053	 TOP-7: 0.7814	0.7668	0.7418	 TOP-10: 0.8682	0.8081	0.8443
110	23.275906	 TOP-5 0.7606	0.7745	0.7058	 TOP-7: 0.7792	0.7657	0.7412	 TOP-10: 0.8682	0.8084	0.8443
111	23.275734	 TOP-5 0.7636	0.7761	0.7077	 TOP-7: 0.7792	0.7655	0.7410	 TOP-10: 0.8697	0.8095	0.8457
112	23.275763	 TOP-5 0.7636	0.7767	0.7088	 TOP-7: 0.7792	0.7660	0.7415	 TOP-10: 0.8712	0.8109	0.8471
New best model saved at epoch 112 with NDCG10 = 0.8109
113	23.275692	 TOP-5 0.7636	0.7769	0.7094	 TOP-7: 0.7792	0.7663	0.7415	 TOP-10: 0.8712	0.8113	0.8471
New best model saved at epoch 113 with NDCG10 = 0.8113
114	23.275959	 TOP-5 0.7636	0.7773	0.7102	 TOP-7: 0.7792	0.7665	0.7421	 TOP-10: 0.8742	0.8150	0.8503
New best model saved at epoch 114 with NDCG10 = 0.8150
115	23.275593	 TOP-5 0.7636	0.7763	0.7108	 TOP-7: 0.7792	0.7658	0.7410	 TOP-10: 0.8742	0.8136	0.8501
116	23.275801	 TOP-5 0.7636	0.7769	0.7120	 TOP-7: 0.7792	0.7664	0.7415	 TOP-10: 0.8742	0.8138	0.8503
117	23.275713	 TOP-5 0.7636	0.7769	0.7117	 TOP-7: 0.7792	0.7663	0.7415	 TOP-10: 0.8742	0.8137	0.8504
118	23.275431	 TOP-5 0.7636	0.7750	0.7102	 TOP-7: 0.7792	0.7645	0.7410	 TOP-10: 0.8727	0.8109	0.8496
119	23.275131	 TOP-5 0.7636	0.7769	0.7117	 TOP-7: 0.7771	0.7648	0.7398	 TOP-10: 0.8742	0.8140	0.8507
120	23.275505	 TOP-5 0.7636	0.7767	0.7119	 TOP-7: 0.7792	0.7662	0.7416	 TOP-10: 0.8727	0.8128	0.8494
121	23.275587	 TOP-5 0.7636	0.7767	0.7119	 TOP-7: 0.7792	0.7663	0.7411	 TOP-10: 0.8727	0.8128	0.8490
122	23.275703	 TOP-5 0.7636	0.7771	0.7127	 TOP-7: 0.7771	0.7652	0.7394	 TOP-10: 0.8727	0.8130	0.8489
123	23.275469	 TOP-5 0.7667	0.7794	0.7154	 TOP-7: 0.7771	0.7657	0.7396	 TOP-10: 0.8742	0.8145	0.8495
124	23.275328	 TOP-5 0.7667	0.7794	0.7154	 TOP-7: 0.7792	0.7674	0.7411	 TOP-10: 0.8773	0.8177	0.8525
New best model saved at epoch 124 with NDCG10 = 0.8177
125	23.275517	 TOP-5 0.7667	0.7788	0.7140	 TOP-7: 0.7792	0.7669	0.7411	 TOP-10: 0.8788	0.8183	0.8536
New best model saved at epoch 125 with NDCG10 = 0.8183
126	23.275133	 TOP-5 0.7667	0.7788	0.7140	 TOP-7: 0.7771	0.7653	0.7396	 TOP-10: 0.8803	0.8200	0.8550
New best model saved at epoch 126 with NDCG10 = 0.8200
127	23.275295	 TOP-5 0.7667	0.7788	0.7140	 TOP-7: 0.7771	0.7653	0.7396	 TOP-10: 0.8803	0.8201	0.8549
New best model saved at epoch 127 with NDCG10 = 0.8201
128	23.275276	 TOP-5 0.7636	0.7768	0.7116	 TOP-7: 0.7771	0.7653	0.7396	 TOP-10: 0.8818	0.8213	0.8564
New best model saved at epoch 128 with NDCG10 = 0.8213
129	23.274895	 TOP-5 0.7667	0.7796	0.7140	 TOP-7: 0.7771	0.7662	0.7399	 TOP-10: 0.8818	0.8224	0.8566
New best model saved at epoch 129 with NDCG10 = 0.8224
130	23.274984	 TOP-5 0.7636	0.7758	0.7098	 TOP-7: 0.7792	0.7661	0.7412	 TOP-10: 0.8803	0.8195	0.8550
131	23.274763	 TOP-5 0.7667	0.7771	0.7112	 TOP-7: 0.7792	0.7658	0.7412	 TOP-10: 0.8788	0.8181	0.8539
132	23.275009	 TOP-5 0.7667	0.7767	0.7105	 TOP-7: 0.7771	0.7631	0.7385	 TOP-10: 0.8803	0.8183	0.8550
133	23.274908	 TOP-5 0.7727	0.7790	0.7135	 TOP-7: 0.7771	0.7619	0.7389	 TOP-10: 0.8803	0.8175	0.8549
134	23.274864	 TOP-5 0.7667	0.7753	0.7106	 TOP-7: 0.7749	0.7602	0.7362	 TOP-10: 0.8818	0.8188	0.8564
135	23.274645	 TOP-5 0.7667	0.7745	0.7080	 TOP-7: 0.7727	0.7580	0.7350	 TOP-10: 0.8818	0.8178	0.8562
136	23.274166	 TOP-5 0.7667	0.7748	0.7088	 TOP-7: 0.7727	0.7584	0.7350	 TOP-10: 0.8818	0.8181	0.8560
137	23.274708	 TOP-5 0.7667	0.7744	0.7076	 TOP-7: 0.7727	0.7577	0.7353	 TOP-10: 0.8818	0.8175	0.8559
138	23.274405	 TOP-5 0.7697	0.7766	0.7106	 TOP-7: 0.7749	0.7611	0.7372	 TOP-10: 0.8803	0.8170	0.8546
139	23.274181	 TOP-5 0.7697	0.7760	0.7097	 TOP-7: 0.7771	0.7623	0.7385	 TOP-10: 0.8833	0.8195	0.8569
140	23.274025	 TOP-5 0.7697	0.7760	0.7097	 TOP-7: 0.7771	0.7622	0.7383	 TOP-10: 0.8833	0.8188	0.8564
141	23.274137	 TOP-5 0.7697	0.7753	0.7087	 TOP-7: 0.7749	0.7603	0.7369	 TOP-10: 0.8848	0.8196	0.8582
142	23.273504	 TOP-5 0.7697	0.7756	0.7090	 TOP-7: 0.7749	0.7605	0.7373	 TOP-10: 0.8864	0.8213	0.8597
143	23.273907	 TOP-5 0.7727	0.7777	0.7113	 TOP-7: 0.7814	0.7663	0.7437	 TOP-10: 0.8848	0.8208	0.8594
144	23.273474	 TOP-5 0.7667	0.7730	0.7054	 TOP-7: 0.7814	0.7654	0.7428	 TOP-10: 0.8848	0.8199	0.8594
145	23.273201	 TOP-5 0.7667	0.7740	0.7066	 TOP-7: 0.7814	0.7661	0.7434	 TOP-10: 0.8833	0.8201	0.8578
146	23.272898	 TOP-5 0.7667	0.7733	0.7056	 TOP-7: 0.7814	0.7653	0.7431	 TOP-10: 0.8818	0.8178	0.8564
147	23.272623	 TOP-5 0.7697	0.7756	0.7084	 TOP-7: 0.7814	0.7657	0.7438	 TOP-10: 0.8833	0.8193	0.8581
148	23.271954	 TOP-5 0.7697	0.7756	0.7084	 TOP-7: 0.7814	0.7657	0.7438	 TOP-10: 0.8833	0.8194	0.8581
149	23.271757	 TOP-5 0.7697	0.7756	0.7084	 TOP-7: 0.7814	0.7657	0.7438	 TOP-10: 0.8833	0.8193	0.8578
Final model saved after 150 epochs
Best model was from epoch 129 with NDCG10 = 0.8224
