# epoch	train_loss	precision5	NDCG5	MAP5	precision7	NDCG7	MAP7	precision10	NDCG10	MAP10
0	23.642916	 TOP-5 0.4585	0.4563	0.3179	 TOP-7: 0.4630	0.4597	0.3002	 TOP-10: 0.4691	0.4643	0.2861
New best model saved at epoch 0 with NDCG10 = 0.4643
1	23.610128	 TOP-5 0.4640	0.4626	0.3262	 TOP-7: 0.4696	0.4667	0.3075	 TOP-10: 0.4707	0.4677	0.2899
New best model saved at epoch 1 with NDCG10 = 0.4677
2	23.568363	 TOP-5 0.4618	0.4610	0.3264	 TOP-7: 0.4611	0.4606	0.3023	 TOP-10: 0.4585	0.4588	0.2821
3	23.497583	 TOP-5 0.4325	0.4297	0.2954	 TOP-7: 0.4383	0.4342	0.2777	 TOP-10: 0.4458	0.4398	0.2636
4	23.434792	 TOP-5 0.5171	0.5106	0.3714	 TOP-7: 0.5153	0.5108	0.3511	 TOP-10: 0.5049	0.5047	0.3269
New best model saved at epoch 4 with NDCG10 = 0.5047
5	23.359776	 TOP-5 0.6412	0.6436	0.5185	 TOP-7: 0.6291	0.6354	0.4900	 TOP-10: 0.6030	0.6168	0.4500
New best model saved at epoch 5 with NDCG10 = 0.6168
6	23.295324	 TOP-5 0.6461	0.6508	0.5274	 TOP-7: 0.6295	0.6390	0.4941	 TOP-10: 0.6035	0.6197	0.4531
New best model saved at epoch 6 with NDCG10 = 0.6197
7	23.280207	 TOP-5 0.6520	0.6546	0.5338	 TOP-7: 0.6295	0.6393	0.4964	 TOP-10: 0.6046	0.6208	0.4554
New best model saved at epoch 7 with NDCG10 = 0.6208
8	23.278915	 TOP-5 0.6569	0.6577	0.5378	 TOP-7: 0.6322	0.6409	0.4981	 TOP-10: 0.6049	0.6211	0.4558
New best model saved at epoch 8 with NDCG10 = 0.6211
9	23.274647	 TOP-5 0.6591	0.6604	0.5417	 TOP-7: 0.6310	0.6416	0.4995	 TOP-10: 0.6073	0.6238	0.4597
New best model saved at epoch 9 with NDCG10 = 0.6238
10	23.277136	 TOP-5 0.6553	0.6598	0.5407	 TOP-7: 0.6318	0.6436	0.5019	 TOP-10: 0.6079	0.6254	0.4611
New best model saved at epoch 10 with NDCG10 = 0.6254
11	23.276207	 TOP-5 0.6558	0.6604	0.5415	 TOP-7: 0.6349	0.6458	0.5039	 TOP-10: 0.6081	0.6258	0.4619
New best model saved at epoch 11 with NDCG10 = 0.6258
12	23.275986	 TOP-5 0.6553	0.6624	0.5423	 TOP-7: 0.6341	0.6473	0.5047	 TOP-10: 0.6089	0.6280	0.4635
New best model saved at epoch 12 with NDCG10 = 0.6280
13	23.276035	 TOP-5 0.6569	0.6647	0.5453	 TOP-7: 0.6357	0.6492	0.5072	 TOP-10: 0.6084	0.6284	0.4636
New best model saved at epoch 13 with NDCG10 = 0.6284
14	23.275442	 TOP-5 0.6591	0.6682	0.5483	 TOP-7: 0.6357	0.6512	0.5087	 TOP-10: 0.6079	0.6297	0.4647
New best model saved at epoch 14 with NDCG10 = 0.6297
15	23.275856	 TOP-5 0.6612	0.6699	0.5509	 TOP-7: 0.6388	0.6535	0.5123	 TOP-10: 0.6068	0.6294	0.4648
16	23.275190	 TOP-5 0.6656	0.6739	0.5546	 TOP-7: 0.6357	0.6526	0.5111	 TOP-10: 0.6070	0.6304	0.4654
New best model saved at epoch 16 with NDCG10 = 0.6304
17	23.275742	 TOP-5 0.6596	0.6711	0.5512	 TOP-7: 0.6376	0.6546	0.5125	 TOP-10: 0.6076	0.6313	0.4661
New best model saved at epoch 17 with NDCG10 = 0.6313
18	23.275192	 TOP-5 0.6602	0.6712	0.5515	 TOP-7: 0.6388	0.6550	0.5126	 TOP-10: 0.6076	0.6312	0.4665
19	23.275591	 TOP-5 0.6575	0.6709	0.5511	 TOP-7: 0.6357	0.6542	0.5117	 TOP-10: 0.6089	0.6329	0.4678
New best model saved at epoch 19 with NDCG10 = 0.6329
20	23.275541	 TOP-5 0.6569	0.6707	0.5503	 TOP-7: 0.6372	0.6552	0.5122	 TOP-10: 0.6111	0.6344	0.4691
New best model saved at epoch 20 with NDCG10 = 0.6344
21	23.275703	 TOP-5 0.6585	0.6722	0.5512	 TOP-7: 0.6400	0.6575	0.5142	 TOP-10: 0.6100	0.6341	0.4686
22	23.275507	 TOP-5 0.6623	0.6740	0.5548	 TOP-7: 0.6392	0.6564	0.5133	 TOP-10: 0.6084	0.6326	0.4675
23	23.275795	 TOP-5 0.6596	0.6736	0.5538	 TOP-7: 0.6415	0.6590	0.5160	 TOP-10: 0.6068	0.6324	0.4674
24	23.275425	 TOP-5 0.6607	0.6743	0.5546	 TOP-7: 0.6396	0.6577	0.5148	 TOP-10: 0.6068	0.6324	0.4669
25	23.273142	 TOP-5 0.6645	0.6753	0.5558	 TOP-7: 0.6376	0.6553	0.5123	 TOP-10: 0.6057	0.6307	0.4649
26	23.273277	 TOP-5 0.6618	0.6732	0.5542	 TOP-7: 0.6384	0.6556	0.5129	 TOP-10: 0.6049	0.6300	0.4643
27	23.275448	 TOP-5 0.6688	0.6799	0.5610	 TOP-7: 0.6384	0.6576	0.5154	 TOP-10: 0.6079	0.6334	0.4673
28	23.275541	 TOP-5 0.6710	0.6802	0.5620	 TOP-7: 0.6400	0.6579	0.5155	 TOP-10: 0.6095	0.6340	0.4686
29	23.275141	 TOP-5 0.6683	0.6782	0.5599	 TOP-7: 0.6369	0.6555	0.5140	 TOP-10: 0.6108	0.6345	0.4690
New best model saved at epoch 29 with NDCG10 = 0.6345
30	23.275585	 TOP-5 0.6672	0.6792	0.5607	 TOP-7: 0.6357	0.6562	0.5137	 TOP-10: 0.6089	0.6342	0.4676
31	23.275002	 TOP-5 0.6650	0.6779	0.5593	 TOP-7: 0.6384	0.6579	0.5156	 TOP-10: 0.6087	0.6340	0.4671
32	23.275148	 TOP-5 0.6661	0.6780	0.5599	 TOP-7: 0.6403	0.6587	0.5172	 TOP-10: 0.6054	0.6318	0.4653
33	23.275295	 TOP-5 0.6634	0.6763	0.5583	 TOP-7: 0.6400	0.6585	0.5165	 TOP-10: 0.6016	0.6293	0.4626
34	23.275267	 TOP-5 0.6629	0.6767	0.5597	 TOP-7: 0.6392	0.6585	0.5174	 TOP-10: 0.6043	0.6314	0.4651
35	23.275578	 TOP-5 0.6634	0.6769	0.5596	 TOP-7: 0.6423	0.6604	0.5193	 TOP-10: 0.6033	0.6307	0.4645
36	23.275431	 TOP-5 0.6645	0.6779	0.5601	 TOP-7: 0.6396	0.6589	0.5176	 TOP-10: 0.6024	0.6303	0.4639
37	23.275478	 TOP-5 0.6623	0.6758	0.5577	 TOP-7: 0.6388	0.6578	0.5166	 TOP-10: 0.6016	0.6293	0.4632
38	23.275326	 TOP-5 0.6634	0.6769	0.5584	 TOP-7: 0.6396	0.6587	0.5172	 TOP-10: 0.6008	0.6291	0.4632
39	23.274748	 TOP-5 0.6661	0.6788	0.5615	 TOP-7: 0.6396	0.6590	0.5181	 TOP-10: 0.6027	0.6306	0.4649
40	23.275274	 TOP-5 0.6678	0.6803	0.5630	 TOP-7: 0.6376	0.6581	0.5165	 TOP-10: 0.6024	0.6305	0.4642
41	23.274775	 TOP-5 0.6678	0.6802	0.5621	 TOP-7: 0.6361	0.6570	0.5147	 TOP-10: 0.6027	0.6306	0.4641
42	23.274517	 TOP-5 0.6710	0.6826	0.5647	 TOP-7: 0.6361	0.6573	0.5154	 TOP-10: 0.6051	0.6323	0.4657
43	23.274590	 TOP-5 0.6688	0.6820	0.5642	 TOP-7: 0.6330	0.6560	0.5133	 TOP-10: 0.6065	0.6337	0.4669
44	23.274302	 TOP-5 0.6705	0.6831	0.5654	 TOP-7: 0.6299	0.6539	0.5112	 TOP-10: 0.6051	0.6326	0.4653
45	23.273846	 TOP-5 0.6699	0.6823	0.5646	 TOP-7: 0.6318	0.6548	0.5124	 TOP-10: 0.6043	0.6319	0.4650
46	23.272926	 TOP-5 0.6667	0.6808	0.5634	 TOP-7: 0.6295	0.6536	0.5113	 TOP-10: 0.6060	0.6331	0.4659
47	23.272921	 TOP-5 0.6650	0.6802	0.5627	 TOP-7: 0.6314	0.6552	0.5129	 TOP-10: 0.6057	0.6333	0.4661
48	23.271311	 TOP-5 0.6650	0.6807	0.5636	 TOP-7: 0.6310	0.6554	0.5128	 TOP-10: 0.6049	0.6331	0.4656
49	23.270035	 TOP-5 0.6667	0.6830	0.5646	 TOP-7: 0.6338	0.6583	0.5157	 TOP-10: 0.6041	0.6336	0.4657
50	23.268909	 TOP-5 0.6694	0.6846	0.5661	 TOP-7: 0.6353	0.6592	0.5163	 TOP-10: 0.6024	0.6325	0.4646
51	23.263124	 TOP-5 0.6661	0.6818	0.5637	 TOP-7: 0.6392	0.6610	0.5185	 TOP-10: 0.6030	0.6325	0.4650
52	23.255749	 TOP-5 0.6694	0.6834	0.5650	 TOP-7: 0.6361	0.6588	0.5165	 TOP-10: 0.6038	0.6328	0.4651
53	23.249342	 TOP-5 0.6678	0.6827	0.5646	 TOP-7: 0.6318	0.6563	0.5136	 TOP-10: 0.6027	0.6321	0.4643
54	23.241484	 TOP-5 0.6602	0.6782	0.5602	 TOP-7: 0.6318	0.6562	0.5124	 TOP-10: 0.6027	0.6320	0.4638
55	23.236362	 TOP-5 0.6656	0.6827	0.5647	 TOP-7: 0.6341	0.6587	0.5154	 TOP-10: 0.6005	0.6314	0.4632
56	23.236366	 TOP-5 0.6678	0.6828	0.5664	 TOP-7: 0.6345	0.6579	0.5154	 TOP-10: 0.6008	0.6307	0.4630
57	23.220886	 TOP-5 0.6640	0.6806	0.5631	 TOP-7: 0.6318	0.6559	0.5120	 TOP-10: 0.5981	0.6287	0.4603
58	23.224960	 TOP-5 0.6607	0.6788	0.5602	 TOP-7: 0.6295	0.6546	0.5100	 TOP-10: 0.6000	0.6301	0.4614
59	23.222757	 TOP-5 0.6547	0.6733	0.5544	 TOP-7: 0.6307	0.6537	0.5090	 TOP-10: 0.5973	0.6270	0.4581
60	23.216852	 TOP-5 0.6488	0.6701	0.5500	 TOP-7: 0.6260	0.6508	0.5052	 TOP-10: 0.5965	0.6262	0.4562
61	23.222313	 TOP-5 0.6428	0.6662	0.5447	 TOP-7: 0.6229	0.6485	0.5015	 TOP-10: 0.5978	0.6268	0.4560
62	23.201340	 TOP-5 0.6428	0.6652	0.5429	 TOP-7: 0.6256	0.6496	0.5028	 TOP-10: 0.5965	0.6254	0.4550
63	23.214760	 TOP-5 0.6385	0.6608	0.5371	 TOP-7: 0.6249	0.6475	0.4999	 TOP-10: 0.5940	0.6223	0.4511
64	23.228727	 TOP-5 0.6358	0.6579	0.5346	 TOP-7: 0.6198	0.6433	0.4952	 TOP-10: 0.5924	0.6203	0.4495
65	23.221399	 TOP-5 0.6347	0.6565	0.5312	 TOP-7: 0.6167	0.6407	0.4907	 TOP-10: 0.5951	0.6214	0.4496
66	23.218582	 TOP-5 0.6352	0.6518	0.5266	 TOP-7: 0.6132	0.6341	0.4850	 TOP-10: 0.5943	0.6173	0.4460
67	23.221230	 TOP-5 0.6320	0.6466	0.5213	 TOP-7: 0.6094	0.6290	0.4796	 TOP-10: 0.5946	0.6151	0.4433
68	23.213156	 TOP-5 0.6293	0.6408	0.5148	 TOP-7: 0.6113	0.6267	0.4762	 TOP-10: 0.5932	0.6115	0.4401
69	23.216572	 TOP-5 0.6255	0.6381	0.5110	 TOP-7: 0.6098	0.6254	0.4744	 TOP-10: 0.5897	0.6089	0.4370
70	23.212191	 TOP-5 0.6217	0.6320	0.5036	 TOP-7: 0.6082	0.6212	0.4703	 TOP-10: 0.5924	0.6081	0.4363
71	23.208967	 TOP-5 0.6152	0.6251	0.4958	 TOP-7: 0.6063	0.6174	0.4654	 TOP-10: 0.5916	0.6055	0.4332
72	23.212782	 TOP-5 0.6136	0.6219	0.4908	 TOP-7: 0.6082	0.6169	0.4646	 TOP-10: 0.5924	0.6046	0.4327
73	23.219700	 TOP-5 0.6136	0.6204	0.4888	 TOP-7: 0.6082	0.6157	0.4632	 TOP-10: 0.5894	0.6017	0.4297
74	23.207985	 TOP-5 0.6152	0.6198	0.4894	 TOP-7: 0.6078	0.6141	0.4620	 TOP-10: 0.5905	0.6014	0.4299
75	23.219381	 TOP-5 0.6125	0.6161	0.4857	 TOP-7: 0.6067	0.6117	0.4595	 TOP-10: 0.5908	0.6001	0.4288
76	23.214001	 TOP-5 0.6114	0.6153	0.4843	 TOP-7: 0.6063	0.6113	0.4591	 TOP-10: 0.5930	0.6014	0.4295
77	23.213337	 TOP-5 0.6130	0.6131	0.4826	 TOP-7: 0.6074	0.6095	0.4578	 TOP-10: 0.5930	0.5994	0.4280
78	23.203617	 TOP-5 0.6108	0.6119	0.4819	 TOP-7: 0.6098	0.6112	0.4596	 TOP-10: 0.5900	0.5978	0.4268
79	23.197536	 TOP-5 0.6130	0.6112	0.4808	 TOP-7: 0.6082	0.6084	0.4569	 TOP-10: 0.5913	0.5972	0.4264
80	23.199596	 TOP-5 0.6152	0.6108	0.4803	 TOP-7: 0.6082	0.6070	0.4554	 TOP-10: 0.5900	0.5950	0.4244
81	23.228683	 TOP-5 0.6114	0.6074	0.4770	 TOP-7: 0.6070	0.6054	0.4544	 TOP-10: 0.5892	0.5939	0.4232
82	23.218832	 TOP-5 0.6108	0.6087	0.4787	 TOP-7: 0.6082	0.6076	0.4566	 TOP-10: 0.5897	0.5955	0.4250
83	23.222418	 TOP-5 0.6108	0.6079	0.4775	 TOP-7: 0.6063	0.6056	0.4548	 TOP-10: 0.5913	0.5958	0.4251
84	23.214094	 TOP-5 0.6125	0.6082	0.4776	 TOP-7: 0.6086	0.6066	0.4558	 TOP-10: 0.5919	0.5959	0.4252
85	23.205078	 TOP-5 0.6141	0.6093	0.4796	 TOP-7: 0.6101	0.6077	0.4564	 TOP-10: 0.5930	0.5967	0.4263
86	23.201351	 TOP-5 0.6125	0.6084	0.4784	 TOP-7: 0.6101	0.6078	0.4565	 TOP-10: 0.5902	0.5948	0.4240
87	23.203787	 TOP-5 0.6103	0.6064	0.4757	 TOP-7: 0.6094	0.6067	0.4549	 TOP-10: 0.5919	0.5955	0.4248
88	23.202269	 TOP-5 0.6152	0.6095	0.4798	 TOP-7: 0.6074	0.6057	0.4544	 TOP-10: 0.5913	0.5953	0.4249
89	23.205837	 TOP-5 0.6141	0.6072	0.4772	 TOP-7: 0.6078	0.6044	0.4530	 TOP-10: 0.5911	0.5939	0.4235
90	23.204205	 TOP-5 0.6173	0.6090	0.4797	 TOP-7: 0.6067	0.6036	0.4526	 TOP-10: 0.5908	0.5935	0.4231
91	23.218271	 TOP-5 0.6168	0.6089	0.4793	 TOP-7: 0.6070	0.6040	0.4532	 TOP-10: 0.5900	0.5933	0.4231
92	23.216494	 TOP-5 0.6130	0.6046	0.4746	 TOP-7: 0.6059	0.6015	0.4501	 TOP-10: 0.5889	0.5912	0.4211
93	23.214891	 TOP-5 0.6173	0.6079	0.4778	 TOP-7: 0.6113	0.6057	0.4550	 TOP-10: 0.5867	0.5905	0.4208
94	23.214169	 TOP-5 0.6173	0.6076	0.4777	 TOP-7: 0.6109	0.6052	0.4545	 TOP-10: 0.5883	0.5913	0.4219
95	23.220713	 TOP-5 0.6157	0.6066	0.4768	 TOP-7: 0.6109	0.6053	0.4544	 TOP-10: 0.5889	0.5918	0.4220
96	23.213446	 TOP-5 0.6141	0.6058	0.4755	 TOP-7: 0.6113	0.6056	0.4546	 TOP-10: 0.5900	0.5925	0.4223
97	23.210531	 TOP-5 0.6146	0.6047	0.4747	 TOP-7: 0.6109	0.6043	0.4537	 TOP-10: 0.5921	0.5931	0.4234
98	23.206270	 TOP-5 0.6136	0.6039	0.4737	 TOP-7: 0.6109	0.6041	0.4539	 TOP-10: 0.5900	0.5916	0.4216
99	23.194563	 TOP-5 0.6125	0.6053	0.4755	 TOP-7: 0.6101	0.6053	0.4547	 TOP-10: 0.5908	0.5934	0.4232
100	23.212654	 TOP-5 0.6136	0.6037	0.4738	 TOP-7: 0.6113	0.6041	0.4538	 TOP-10: 0.5900	0.5913	0.4218
101	23.221956	 TOP-5 0.6130	0.6046	0.4749	 TOP-7: 0.6109	0.6049	0.4547	 TOP-10: 0.5889	0.5914	0.4219
102	23.189121	 TOP-5 0.6146	0.6057	0.4758	 TOP-7: 0.6094	0.6040	0.4536	 TOP-10: 0.5911	0.5928	0.4229
103	23.213688	 TOP-5 0.6108	0.6027	0.4726	 TOP-7: 0.6094	0.6033	0.4528	 TOP-10: 0.5900	0.5917	0.4217
104	23.209484	 TOP-5 0.6146	0.6047	0.4755	 TOP-7: 0.6082	0.6024	0.4523	 TOP-10: 0.5913	0.5923	0.4226
105	23.202532	 TOP-5 0.6130	0.6045	0.4752	 TOP-7: 0.6074	0.6025	0.4523	 TOP-10: 0.5894	0.5915	0.4212
106	23.210503	 TOP-5 0.6157	0.6063	0.4762	 TOP-7: 0.6082	0.6032	0.4523	 TOP-10: 0.5924	0.5936	0.4235
107	23.207514	 TOP-5 0.6163	0.6056	0.4764	 TOP-7: 0.6051	0.6005	0.4512	 TOP-10: 0.5913	0.5923	0.4226
108	23.208973	 TOP-5 0.6125	0.6037	0.4745	 TOP-7: 0.6074	0.6021	0.4520	 TOP-10: 0.5927	0.5933	0.4236
109	23.216427	 TOP-5 0.6141	0.6045	0.4755	 TOP-7: 0.6067	0.6014	0.4519	 TOP-10: 0.5924	0.5930	0.4237
110	23.224230	 TOP-5 0.6114	0.6026	0.4730	 TOP-7: 0.6094	0.6029	0.4534	 TOP-10: 0.5938	0.5940	0.4243
111	23.223024	 TOP-5 0.6108	0.6019	0.4726	 TOP-7: 0.6121	0.6044	0.4549	 TOP-10: 0.5940	0.5939	0.4245
112	23.217192	 TOP-5 0.6157	0.6043	0.4751	 TOP-7: 0.6140	0.6052	0.4555	 TOP-10: 0.5921	0.5924	0.4230
113	23.211222	 TOP-5 0.6130	0.6031	0.4735	 TOP-7: 0.6121	0.6043	0.4545	 TOP-10: 0.5930	0.5931	0.4236
114	23.205194	 TOP-5 0.6157	0.6046	0.4756	 TOP-7: 0.6121	0.6041	0.4545	 TOP-10: 0.5954	0.5946	0.4253
115	23.215454	 TOP-5 0.6136	0.6028	0.4733	 TOP-7: 0.6121	0.6038	0.4540	 TOP-10: 0.5938	0.5934	0.4242
116	23.217590	 TOP-5 0.6152	0.6038	0.4749	 TOP-7: 0.6148	0.6056	0.4567	 TOP-10: 0.5943	0.5937	0.4248
117	23.208342	 TOP-5 0.6163	0.6061	0.4775	 TOP-7: 0.6167	0.6082	0.4594	 TOP-10: 0.5930	0.5941	0.4252
118	23.192991	 TOP-5 0.6206	0.6090	0.4806	 TOP-7: 0.6179	0.6092	0.4604	 TOP-10: 0.5951	0.5957	0.4271
119	23.206680	 TOP-5 0.6201	0.6083	0.4795	 TOP-7: 0.6160	0.6076	0.4583	 TOP-10: 0.5949	0.5953	0.4268
120	23.209826	 TOP-5 0.6163	0.6056	0.4768	 TOP-7: 0.6148	0.6065	0.4570	 TOP-10: 0.5954	0.5952	0.4264
121	23.202330	 TOP-5 0.6157	0.6060	0.4773	 TOP-7: 0.6148	0.6071	0.4575	 TOP-10: 0.5940	0.5948	0.4259
122	23.208174	 TOP-5 0.6157	0.6078	0.4795	 TOP-7: 0.6136	0.6080	0.4587	 TOP-10: 0.5932	0.5956	0.4264
123	23.211382	 TOP-5 0.6152	0.6072	0.4784	 TOP-7: 0.6117	0.6064	0.4563	 TOP-10: 0.5940	0.5957	0.4263
124	23.200687	 TOP-5 0.6157	0.6070	0.4769	 TOP-7: 0.6129	0.6066	0.4564	 TOP-10: 0.5946	0.5957	0.4261
125	23.203402	 TOP-5 0.6136	0.6059	0.4770	 TOP-7: 0.6144	0.6078	0.4581	 TOP-10: 0.5940	0.5956	0.4263
126	23.204557	 TOP-5 0.6168	0.6092	0.4798	 TOP-7: 0.6132	0.6081	0.4582	 TOP-10: 0.5951	0.5971	0.4275
127	23.210884	 TOP-5 0.6146	0.6079	0.4777	 TOP-7: 0.6098	0.6059	0.4547	 TOP-10: 0.5940	0.5964	0.4265
128	23.212618	 TOP-5 0.6136	0.6073	0.4761	 TOP-7: 0.6125	0.6078	0.4572	 TOP-10: 0.5919	0.5952	0.4256
129	23.209332	 TOP-5 0.6152	0.6077	0.4773	 TOP-7: 0.6113	0.6066	0.4553	 TOP-10: 0.5935	0.5958	0.4262
130	23.207634	 TOP-5 0.6146	0.6076	0.4775	 TOP-7: 0.6094	0.6056	0.4542	 TOP-10: 0.5927	0.5955	0.4258
131	23.201614	 TOP-5 0.6173	0.6097	0.4799	 TOP-7: 0.6113	0.6071	0.4560	 TOP-10: 0.5946	0.5969	0.4272
132	23.206671	 TOP-5 0.6157	0.6074	0.4780	 TOP-7: 0.6117	0.6064	0.4561	 TOP-10: 0.5946	0.5961	0.4268
133	23.216894	 TOP-5 0.6190	0.6085	0.4797	 TOP-7: 0.6125	0.6062	0.4564	 TOP-10: 0.5935	0.5948	0.4256
134	23.214939	 TOP-5 0.6173	0.6084	0.4795	 TOP-7: 0.6148	0.6085	0.4586	 TOP-10: 0.5938	0.5958	0.4267
135	23.204138	 TOP-5 0.6168	0.6082	0.4788	 TOP-7: 0.6105	0.6057	0.4555	 TOP-10: 0.5932	0.5952	0.4257
136	23.207176	 TOP-5 0.6114	0.6054	0.4761	 TOP-7: 0.6094	0.6054	0.4554	 TOP-10: 0.5930	0.5954	0.4257
137	23.200617	 TOP-5 0.6114	0.6041	0.4743	 TOP-7: 0.6117	0.6058	0.4559	 TOP-10: 0.5932	0.5947	0.4253
138	23.208099	 TOP-5 0.6092	0.6019	0.4729	 TOP-7: 0.6109	0.6046	0.4550	 TOP-10: 0.5932	0.5941	0.4248
139	23.222885	 TOP-5 0.6103	0.6019	0.4724	 TOP-7: 0.6109	0.6040	0.4545	 TOP-10: 0.5927	0.5933	0.4242
140	23.206030	 TOP-5 0.6087	0.6012	0.4723	 TOP-7: 0.6113	0.6046	0.4548	 TOP-10: 0.5946	0.5949	0.4258
141	23.198940	 TOP-5 0.6092	0.6018	0.4726	 TOP-7: 0.6105	0.6041	0.4543	 TOP-10: 0.5932	0.5940	0.4245
142	23.223885	 TOP-5 0.6108	0.6032	0.4739	 TOP-7: 0.6090	0.6036	0.4540	 TOP-10: 0.5940	0.5949	0.4254
143	23.204159	 TOP-5 0.6125	0.6038	0.4737	 TOP-7: 0.6082	0.6027	0.4528	 TOP-10: 0.5935	0.5942	0.4246
144	23.207573	 TOP-5 0.6119	0.6035	0.4742	 TOP-7: 0.6113	0.6048	0.4559	 TOP-10: 0.5927	0.5938	0.4250
145	23.211010	 TOP-5 0.6130	0.6038	0.4747	 TOP-7: 0.6094	0.6032	0.4535	 TOP-10: 0.5943	0.5945	0.4254
146	23.217831	 TOP-5 0.6103	0.6026	0.4732	 TOP-7: 0.6094	0.6035	0.4539	 TOP-10: 0.5943	0.5948	0.4255
147	23.211937	 TOP-5 0.6108	0.6025	0.4739	 TOP-7: 0.6086	0.6028	0.4534	 TOP-10: 0.5967	0.5960	0.4270
148	23.216436	 TOP-5 0.6152	0.6044	0.4759	 TOP-7: 0.6094	0.6027	0.4538	 TOP-10: 0.5949	0.5944	0.4257
149	23.216150	 TOP-5 0.6130	0.6026	0.4740	 TOP-7: 0.6113	0.6036	0.4544	 TOP-10: 0.5938	0.5935	0.4248
Final model saved after 150 epochs
Best model was from epoch 29 with NDCG10 = 0.6345
