# epoch	train_loss	precision5	NDCG5	MAP5	precision7	NDCG7	MAP7	precision10	NDCG10	MAP10
0	23.518883	 TOP-5 0.5506	0.5512	0.4163	 TOP-7: 0.5673	0.5602	0.4103	 TOP-10: 0.5784	0.5623	0.4224
New best model saved at epoch 0 with NDCG10 = 0.5623
1	23.498997	 TOP-5 0.5730	0.5748	0.4426	 TOP-7: 0.5710	0.5712	0.4248	 TOP-10: 0.5917	0.5783	0.4403
New best model saved at epoch 1 with NDCG10 = 0.5783
2	23.478168	 TOP-5 0.5851	0.5897	0.4596	 TOP-7: 0.5948	0.5932	0.4474	 TOP-10: 0.6023	0.5924	0.4543
New best model saved at epoch 2 with NDCG10 = 0.5924
3	23.467091	 TOP-5 0.6040	0.6170	0.4883	 TOP-7: 0.6014	0.6110	0.4658	 TOP-10: 0.6161	0.6129	0.4741
New best model saved at epoch 3 with NDCG10 = 0.6129
4	23.419397	 TOP-5 0.5931	0.6030	0.4739	 TOP-7: 0.6080	0.6094	0.4655	 TOP-10: 0.6175	0.6094	0.4728
5	23.388714	 TOP-5 0.6040	0.6061	0.4788	 TOP-7: 0.6125	0.6095	0.4673	 TOP-10: 0.6230	0.6110	0.4763
6	23.350227	 TOP-5 0.6069	0.6092	0.4823	 TOP-7: 0.6125	0.6106	0.4690	 TOP-10: 0.6204	0.6103	0.4756
7	23.304832	 TOP-5 0.6029	0.6079	0.4814	 TOP-7: 0.6104	0.6101	0.4676	 TOP-10: 0.6195	0.6104	0.4755
8	23.285072	 TOP-5 0.6029	0.6108	0.4834	 TOP-7: 0.6112	0.6130	0.4712	 TOP-10: 0.6195	0.6122	0.4771
9	23.280197	 TOP-5 0.6086	0.6125	0.4848	 TOP-7: 0.6125	0.6124	0.4706	 TOP-10: 0.6221	0.6130	0.4778
New best model saved at epoch 9 with NDCG10 = 0.6130
10	23.278008	 TOP-5 0.6149	0.6194	0.4917	 TOP-7: 0.6117	0.6145	0.4717	 TOP-10: 0.6195	0.6135	0.4775
New best model saved at epoch 10 with NDCG10 = 0.6135
11	23.276566	 TOP-5 0.6144	0.6237	0.4957	 TOP-7: 0.6108	0.6176	0.4744	 TOP-10: 0.6230	0.6186	0.4819
New best model saved at epoch 11 with NDCG10 = 0.6186
12	23.275848	 TOP-5 0.6149	0.6271	0.4998	 TOP-7: 0.6104	0.6199	0.4768	 TOP-10: 0.6239	0.6214	0.4842
New best model saved at epoch 12 with NDCG10 = 0.6214
13	23.276621	 TOP-5 0.6149	0.6273	0.5013	 TOP-7: 0.6092	0.6195	0.4766	 TOP-10: 0.6230	0.6210	0.4842
14	23.275200	 TOP-5 0.6172	0.6299	0.5048	 TOP-7: 0.6121	0.6225	0.4801	 TOP-10: 0.6236	0.6227	0.4866
New best model saved at epoch 14 with NDCG10 = 0.6227
15	23.276230	 TOP-5 0.6195	0.6319	0.5071	 TOP-7: 0.6133	0.6238	0.4820	 TOP-10: 0.6247	0.6237	0.4875
New best model saved at epoch 15 with NDCG10 = 0.6237
16	23.276310	 TOP-5 0.6213	0.6347	0.5089	 TOP-7: 0.6121	0.6247	0.4817	 TOP-10: 0.6233	0.6242	0.4876
New best model saved at epoch 16 with NDCG10 = 0.6242
17	23.275885	 TOP-5 0.6224	0.6368	0.5117	 TOP-7: 0.6149	0.6275	0.4848	 TOP-10: 0.6236	0.6253	0.4891
New best model saved at epoch 17 with NDCG10 = 0.6253
18	23.275927	 TOP-5 0.6207	0.6348	0.5100	 TOP-7: 0.6117	0.6247	0.4824	 TOP-10: 0.6261	0.6263	0.4900
New best model saved at epoch 18 with NDCG10 = 0.6263
19	23.275909	 TOP-5 0.6190	0.6350	0.5102	 TOP-7: 0.6178	0.6297	0.4877	 TOP-10: 0.6282	0.6286	0.4929
New best model saved at epoch 19 with NDCG10 = 0.6286
20	23.275734	 TOP-5 0.6213	0.6369	0.5120	 TOP-7: 0.6162	0.6290	0.4874	 TOP-10: 0.6307	0.6305	0.4947
New best model saved at epoch 20 with NDCG10 = 0.6305
21	23.275640	 TOP-5 0.6201	0.6373	0.5127	 TOP-7: 0.6149	0.6292	0.4872	 TOP-10: 0.6305	0.6311	0.4948
New best model saved at epoch 21 with NDCG10 = 0.6311
22	23.276218	 TOP-5 0.6190	0.6360	0.5110	 TOP-7: 0.6117	0.6266	0.4842	 TOP-10: 0.6287	0.6295	0.4929
23	23.275627	 TOP-5 0.6201	0.6375	0.5137	 TOP-7: 0.6125	0.6276	0.4858	 TOP-10: 0.6293	0.6305	0.4940
24	23.275723	 TOP-5 0.6241	0.6410	0.5168	 TOP-7: 0.6149	0.6302	0.4886	 TOP-10: 0.6316	0.6328	0.4966
New best model saved at epoch 24 with NDCG10 = 0.6328
25	23.275593	 TOP-5 0.6241	0.6402	0.5170	 TOP-7: 0.6178	0.6316	0.4907	 TOP-10: 0.6319	0.6325	0.4968
26	23.275602	 TOP-5 0.6259	0.6416	0.5172	 TOP-7: 0.6211	0.6340	0.4933	 TOP-10: 0.6319	0.6331	0.4965
New best model saved at epoch 26 with NDCG10 = 0.6331
27	23.272985	 TOP-5 0.6276	0.6434	0.5199	 TOP-7: 0.6145	0.6303	0.4896	 TOP-10: 0.6296	0.6316	0.4950
28	23.274618	 TOP-5 0.6293	0.6455	0.5221	 TOP-7: 0.6199	0.6347	0.4940	 TOP-10: 0.6296	0.6327	0.4967
29	23.275232	 TOP-5 0.6310	0.6466	0.5239	 TOP-7: 0.6227	0.6366	0.4963	 TOP-10: 0.6299	0.6331	0.4977
New best model saved at epoch 29 with NDCG10 = 0.6331
30	23.275528	 TOP-5 0.6322	0.6469	0.5243	 TOP-7: 0.6219	0.6359	0.4959	 TOP-10: 0.6282	0.6317	0.4964
31	23.275278	 TOP-5 0.6310	0.6459	0.5236	 TOP-7: 0.6215	0.6355	0.4955	 TOP-10: 0.6273	0.6312	0.4959
32	23.275248	 TOP-5 0.6305	0.6449	0.5220	 TOP-7: 0.6203	0.6342	0.4937	 TOP-10: 0.6253	0.6295	0.4943
33	23.272549	 TOP-5 0.6322	0.6469	0.5249	 TOP-7: 0.6207	0.6351	0.4944	 TOP-10: 0.6253	0.6302	0.4945
34	23.275351	 TOP-5 0.6333	0.6476	0.5259	 TOP-7: 0.6227	0.6365	0.4963	 TOP-10: 0.6267	0.6310	0.4955
35	23.274836	 TOP-5 0.6356	0.6496	0.5279	 TOP-7: 0.6227	0.6371	0.4966	 TOP-10: 0.6247	0.6301	0.4944
36	23.273912	 TOP-5 0.6345	0.6492	0.5267	 TOP-7: 0.6240	0.6381	0.4972	 TOP-10: 0.6253	0.6308	0.4946
37	23.274263	 TOP-5 0.6379	0.6524	0.5302	 TOP-7: 0.6248	0.6395	0.4985	 TOP-10: 0.6282	0.6334	0.4971
New best model saved at epoch 37 with NDCG10 = 0.6334
38	23.274115	 TOP-5 0.6374	0.6513	0.5289	 TOP-7: 0.6252	0.6392	0.4979	 TOP-10: 0.6264	0.6317	0.4954
39	23.274063	 TOP-5 0.6397	0.6528	0.5312	 TOP-7: 0.6227	0.6376	0.4969	 TOP-10: 0.6264	0.6317	0.4954
40	23.272348	 TOP-5 0.6368	0.6510	0.5289	 TOP-7: 0.6215	0.6369	0.4960	 TOP-10: 0.6267	0.6317	0.4950
41	23.272734	 TOP-5 0.6374	0.6516	0.5297	 TOP-7: 0.6227	0.6379	0.4975	 TOP-10: 0.6236	0.6298	0.4938
42	23.268688	 TOP-5 0.6414	0.6545	0.5329	 TOP-7: 0.6223	0.6380	0.4977	 TOP-10: 0.6244	0.6306	0.4943
43	23.267715	 TOP-5 0.6437	0.6568	0.5358	 TOP-7: 0.6236	0.6396	0.4990	 TOP-10: 0.6247	0.6316	0.4957
44	23.265396	 TOP-5 0.6437	0.6579	0.5373	 TOP-7: 0.6268	0.6426	0.5027	 TOP-10: 0.6261	0.6333	0.4973
45	23.248781	 TOP-5 0.6391	0.6536	0.5329	 TOP-7: 0.6268	0.6415	0.5017	 TOP-10: 0.6259	0.6322	0.4965
46	23.245876	 TOP-5 0.6454	0.6580	0.5370	 TOP-7: 0.6244	0.6404	0.5002	 TOP-10: 0.6236	0.6310	0.4952
47	23.245556	 TOP-5 0.6483	0.6603	0.5411	 TOP-7: 0.6256	0.6415	0.5021	 TOP-10: 0.6239	0.6317	0.4959
48	23.230238	 TOP-5 0.6483	0.6590	0.5399	 TOP-7: 0.6232	0.6388	0.4989	 TOP-10: 0.6239	0.6307	0.4952
49	23.228504	 TOP-5 0.6489	0.6583	0.5402	 TOP-7: 0.6227	0.6375	0.4986	 TOP-10: 0.6233	0.6294	0.4943
50	23.232813	 TOP-5 0.6506	0.6604	0.5419	 TOP-7: 0.6244	0.6394	0.5002	 TOP-10: 0.6230	0.6299	0.4943
51	23.226723	 TOP-5 0.6489	0.6580	0.5388	 TOP-7: 0.6240	0.6379	0.4986	 TOP-10: 0.6230	0.6289	0.4935
52	23.226637	 TOP-5 0.6471	0.6566	0.5356	 TOP-7: 0.6248	0.6380	0.4983	 TOP-10: 0.6195	0.6263	0.4908
53	23.230160	 TOP-5 0.6379	0.6505	0.5287	 TOP-7: 0.6227	0.6364	0.4956	 TOP-10: 0.6216	0.6271	0.4912
54	23.219755	 TOP-5 0.6356	0.6449	0.5237	 TOP-7: 0.6199	0.6310	0.4909	 TOP-10: 0.6236	0.6255	0.4908
55	23.233746	 TOP-5 0.6322	0.6405	0.5192	 TOP-7: 0.6203	0.6295	0.4897	 TOP-10: 0.6204	0.6218	0.4874
56	23.200802	 TOP-5 0.6316	0.6408	0.5197	 TOP-7: 0.6195	0.6296	0.4902	 TOP-10: 0.6239	0.6246	0.4898
57	23.207647	 TOP-5 0.6328	0.6387	0.5177	 TOP-7: 0.6199	0.6273	0.4879	 TOP-10: 0.6221	0.6214	0.4871
58	23.231396	 TOP-5 0.6259	0.6327	0.5106	 TOP-7: 0.6186	0.6250	0.4849	 TOP-10: 0.6216	0.6196	0.4852
59	23.217550	 TOP-5 0.6230	0.6302	0.5084	 TOP-7: 0.6170	0.6234	0.4835	 TOP-10: 0.6224	0.6197	0.4850
60	23.196518	 TOP-5 0.6259	0.6309	0.5094	 TOP-7: 0.6174	0.6229	0.4838	 TOP-10: 0.6201	0.6176	0.4835
61	23.216206	 TOP-5 0.6253	0.6290	0.5077	 TOP-7: 0.6154	0.6203	0.4814	 TOP-10: 0.6201	0.6164	0.4828
62	23.222635	 TOP-5 0.6236	0.6273	0.5049	 TOP-7: 0.6145	0.6191	0.4793	 TOP-10: 0.6198	0.6157	0.4818
63	23.225864	 TOP-5 0.6213	0.6251	0.5018	 TOP-7: 0.6137	0.6178	0.4780	 TOP-10: 0.6204	0.6156	0.4812
64	23.232487	 TOP-5 0.6207	0.6235	0.5005	 TOP-7: 0.6170	0.6189	0.4801	 TOP-10: 0.6190	0.6138	0.4801
65	23.209858	 TOP-5 0.6213	0.6227	0.4997	 TOP-7: 0.6154	0.6169	0.4776	 TOP-10: 0.6181	0.6125	0.4788
66	23.216127	 TOP-5 0.6195	0.6198	0.4961	 TOP-7: 0.6170	0.6165	0.4771	 TOP-10: 0.6181	0.6113	0.4784
67	23.218250	 TOP-5 0.6213	0.6204	0.4966	 TOP-7: 0.6133	0.6138	0.4745	 TOP-10: 0.6161	0.6096	0.4762
68	23.199512	 TOP-5 0.6195	0.6180	0.4943	 TOP-7: 0.6149	0.6136	0.4750	 TOP-10: 0.6167	0.6090	0.4756
69	23.197590	 TOP-5 0.6167	0.6167	0.4931	 TOP-7: 0.6129	0.6126	0.4732	 TOP-10: 0.6167	0.6092	0.4756
70	23.214182	 TOP-5 0.6161	0.6164	0.4931	 TOP-7: 0.6137	0.6132	0.4738	 TOP-10: 0.6190	0.6108	0.4774
71	23.213345	 TOP-5 0.6172	0.6172	0.4940	 TOP-7: 0.6145	0.6139	0.4744	 TOP-10: 0.6190	0.6109	0.4771
72	23.215456	 TOP-5 0.6161	0.6135	0.4906	 TOP-7: 0.6133	0.6107	0.4721	 TOP-10: 0.6195	0.6092	0.4772
73	23.218082	 TOP-5 0.6184	0.6147	0.4920	 TOP-7: 0.6129	0.6103	0.4717	 TOP-10: 0.6175	0.6078	0.4757
74	23.223083	 TOP-5 0.6178	0.6136	0.4902	 TOP-7: 0.6112	0.6086	0.4700	 TOP-10: 0.6193	0.6084	0.4762
75	23.214413	 TOP-5 0.6161	0.6106	0.4876	 TOP-7: 0.6121	0.6076	0.4698	 TOP-10: 0.6187	0.6068	0.4752
76	23.202911	 TOP-5 0.6195	0.6126	0.4892	 TOP-7: 0.6088	0.6054	0.4670	 TOP-10: 0.6181	0.6062	0.4743
77	23.214697	 TOP-5 0.6190	0.6122	0.4893	 TOP-7: 0.6076	0.6045	0.4663	 TOP-10: 0.6187	0.6064	0.4746
78	23.212326	 TOP-5 0.6178	0.6112	0.4881	 TOP-7: 0.6088	0.6049	0.4664	 TOP-10: 0.6204	0.6072	0.4753
79	23.214745	 TOP-5 0.6190	0.6130	0.4896	 TOP-7: 0.6076	0.6050	0.4662	 TOP-10: 0.6204	0.6079	0.4754
80	23.211042	 TOP-5 0.6184	0.6114	0.4885	 TOP-7: 0.6108	0.6061	0.4677	 TOP-10: 0.6207	0.6072	0.4753
81	23.215876	 TOP-5 0.6161	0.6101	0.4863	 TOP-7: 0.6108	0.6062	0.4674	 TOP-10: 0.6204	0.6071	0.4747
82	23.215521	 TOP-5 0.6155	0.6111	0.4880	 TOP-7: 0.6092	0.6061	0.4671	 TOP-10: 0.6190	0.6069	0.4745
83	23.225355	 TOP-5 0.6155	0.6108	0.4872	 TOP-7: 0.6096	0.6062	0.4674	 TOP-10: 0.6181	0.6063	0.4737
84	23.210663	 TOP-5 0.6184	0.6125	0.4896	 TOP-7: 0.6051	0.6031	0.4643	 TOP-10: 0.6175	0.6056	0.4732
85	23.215605	 TOP-5 0.6195	0.6127	0.4895	 TOP-7: 0.6071	0.6039	0.4651	 TOP-10: 0.6193	0.6064	0.4744
86	23.223663	 TOP-5 0.6172	0.6116	0.4883	 TOP-7: 0.6080	0.6048	0.4659	 TOP-10: 0.6187	0.6064	0.4742
87	23.201687	 TOP-5 0.6161	0.6095	0.4862	 TOP-7: 0.6080	0.6037	0.4653	 TOP-10: 0.6181	0.6051	0.4728
88	23.212936	 TOP-5 0.6167	0.6111	0.4889	 TOP-7: 0.6092	0.6056	0.4672	 TOP-10: 0.6187	0.6065	0.4743
89	23.218876	 TOP-5 0.6161	0.6105	0.4880	 TOP-7: 0.6080	0.6045	0.4664	 TOP-10: 0.6178	0.6057	0.4740
90	23.199482	 TOP-5 0.6161	0.6105	0.4882	 TOP-7: 0.6080	0.6045	0.4665	 TOP-10: 0.6184	0.6060	0.4738
91	23.215443	 TOP-5 0.6138	0.6084	0.4853	 TOP-7: 0.6104	0.6055	0.4664	 TOP-10: 0.6184	0.6058	0.4734
92	23.215744	 TOP-5 0.6138	0.6091	0.4859	 TOP-7: 0.6080	0.6045	0.4651	 TOP-10: 0.6190	0.6065	0.4739
93	23.210497	 TOP-5 0.6161	0.6113	0.4884	 TOP-7: 0.6104	0.6068	0.4675	 TOP-10: 0.6193	0.6072	0.4746
94	23.213451	 TOP-5 0.6132	0.6093	0.4861	 TOP-7: 0.6100	0.6062	0.4667	 TOP-10: 0.6184	0.6064	0.4735
95	23.218359	 TOP-5 0.6167	0.6120	0.4897	 TOP-7: 0.6096	0.6064	0.4671	 TOP-10: 0.6178	0.6065	0.4738
96	23.192368	 TOP-5 0.6167	0.6123	0.4893	 TOP-7: 0.6084	0.6059	0.4667	 TOP-10: 0.6175	0.6064	0.4734
97	23.213266	 TOP-5 0.6161	0.6111	0.4881	 TOP-7: 0.6108	0.6068	0.4681	 TOP-10: 0.6170	0.6056	0.4732
98	23.207539	 TOP-5 0.6144	0.6098	0.4876	 TOP-7: 0.6092	0.6057	0.4668	 TOP-10: 0.6193	0.6069	0.4742
99	23.204216	 TOP-5 0.6155	0.6097	0.4878	 TOP-7: 0.6088	0.6049	0.4667	 TOP-10: 0.6193	0.6065	0.4738
100	23.213940	 TOP-5 0.6178	0.6115	0.4898	 TOP-7: 0.6088	0.6052	0.4671	 TOP-10: 0.6181	0.6060	0.4736
101	23.211290	 TOP-5 0.6161	0.6100	0.4880	 TOP-7: 0.6080	0.6042	0.4658	 TOP-10: 0.6187	0.6060	0.4735
102	23.223209	 TOP-5 0.6138	0.6098	0.4881	 TOP-7: 0.6092	0.6060	0.4674	 TOP-10: 0.6181	0.6065	0.4737
103	23.209129	 TOP-5 0.6149	0.6101	0.4884	 TOP-7: 0.6076	0.6046	0.4667	 TOP-10: 0.6175	0.6058	0.4732
104	23.209618	 TOP-5 0.6155	0.6115	0.4894	 TOP-7: 0.6092	0.6064	0.4677	 TOP-10: 0.6195	0.6077	0.4747
105	23.212364	 TOP-5 0.6178	0.6134	0.4913	 TOP-7: 0.6080	0.6060	0.4678	 TOP-10: 0.6187	0.6074	0.4743
106	23.209574	 TOP-5 0.6161	0.6120	0.4891	 TOP-7: 0.6104	0.6075	0.4693	 TOP-10: 0.6184	0.6073	0.4742
107	23.205002	 TOP-5 0.6167	0.6124	0.4895	 TOP-7: 0.6080	0.6059	0.4677	 TOP-10: 0.6181	0.6069	0.4736
108	23.210829	 TOP-5 0.6138	0.6105	0.4864	 TOP-7: 0.6055	0.6042	0.4652	 TOP-10: 0.6164	0.6057	0.4723
109	23.217258	 TOP-5 0.6132	0.6097	0.4868	 TOP-7: 0.6084	0.6057	0.4673	 TOP-10: 0.6178	0.6063	0.4733
110	23.200634	 TOP-5 0.6149	0.6100	0.4879	 TOP-7: 0.6080	0.6046	0.4667	 TOP-10: 0.6201	0.6072	0.4746
111	23.200794	 TOP-5 0.6144	0.6103	0.4876	 TOP-7: 0.6084	0.6055	0.4673	 TOP-10: 0.6195	0.6074	0.4741
112	23.206694	 TOP-5 0.6126	0.6093	0.4858	 TOP-7: 0.6076	0.6050	0.4669	 TOP-10: 0.6210	0.6084	0.4755
113	23.201368	 TOP-5 0.6144	0.6097	0.4874	 TOP-7: 0.6112	0.6069	0.4690	 TOP-10: 0.6221	0.6088	0.4762
114	23.201826	 TOP-5 0.6121	0.6097	0.4873	 TOP-7: 0.6047	0.6037	0.4657	 TOP-10: 0.6207	0.6086	0.4757
115	23.203159	 TOP-5 0.6121	0.6102	0.4878	 TOP-7: 0.6084	0.6064	0.4680	 TOP-10: 0.6201	0.6085	0.4760
116	23.201504	 TOP-5 0.6132	0.6099	0.4878	 TOP-7: 0.6096	0.6065	0.4685	 TOP-10: 0.6181	0.6065	0.4742
117	23.204163	 TOP-5 0.6138	0.6097	0.4887	 TOP-7: 0.6059	0.6035	0.4660	 TOP-10: 0.6181	0.6059	0.4742
118	23.205154	 TOP-5 0.6121	0.6082	0.4860	 TOP-7: 0.6100	0.6060	0.4681	 TOP-10: 0.6175	0.6055	0.4735
119	23.217649	 TOP-5 0.6121	0.6082	0.4857	 TOP-7: 0.6084	0.6049	0.4670	 TOP-10: 0.6184	0.6059	0.4740
120	23.218464	 TOP-5 0.6155	0.6101	0.4877	 TOP-7: 0.6100	0.6058	0.4683	 TOP-10: 0.6175	0.6052	0.4736
121	23.203644	 TOP-5 0.6115	0.6067	0.4841	 TOP-7: 0.6108	0.6055	0.4680	 TOP-10: 0.6181	0.6051	0.4737
122	23.206810	 TOP-5 0.6121	0.6073	0.4840	 TOP-7: 0.6096	0.6049	0.4671	 TOP-10: 0.6178	0.6049	0.4737
123	23.202068	 TOP-5 0.6144	0.6071	0.4848	 TOP-7: 0.6067	0.6017	0.4649	 TOP-10: 0.6158	0.6024	0.4717
124	23.209854	 TOP-5 0.6109	0.6045	0.4821	 TOP-7: 0.6067	0.6012	0.4637	 TOP-10: 0.6172	0.6030	0.4720
125	23.202709	 TOP-5 0.6109	0.6051	0.4832	 TOP-7: 0.6088	0.6031	0.4659	 TOP-10: 0.6184	0.6042	0.4730
126	23.202967	 TOP-5 0.6086	0.6028	0.4808	 TOP-7: 0.6084	0.6021	0.4652	 TOP-10: 0.6172	0.6030	0.4723
127	23.210543	 TOP-5 0.6103	0.6066	0.4841	 TOP-7: 0.6063	0.6031	0.4660	 TOP-10: 0.6175	0.6047	0.4734
128	23.198059	 TOP-5 0.6115	0.6058	0.4834	 TOP-7: 0.6071	0.6023	0.4649	 TOP-10: 0.6178	0.6040	0.4726
129	23.212221	 TOP-5 0.6115	0.6065	0.4835	 TOP-7: 0.6080	0.6035	0.4659	 TOP-10: 0.6190	0.6052	0.4740
130	23.197668	 TOP-5 0.6126	0.6071	0.4846	 TOP-7: 0.6084	0.6037	0.4657	 TOP-10: 0.6172	0.6042	0.4729
131	23.202816	 TOP-5 0.6126	0.6080	0.4848	 TOP-7: 0.6092	0.6049	0.4671	 TOP-10: 0.6155	0.6037	0.4723
132	23.210493	 TOP-5 0.6098	0.6064	0.4830	 TOP-7: 0.6100	0.6056	0.4671	 TOP-10: 0.6178	0.6053	0.4739
133	23.207363	 TOP-5 0.6144	0.6080	0.4854	 TOP-7: 0.6080	0.6032	0.4653	 TOP-10: 0.6184	0.6047	0.4736
134	23.209156	 TOP-5 0.6092	0.6062	0.4833	 TOP-7: 0.6076	0.6042	0.4661	 TOP-10: 0.6187	0.6059	0.4739
135	23.211128	 TOP-5 0.6115	0.6084	0.4855	 TOP-7: 0.6067	0.6042	0.4661	 TOP-10: 0.6184	0.6062	0.4745
136	23.201971	 TOP-5 0.6086	0.6054	0.4824	 TOP-7: 0.6071	0.6034	0.4653	 TOP-10: 0.6187	0.6056	0.4738
137	23.199778	 TOP-5 0.6075	0.6048	0.4818	 TOP-7: 0.6047	0.6019	0.4639	 TOP-10: 0.6178	0.6050	0.4730
138	23.204748	 TOP-5 0.6075	0.6050	0.4819	 TOP-7: 0.6076	0.6039	0.4661	 TOP-10: 0.6190	0.6060	0.4745
139	23.197231	 TOP-5 0.6086	0.6037	0.4812	 TOP-7: 0.6088	0.6031	0.4654	 TOP-10: 0.6201	0.6055	0.4747
140	23.192410	 TOP-5 0.6092	0.6042	0.4808	 TOP-7: 0.6063	0.6016	0.4638	 TOP-10: 0.6198	0.6054	0.4743
141	23.202284	 TOP-5 0.6063	0.6032	0.4809	 TOP-7: 0.6063	0.6021	0.4641	 TOP-10: 0.6190	0.6052	0.4743
142	23.210033	 TOP-5 0.6052	0.6035	0.4816	 TOP-7: 0.6030	0.6008	0.4628	 TOP-10: 0.6210	0.6071	0.4754
143	23.202660	 TOP-5 0.6063	0.6033	0.4807	 TOP-7: 0.6067	0.6025	0.4646	 TOP-10: 0.6201	0.6061	0.4749
144	23.200840	 TOP-5 0.6075	0.6038	0.4806	 TOP-7: 0.6067	0.6024	0.4642	 TOP-10: 0.6216	0.6072	0.4757
145	23.202831	 TOP-5 0.6103	0.6073	0.4845	 TOP-7: 0.6096	0.6057	0.4679	 TOP-10: 0.6210	0.6080	0.4762
146	23.199244	 TOP-5 0.6121	0.6063	0.4844	 TOP-7: 0.6071	0.6025	0.4658	 TOP-10: 0.6233	0.6080	0.4774
147	23.195787	 TOP-5 0.6109	0.6073	0.4864	 TOP-7: 0.6071	0.6038	0.4674	 TOP-10: 0.6233	0.6089	0.4781
148	23.210625	 TOP-5 0.6103	0.6073	0.4865	 TOP-7: 0.6100	0.6059	0.4696	 TOP-10: 0.6224	0.6087	0.4780
149	23.205643	 TOP-5 0.6103	0.6068	0.4852	 TOP-7: 0.6096	0.6053	0.4683	 TOP-10: 0.6218	0.6080	0.4771
Final model saved after 150 epochs
Best model was from epoch 37 with NDCG10 = 0.6334
