# epoch	train_loss	precision5	NDCG5	MAP5	precision7	NDCG7	MAP7	precision10	NDCG10	MAP10
0	36.173183	 TOP-5 0.3299	0.5479	0.2353	 TOP-7: 0.3664	0.5590	0.2521	 TOP-10: 0.4178	0.5765	0.2902
New best model saved at epoch 0 with NDCG10 = 0.5765
1	30.071117	 TOP-5 0.3891	0.6045	0.2963	 TOP-7: 0.4003	0.6011	0.2971	 TOP-10: 0.4443	0.6113	0.3259
New best model saved at epoch 1 with NDCG10 = 0.6113
2	24.391373	 TOP-5 0.4036	0.6183	0.3095	 TOP-7: 0.4240	0.6188	0.3151	 TOP-10: 0.4653	0.6278	0.3448
New best model saved at epoch 2 with NDCG10 = 0.6278
3	24.415264	 TOP-5 0.4317	0.6351	0.3312	 TOP-7: 0.4445	0.6340	0.3321	 TOP-10: 0.4891	0.6447	0.3652
New best model saved at epoch 3 with NDCG10 = 0.6447
4	24.113934	 TOP-5 0.4565	0.6446	0.3387	 TOP-7: 0.4741	0.6477	0.3478	 TOP-10: 0.5115	0.6580	0.3819
New best model saved at epoch 4 with NDCG10 = 0.6580
5	24.152960	 TOP-5 0.4647	0.6513	0.3521	 TOP-7: 0.4916	0.6595	0.3643	 TOP-10: 0.5266	0.6708	0.3984
New best model saved at epoch 5 with NDCG10 = 0.6708
6	24.323072	 TOP-5 0.4559	0.6480	0.3495	 TOP-7: 0.4806	0.6554	0.3576	 TOP-10: 0.5328	0.6725	0.3989
New best model saved at epoch 6 with NDCG10 = 0.6725
7	24.374640	 TOP-5 0.4680	0.6573	0.3589	 TOP-7: 0.4931	0.6649	0.3682	 TOP-10: 0.5423	0.6804	0.4087
New best model saved at epoch 7 with NDCG10 = 0.6804
8	24.088316	 TOP-5 0.4897	0.6722	0.3790	 TOP-7: 0.5121	0.6789	0.3861	 TOP-10: 0.5545	0.6916	0.4233
New best model saved at epoch 8 with NDCG10 = 0.6916
9	24.044062	 TOP-5 0.5085	0.6881	0.4005	 TOP-7: 0.5287	0.6928	0.4047	 TOP-10: 0.5654	0.7025	0.4386
New best model saved at epoch 9 with NDCG10 = 0.7025
10	24.013880	 TOP-5 0.5251	0.7014	0.4194	 TOP-7: 0.5423	0.7044	0.4220	 TOP-10: 0.5795	0.7147	0.4552
New best model saved at epoch 10 with NDCG10 = 0.7147
11	24.080891	 TOP-5 0.5429	0.7154	0.4403	 TOP-7: 0.5580	0.7171	0.4416	 TOP-10: 0.5881	0.7249	0.4687
New best model saved at epoch 11 with NDCG10 = 0.7249
12	24.186579	 TOP-5 0.5601	0.7280	0.4578	 TOP-7: 0.5695	0.7268	0.4561	 TOP-10: 0.5982	0.7339	0.4821
New best model saved at epoch 12 with NDCG10 = 0.7339
13	24.367823	 TOP-5 0.5704	0.7357	0.4701	 TOP-7: 0.5794	0.7350	0.4685	 TOP-10: 0.6041	0.7404	0.4917
New best model saved at epoch 13 with NDCG10 = 0.7404
14	23.981277	 TOP-5 0.5770	0.7424	0.4797	 TOP-7: 0.5863	0.7412	0.4777	 TOP-10: 0.6110	0.7466	0.5001
New best model saved at epoch 14 with NDCG10 = 0.7466
15	24.091372	 TOP-5 0.5782	0.7444	0.4830	 TOP-7: 0.5859	0.7425	0.4804	 TOP-10: 0.6131	0.7480	0.5034
New best model saved at epoch 15 with NDCG10 = 0.7480
16	23.932232	 TOP-5 0.5792	0.7445	0.4832	 TOP-7: 0.5883	0.7435	0.4818	 TOP-10: 0.6168	0.7497	0.5064
New best model saved at epoch 16 with NDCG10 = 0.7497
17	23.998903	 TOP-5 0.5819	0.7457	0.4849	 TOP-7: 0.5911	0.7445	0.4838	 TOP-10: 0.6177	0.7500	0.5066
New best model saved at epoch 17 with NDCG10 = 0.7500
18	23.951248	 TOP-5 0.5834	0.7465	0.4852	 TOP-7: 0.5926	0.7451	0.4846	 TOP-10: 0.6187	0.7504	0.5083
New best model saved at epoch 18 with NDCG10 = 0.7504
19	23.914948	 TOP-5 0.5825	0.7458	0.4841	 TOP-7: 0.5930	0.7455	0.4843	 TOP-10: 0.6199	0.7506	0.5080
New best model saved at epoch 19 with NDCG10 = 0.7506
20	23.953699	 TOP-5 0.5840	0.7471	0.4861	 TOP-7: 0.5941	0.7462	0.4857	 TOP-10: 0.6208	0.7519	0.5091
New best model saved at epoch 20 with NDCG10 = 0.7519
21	23.963680	 TOP-5 0.5852	0.7473	0.4862	 TOP-7: 0.5958	0.7465	0.4866	 TOP-10: 0.6225	0.7515	0.5103
22	23.894127	 TOP-5 0.5840	0.7469	0.4858	 TOP-7: 0.5960	0.7465	0.4870	 TOP-10: 0.6224	0.7515	0.5098
23	23.939054	 TOP-5 0.5846	0.7480	0.4870	 TOP-7: 0.5943	0.7462	0.4864	 TOP-10: 0.6215	0.7512	0.5093
24	23.925739	 TOP-5 0.5840	0.7463	0.4860	 TOP-7: 0.5941	0.7454	0.4859	 TOP-10: 0.6210	0.7504	0.5086
25	24.004761	 TOP-5 0.5858	0.7480	0.4879	 TOP-7: 0.5924	0.7455	0.4851	 TOP-10: 0.6213	0.7510	0.5096
26	23.929190	 TOP-5 0.5891	0.7494	0.4911	 TOP-7: 0.5947	0.7469	0.4877	 TOP-10: 0.6228	0.7521	0.5110
New best model saved at epoch 26 with NDCG10 = 0.7521
27	23.942955	 TOP-5 0.5931	0.7517	0.4950	 TOP-7: 0.5971	0.7484	0.4905	 TOP-10: 0.6225	0.7528	0.5110
New best model saved at epoch 27 with NDCG10 = 0.7528
28	23.948410	 TOP-5 0.5870	0.7491	0.4896	 TOP-7: 0.5952	0.7472	0.4884	 TOP-10: 0.6222	0.7524	0.5108
29	24.102213	 TOP-5 0.5885	0.7491	0.4905	 TOP-7: 0.5954	0.7469	0.4885	 TOP-10: 0.6221	0.7519	0.5109
30	24.022087	 TOP-5 0.5870	0.7493	0.4901	 TOP-7: 0.5973	0.7480	0.4901	 TOP-10: 0.6224	0.7529	0.5110
New best model saved at epoch 30 with NDCG10 = 0.7529
31	23.899128	 TOP-5 0.5861	0.7489	0.4897	 TOP-7: 0.5967	0.7480	0.4895	 TOP-10: 0.6221	0.7528	0.5106
32	23.921528	 TOP-5 0.5861	0.7493	0.4903	 TOP-7: 0.5971	0.7486	0.4899	 TOP-10: 0.6245	0.7535	0.5126
New best model saved at epoch 32 with NDCG10 = 0.7535
33	23.892048	 TOP-5 0.5852	0.7477	0.4891	 TOP-7: 0.5965	0.7474	0.4886	 TOP-10: 0.6213	0.7519	0.5093
34	23.909994	 TOP-5 0.5846	0.7473	0.4880	 TOP-7: 0.5978	0.7477	0.4893	 TOP-10: 0.6225	0.7523	0.5101
35	23.846657	 TOP-5 0.5849	0.7478	0.4885	 TOP-7: 0.5969	0.7475	0.4891	 TOP-10: 0.6222	0.7526	0.5104
36	23.993774	 TOP-5 0.5834	0.7468	0.4869	 TOP-7: 0.5962	0.7469	0.4880	 TOP-10: 0.6222	0.7519	0.5101
37	23.793304	 TOP-5 0.5834	0.7465	0.4866	 TOP-7: 0.5950	0.7464	0.4870	 TOP-10: 0.6216	0.7517	0.5097
38	23.862074	 TOP-5 0.5846	0.7469	0.4869	 TOP-7: 0.5952	0.7463	0.4868	 TOP-10: 0.6237	0.7521	0.5108
39	23.845078	 TOP-5 0.5837	0.7460	0.4859	 TOP-7: 0.5967	0.7465	0.4872	 TOP-10: 0.6215	0.7510	0.5094
40	23.803226	 TOP-5 0.5855	0.7472	0.4889	 TOP-7: 0.5991	0.7485	0.4905	 TOP-10: 0.6225	0.7522	0.5113
41	23.855204	 TOP-5 0.5849	0.7466	0.4885	 TOP-7: 0.5988	0.7477	0.4902	 TOP-10: 0.6236	0.7523	0.5119
42	23.949200	 TOP-5 0.5855	0.7473	0.4895	 TOP-7: 0.6001	0.7485	0.4921	 TOP-10: 0.6233	0.7526	0.5124
43	23.773771	 TOP-5 0.5864	0.7480	0.4897	 TOP-7: 0.6008	0.7488	0.4919	 TOP-10: 0.6239	0.7528	0.5128
44	23.829962	 TOP-5 0.5837	0.7455	0.4876	 TOP-7: 0.5969	0.7463	0.4883	 TOP-10: 0.6240	0.7519	0.5121
45	23.786310	 TOP-5 0.5849	0.7471	0.4894	 TOP-7: 0.5973	0.7471	0.4900	 TOP-10: 0.6231	0.7526	0.5113
46	23.810863	 TOP-5 0.5828	0.7450	0.4873	 TOP-7: 0.5984	0.7467	0.4900	 TOP-10: 0.6222	0.7516	0.5112
47	23.819166	 TOP-5 0.5834	0.7457	0.4877	 TOP-7: 0.5988	0.7473	0.4900	 TOP-10: 0.6230	0.7521	0.5116
48	23.768381	 TOP-5 0.5819	0.7454	0.4871	 TOP-7: 0.5980	0.7469	0.4896	 TOP-10: 0.6234	0.7522	0.5117
49	23.767534	 TOP-5 0.5843	0.7467	0.4885	 TOP-7: 0.5984	0.7474	0.4906	 TOP-10: 0.6222	0.7521	0.5113
50	23.813932	 TOP-5 0.5867	0.7470	0.4890	 TOP-7: 0.5973	0.7462	0.4892	 TOP-10: 0.6221	0.7512	0.5106
51	23.719858	 TOP-5 0.5903	0.7484	0.4922	 TOP-7: 0.6001	0.7483	0.4919	 TOP-10: 0.6213	0.7515	0.5111
52	23.754238	 TOP-5 0.5891	0.7478	0.4903	 TOP-7: 0.5980	0.7466	0.4901	 TOP-10: 0.6227	0.7516	0.5112
53	23.723621	 TOP-5 0.5870	0.7470	0.4913	 TOP-7: 0.5991	0.7474	0.4922	 TOP-10: 0.6215	0.7515	0.5101
54	23.812595	 TOP-5 0.5882	0.7473	0.4894	 TOP-7: 0.5971	0.7465	0.4894	 TOP-10: 0.6222	0.7513	0.5111
55	23.817270	 TOP-5 0.5858	0.7466	0.4895	 TOP-7: 0.5973	0.7469	0.4904	 TOP-10: 0.6224	0.7514	0.5112
56	23.874821	 TOP-5 0.5867	0.7467	0.4899	 TOP-7: 0.5993	0.7469	0.4918	 TOP-10: 0.6224	0.7512	0.5111
57	23.878777	 TOP-5 0.5852	0.7466	0.4888	 TOP-7: 0.5995	0.7474	0.4922	 TOP-10: 0.6227	0.7517	0.5114
58	23.849226	 TOP-5 0.5852	0.7462	0.4884	 TOP-7: 0.5988	0.7470	0.4911	 TOP-10: 0.6227	0.7517	0.5114
59	23.923040	 TOP-5 0.5861	0.7466	0.4899	 TOP-7: 0.5999	0.7476	0.4921	 TOP-10: 0.6219	0.7514	0.5111
60	23.806345	 TOP-5 0.5873	0.7473	0.4896	 TOP-7: 0.5991	0.7471	0.4910	 TOP-10: 0.6240	0.7523	0.5122
61	23.885517	 TOP-5 0.5894	0.7479	0.4914	 TOP-7: 0.5971	0.7463	0.4899	 TOP-10: 0.6233	0.7519	0.5114
62	23.765432	 TOP-5 0.5852	0.7457	0.4884	 TOP-7: 0.5991	0.7469	0.4906	 TOP-10: 0.6228	0.7518	0.5113
63	23.711710	 TOP-5 0.5846	0.7456	0.4880	 TOP-7: 0.5943	0.7449	0.4869	 TOP-10: 0.6234	0.7515	0.5115
64	23.792042	 TOP-5 0.5828	0.7449	0.4880	 TOP-7: 0.5956	0.7453	0.4885	 TOP-10: 0.6224	0.7514	0.5106
65	23.784712	 TOP-5 0.5861	0.7474	0.4907	 TOP-7: 0.5960	0.7460	0.4894	 TOP-10: 0.6248	0.7526	0.5128
66	23.765142	 TOP-5 0.5864	0.7477	0.4913	 TOP-7: 0.5971	0.7466	0.4902	 TOP-10: 0.6231	0.7520	0.5118
67	23.783634	 TOP-5 0.5840	0.7457	0.4889	 TOP-7: 0.5982	0.7463	0.4901	 TOP-10: 0.6260	0.7530	0.5134
68	23.706892	 TOP-5 0.5858	0.7458	0.4906	 TOP-7: 0.5971	0.7456	0.4895	 TOP-10: 0.6230	0.7516	0.5117
69	23.796114	 TOP-5 0.5855	0.7466	0.4889	 TOP-7: 0.5965	0.7457	0.4889	 TOP-10: 0.6224	0.7514	0.5108
70	23.768023	 TOP-5 0.5837	0.7450	0.4875	 TOP-7: 0.5967	0.7453	0.4880	 TOP-10: 0.6233	0.7513	0.5113
71	23.765228	 TOP-5 0.5861	0.7464	0.4891	 TOP-7: 0.5975	0.7463	0.4887	 TOP-10: 0.6242	0.7522	0.5118
72	23.833946	 TOP-5 0.5849	0.7450	0.4876	 TOP-7: 0.5984	0.7460	0.4891	 TOP-10: 0.6236	0.7514	0.5113
73	23.932955	 TOP-5 0.5849	0.7457	0.4886	 TOP-7: 0.5997	0.7469	0.4910	 TOP-10: 0.6240	0.7519	0.5121
74	23.731791	 TOP-5 0.5879	0.7467	0.4904	 TOP-7: 0.5995	0.7466	0.4910	 TOP-10: 0.6228	0.7517	0.5116
75	23.744860	 TOP-5 0.5876	0.7468	0.4901	 TOP-7: 0.5967	0.7456	0.4894	 TOP-10: 0.6211	0.7509	0.5109
76	23.832222	 TOP-5 0.5873	0.7463	0.4900	 TOP-7: 0.5965	0.7453	0.4892	 TOP-10: 0.6245	0.7517	0.5124
77	23.853596	 TOP-5 0.5864	0.7458	0.4885	 TOP-7: 0.5975	0.7454	0.4885	 TOP-10: 0.6225	0.7510	0.5106
78	23.831095	 TOP-5 0.5861	0.7465	0.4897	 TOP-7: 0.5975	0.7460	0.4897	 TOP-10: 0.6231	0.7518	0.5115
79	23.710196	 TOP-5 0.5858	0.7459	0.4881	 TOP-7: 0.5965	0.7456	0.4880	 TOP-10: 0.6254	0.7526	0.5124
80	23.833088	 TOP-5 0.5849	0.7453	0.4881	 TOP-7: 0.5956	0.7451	0.4877	 TOP-10: 0.6225	0.7515	0.5108
81	23.831354	 TOP-5 0.5867	0.7456	0.4892	 TOP-7: 0.5954	0.7445	0.4870	 TOP-10: 0.6222	0.7509	0.5098
82	23.771406	 TOP-5 0.5846	0.7449	0.4870	 TOP-7: 0.5960	0.7448	0.4874	 TOP-10: 0.6221	0.7510	0.5099
83	23.902065	 TOP-5 0.5825	0.7439	0.4855	 TOP-7: 0.5945	0.7444	0.4861	 TOP-10: 0.6224	0.7510	0.5098
84	23.720829	 TOP-5 0.5834	0.7444	0.4865	 TOP-7: 0.5962	0.7451	0.4876	 TOP-10: 0.6233	0.7515	0.5111
85	23.773628	 TOP-5 0.5828	0.7442	0.4864	 TOP-7: 0.5954	0.7448	0.4866	 TOP-10: 0.6227	0.7512	0.5106
86	23.732546	 TOP-5 0.5864	0.7463	0.4891	 TOP-7: 0.5956	0.7453	0.4874	 TOP-10: 0.6221	0.7513	0.5101
87	23.933207	 TOP-5 0.5849	0.7458	0.4892	 TOP-7: 0.5941	0.7443	0.4868	 TOP-10: 0.6221	0.7513	0.5102
88	23.833612	 TOP-5 0.5828	0.7435	0.4862	 TOP-7: 0.5943	0.7435	0.4855	 TOP-10: 0.6228	0.7508	0.5100
89	23.787910	 TOP-5 0.5840	0.7448	0.4864	 TOP-7: 0.5982	0.7455	0.4892	 TOP-10: 0.6230	0.7511	0.5109
90	23.769405	 TOP-5 0.5849	0.7449	0.4867	 TOP-7: 0.5962	0.7450	0.4868	 TOP-10: 0.6218	0.7508	0.5094
91	23.885246	 TOP-5 0.5888	0.7460	0.4903	 TOP-7: 0.5975	0.7453	0.4883	 TOP-10: 0.6216	0.7503	0.5101
92	23.790550	 TOP-5 0.5876	0.7457	0.4898	 TOP-7: 0.5947	0.7436	0.4866	 TOP-10: 0.6221	0.7505	0.5100
93	23.774441	 TOP-5 0.5876	0.7465	0.4899	 TOP-7: 0.5973	0.7453	0.4891	 TOP-10: 0.6225	0.7513	0.5108
94	23.771820	 TOP-5 0.5888	0.7463	0.4900	 TOP-7: 0.5980	0.7456	0.4890	 TOP-10: 0.6208	0.7509	0.5096
95	23.870146	 TOP-5 0.5858	0.7446	0.4874	 TOP-7: 0.5975	0.7446	0.4877	 TOP-10: 0.6219	0.7505	0.5100
96	23.823944	 TOP-5 0.5876	0.7455	0.4893	 TOP-7: 0.5971	0.7446	0.4884	 TOP-10: 0.6222	0.7504	0.5101
97	23.828838	 TOP-5 0.5894	0.7468	0.4897	 TOP-7: 0.5986	0.7459	0.4891	 TOP-10: 0.6227	0.7512	0.5109
98	23.692986	 TOP-5 0.5861	0.7456	0.4903	 TOP-7: 0.5978	0.7455	0.4893	 TOP-10: 0.6234	0.7514	0.5118
99	23.817226	 TOP-5 0.5873	0.7449	0.4876	 TOP-7: 0.5984	0.7449	0.4883	 TOP-10: 0.6233	0.7507	0.5108
100	23.833883	 TOP-5 0.5852	0.7446	0.4872	 TOP-7: 0.5962	0.7442	0.4867	 TOP-10: 0.6222	0.7504	0.5097
101	23.840992	 TOP-5 0.5879	0.7454	0.4890	 TOP-7: 0.5950	0.7436	0.4863	 TOP-10: 0.6240	0.7516	0.5113
102	23.799885	 TOP-5 0.5846	0.7440	0.4871	 TOP-7: 0.5969	0.7437	0.4874	 TOP-10: 0.6243	0.7512	0.5121
103	23.798918	 TOP-5 0.5867	0.7449	0.4883	 TOP-7: 0.5950	0.7436	0.4860	 TOP-10: 0.6230	0.7508	0.5104
104	23.769081	 TOP-5 0.5864	0.7449	0.4875	 TOP-7: 0.5973	0.7446	0.4874	 TOP-10: 0.6240	0.7518	0.5116
105	23.691854	 TOP-5 0.5843	0.7445	0.4877	 TOP-7: 0.5986	0.7453	0.4883	 TOP-10: 0.6248	0.7520	0.5122
106	23.722862	 TOP-5 0.5867	0.7460	0.4894	 TOP-7: 0.5971	0.7451	0.4878	 TOP-10: 0.6225	0.7515	0.5104
107	23.829288	 TOP-5 0.5870	0.7462	0.4882	 TOP-7: 0.5980	0.7454	0.4874	 TOP-10: 0.6224	0.7509	0.5101
108	23.789980	 TOP-5 0.5873	0.7462	0.4898	 TOP-7: 0.5999	0.7461	0.4898	 TOP-10: 0.6239	0.7515	0.5118
109	23.770924	 TOP-5 0.5888	0.7473	0.4917	 TOP-7: 0.5995	0.7462	0.4902	 TOP-10: 0.6231	0.7519	0.5120
110	23.759510	 TOP-5 0.5873	0.7459	0.4891	 TOP-7: 0.5969	0.7441	0.4883	 TOP-10: 0.6261	0.7522	0.5135
111	23.848236	 TOP-5 0.5837	0.7445	0.4875	 TOP-7: 0.5995	0.7458	0.4892	 TOP-10: 0.6249	0.7522	0.5118
112	23.847546	 TOP-5 0.5879	0.7457	0.4893	 TOP-7: 0.5969	0.7446	0.4870	 TOP-10: 0.6210	0.7500	0.5092
113	23.704260	 TOP-5 0.5873	0.7451	0.4889	 TOP-7: 0.5984	0.7450	0.4884	 TOP-10: 0.6231	0.7510	0.5103
114	23.768366	 TOP-5 0.5846	0.7446	0.4891	 TOP-7: 0.6006	0.7462	0.4910	 TOP-10: 0.6233	0.7510	0.5114
115	23.807775	 TOP-5 0.5855	0.7454	0.4882	 TOP-7: 0.5997	0.7461	0.4894	 TOP-10: 0.6224	0.7511	0.5105
116	23.746548	 TOP-5 0.5855	0.7459	0.4888	 TOP-7: 0.5984	0.7454	0.4889	 TOP-10: 0.6234	0.7515	0.5113
117	23.834770	 TOP-5 0.5870	0.7463	0.4893	 TOP-7: 0.5991	0.7457	0.4893	 TOP-10: 0.6224	0.7507	0.5103
118	23.714123	 TOP-5 0.5876	0.7469	0.4907	 TOP-7: 0.6001	0.7467	0.4909	 TOP-10: 0.6248	0.7519	0.5128
119	23.741819	 TOP-5 0.5909	0.7484	0.4931	 TOP-7: 0.5980	0.7461	0.4900	 TOP-10: 0.6251	0.7526	0.5138
120	23.835070	 TOP-5 0.5858	0.7463	0.4900	 TOP-7: 0.5997	0.7469	0.4906	 TOP-10: 0.6252	0.7522	0.5134
121	23.815107	 TOP-5 0.5864	0.7465	0.4895	 TOP-7: 0.5978	0.7455	0.4899	 TOP-10: 0.6278	0.7529	0.5149
122	23.763241	 TOP-5 0.5864	0.7458	0.4891	 TOP-7: 0.5952	0.7445	0.4872	 TOP-10: 0.6234	0.7509	0.5116
123	23.799809	 TOP-5 0.5858	0.7461	0.4900	 TOP-7: 0.5945	0.7443	0.4869	 TOP-10: 0.6228	0.7511	0.5116
124	23.789101	 TOP-5 0.5855	0.7461	0.4884	 TOP-7: 0.5962	0.7455	0.4880	 TOP-10: 0.6218	0.7506	0.5100
125	23.695133	 TOP-5 0.5834	0.7449	0.4887	 TOP-7: 0.5980	0.7454	0.4894	 TOP-10: 0.6234	0.7508	0.5124
126	23.795942	 TOP-5 0.5891	0.7467	0.4920	 TOP-7: 0.5980	0.7455	0.4900	 TOP-10: 0.6216	0.7504	0.5109
127	23.808872	 TOP-5 0.5903	0.7476	0.4934	 TOP-7: 0.5993	0.7464	0.4916	 TOP-10: 0.6254	0.7519	0.5137
128	23.920380	 TOP-5 0.5852	0.7459	0.4895	 TOP-7: 0.5997	0.7467	0.4911	 TOP-10: 0.6248	0.7521	0.5132
129	23.800482	 TOP-5 0.5861	0.7468	0.4906	 TOP-7: 0.5986	0.7467	0.4908	 TOP-10: 0.6234	0.7515	0.5119
130	23.850866	 TOP-5 0.5885	0.7464	0.4912	 TOP-7: 0.5960	0.7445	0.4886	 TOP-10: 0.6219	0.7500	0.5104
131	23.765888	 TOP-5 0.5852	0.7453	0.4883	 TOP-7: 0.5975	0.7452	0.4887	 TOP-10: 0.6242	0.7513	0.5118
132	23.845526	 TOP-5 0.5903	0.7474	0.4926	 TOP-7: 0.5980	0.7460	0.4892	 TOP-10: 0.6227	0.7511	0.5114
133	23.832409	 TOP-5 0.5873	0.7464	0.4898	 TOP-7: 0.5954	0.7448	0.4872	 TOP-10: 0.6254	0.7519	0.5128
134	23.782877	 TOP-5 0.5876	0.7459	0.4909	 TOP-7: 0.5978	0.7456	0.4893	 TOP-10: 0.6248	0.7516	0.5120
135	23.874046	 TOP-5 0.5879	0.7463	0.4909	 TOP-7: 0.5952	0.7451	0.4878	 TOP-10: 0.6255	0.7517	0.5124
136	23.853893	 TOP-5 0.5867	0.7462	0.4901	 TOP-7: 0.5952	0.7450	0.4884	 TOP-10: 0.6231	0.7511	0.5116
137	23.786449	 TOP-5 0.5879	0.7466	0.4911	 TOP-7: 0.5924	0.7434	0.4856	 TOP-10: 0.6231	0.7511	0.5116
138	23.819021	 TOP-5 0.5864	0.7473	0.4915	 TOP-7: 0.5969	0.7463	0.4895	 TOP-10: 0.6237	0.7522	0.5128
139	23.796618	 TOP-5 0.5873	0.7465	0.4910	 TOP-7: 0.5965	0.7458	0.4891	 TOP-10: 0.6227	0.7510	0.5121
140	23.704920	 TOP-5 0.5861	0.7458	0.4898	 TOP-7: 0.5950	0.7444	0.4871	 TOP-10: 0.6222	0.7508	0.5112
141	23.849142	 TOP-5 0.5885	0.7471	0.4901	 TOP-7: 0.5973	0.7460	0.4890	 TOP-10: 0.6236	0.7513	0.5118
142	23.698889	 TOP-5 0.5870	0.7461	0.4903	 TOP-7: 0.5986	0.7461	0.4902	 TOP-10: 0.6246	0.7518	0.5127
143	23.752575	 TOP-5 0.5873	0.7462	0.4899	 TOP-7: 0.5980	0.7459	0.4897	 TOP-10: 0.6234	0.7509	0.5123
144	23.840876	 TOP-5 0.5891	0.7468	0.4906	 TOP-7: 0.5975	0.7460	0.4888	 TOP-10: 0.6252	0.7518	0.5128
145	23.771822	 TOP-5 0.5882	0.7463	0.4907	 TOP-7: 0.5971	0.7456	0.4891	 TOP-10: 0.6246	0.7515	0.5127
146	23.797050	 TOP-5 0.5888	0.7469	0.4902	 TOP-7: 0.5984	0.7466	0.4902	 TOP-10: 0.6230	0.7512	0.5118
147	23.758869	 TOP-5 0.5873	0.7462	0.4908	 TOP-7: 0.5978	0.7464	0.4897	 TOP-10: 0.6258	0.7522	0.5135
148	23.851955	 TOP-5 0.5909	0.7474	0.4919	 TOP-7: 0.5958	0.7450	0.4879	 TOP-10: 0.6255	0.7520	0.5132
149	23.882101	 TOP-5 0.5879	0.7466	0.4907	 TOP-7: 0.5973	0.7462	0.4892	 TOP-10: 0.6267	0.7528	0.5136
Final model saved after 150 epochs
Best model was from epoch 32 with NDCG10 = 0.7535
