# epoch	train_loss	precision5	NDCG5	MAP5	precision7	NDCG7	MAP7	precision10	NDCG10	MAP10
0	35.904427	 TOP-5 0.3647	0.5753	0.2622	 TOP-7: 0.3863	0.5783	0.2719	 TOP-10: 0.4350	0.5931	0.3091
New best model saved at epoch 0 with NDCG10 = 0.5931
1	29.059322	 TOP-5 0.3785	0.5927	0.2805	 TOP-7: 0.4068	0.5978	0.2909	 TOP-10: 0.4488	0.6091	0.3245
New best model saved at epoch 1 with NDCG10 = 0.6091
2	24.322041	 TOP-5 0.3940	0.6045	0.2966	 TOP-7: 0.4145	0.6069	0.3034	 TOP-10: 0.4609	0.6199	0.3370
New best model saved at epoch 2 with NDCG10 = 0.6199
3	24.368273	 TOP-5 0.3843	0.5926	0.2784	 TOP-7: 0.4169	0.6015	0.2948	 TOP-10: 0.4633	0.6161	0.3328
4	24.094267	 TOP-5 0.4079	0.6099	0.3008	 TOP-7: 0.4372	0.6177	0.3140	 TOP-10: 0.4817	0.6321	0.3509
New best model saved at epoch 4 with NDCG10 = 0.6321
5	24.136625	 TOP-5 0.4085	0.6130	0.3056	 TOP-7: 0.4409	0.6230	0.3180	 TOP-10: 0.4861	0.6378	0.3548
New best model saved at epoch 5 with NDCG10 = 0.6378
6	24.322845	 TOP-5 0.4181	0.6186	0.3132	 TOP-7: 0.4480	0.6278	0.3238	 TOP-10: 0.4970	0.6441	0.3632
New best model saved at epoch 6 with NDCG10 = 0.6441
7	24.387424	 TOP-5 0.4314	0.6294	0.3249	 TOP-7: 0.4594	0.6371	0.3347	 TOP-10: 0.5112	0.6544	0.3767
New best model saved at epoch 7 with NDCG10 = 0.6544
8	24.070024	 TOP-5 0.4550	0.6474	0.3473	 TOP-7: 0.4776	0.6534	0.3541	 TOP-10: 0.5329	0.6714	0.3972
New best model saved at epoch 8 with NDCG10 = 0.6714
9	24.034542	 TOP-5 0.4767	0.6632	0.3672	 TOP-7: 0.4998	0.6703	0.3737	 TOP-10: 0.5477	0.6845	0.4145
New best model saved at epoch 9 with NDCG10 = 0.6845
10	24.035477	 TOP-5 0.4988	0.6823	0.3918	 TOP-7: 0.5205	0.6871	0.3975	 TOP-10: 0.5613	0.6990	0.4333
New best model saved at epoch 10 with NDCG10 = 0.6990
11	24.071550	 TOP-5 0.5221	0.6996	0.4163	 TOP-7: 0.5406	0.7034	0.4194	 TOP-10: 0.5745	0.7118	0.4499
New best model saved at epoch 11 with NDCG10 = 0.7118
12	24.188055	 TOP-5 0.5393	0.7134	0.4365	 TOP-7: 0.5578	0.7161	0.4395	 TOP-10: 0.5860	0.7228	0.4662
New best model saved at epoch 12 with NDCG10 = 0.7228
13	24.346815	 TOP-5 0.5574	0.7282	0.4564	 TOP-7: 0.5719	0.7292	0.4588	 TOP-10: 0.5974	0.7346	0.4814
New best model saved at epoch 13 with NDCG10 = 0.7346
14	23.974091	 TOP-5 0.5740	0.7408	0.4749	 TOP-7: 0.5855	0.7401	0.4753	 TOP-10: 0.6068	0.7438	0.4959
New best model saved at epoch 14 with NDCG10 = 0.7438
15	24.056599	 TOP-5 0.5728	0.7416	0.4781	 TOP-7: 0.5848	0.7412	0.4777	 TOP-10: 0.6125	0.7471	0.5007
New best model saved at epoch 15 with NDCG10 = 0.7471
16	23.926319	 TOP-5 0.5807	0.7453	0.4838	 TOP-7: 0.5885	0.7432	0.4811	 TOP-10: 0.6151	0.7487	0.5051
New best model saved at epoch 16 with NDCG10 = 0.7487
17	23.979340	 TOP-5 0.5828	0.7466	0.4851	 TOP-7: 0.5913	0.7450	0.4838	 TOP-10: 0.6159	0.7494	0.5052
New best model saved at epoch 17 with NDCG10 = 0.7494
18	23.941912	 TOP-5 0.5813	0.7460	0.4835	 TOP-7: 0.5934	0.7452	0.4851	 TOP-10: 0.6193	0.7508	0.5080
New best model saved at epoch 18 with NDCG10 = 0.7508
19	23.912249	 TOP-5 0.5792	0.7454	0.4819	 TOP-7: 0.5921	0.7450	0.4839	 TOP-10: 0.6202	0.7516	0.5082
New best model saved at epoch 19 with NDCG10 = 0.7516
20	23.936834	 TOP-5 0.5819	0.7457	0.4833	 TOP-7: 0.5939	0.7457	0.4855	 TOP-10: 0.6221	0.7522	0.5091
New best model saved at epoch 20 with NDCG10 = 0.7522
21	23.947412	 TOP-5 0.5813	0.7452	0.4820	 TOP-7: 0.5913	0.7440	0.4827	 TOP-10: 0.6204	0.7503	0.5072
22	23.883289	 TOP-5 0.5822	0.7458	0.4839	 TOP-7: 0.5924	0.7450	0.4843	 TOP-10: 0.6205	0.7507	0.5084
23	23.906324	 TOP-5 0.5831	0.7471	0.4855	 TOP-7: 0.5956	0.7469	0.4868	 TOP-10: 0.6202	0.7510	0.5084
24	23.912149	 TOP-5 0.5846	0.7479	0.4868	 TOP-7: 0.5980	0.7481	0.4889	 TOP-10: 0.6204	0.7513	0.5093
25	23.987297	 TOP-5 0.5843	0.7482	0.4878	 TOP-7: 0.5967	0.7481	0.4889	 TOP-10: 0.6210	0.7517	0.5099
26	23.887518	 TOP-5 0.5903	0.7512	0.4926	 TOP-7: 0.5982	0.7497	0.4905	 TOP-10: 0.6213	0.7529	0.5105
New best model saved at epoch 26 with NDCG10 = 0.7529
27	23.912672	 TOP-5 0.5921	0.7525	0.4946	 TOP-7: 0.5969	0.7491	0.4902	 TOP-10: 0.6227	0.7535	0.5112
New best model saved at epoch 27 with NDCG10 = 0.7535
28	23.887033	 TOP-5 0.5867	0.7502	0.4914	 TOP-7: 0.6016	0.7503	0.4934	 TOP-10: 0.6233	0.7537	0.5117
New best model saved at epoch 28 with NDCG10 = 0.7537
29	24.038530	 TOP-5 0.5849	0.7496	0.4895	 TOP-7: 0.6019	0.7505	0.4930	 TOP-10: 0.6224	0.7532	0.5112
30	23.913490	 TOP-5 0.5861	0.7496	0.4892	 TOP-7: 0.6003	0.7497	0.4922	 TOP-10: 0.6221	0.7531	0.5107
31	23.835941	 TOP-5 0.5885	0.7499	0.4916	 TOP-7: 0.5993	0.7490	0.4922	 TOP-10: 0.6227	0.7531	0.5113
32	23.889780	 TOP-5 0.5882	0.7508	0.4917	 TOP-7: 0.6032	0.7516	0.4947	 TOP-10: 0.6230	0.7541	0.5123
New best model saved at epoch 32 with NDCG10 = 0.7541
33	23.840574	 TOP-5 0.5849	0.7484	0.4888	 TOP-7: 0.5973	0.7483	0.4902	 TOP-10: 0.6204	0.7523	0.5094
34	23.820381	 TOP-5 0.5864	0.7497	0.4907	 TOP-7: 0.5997	0.7498	0.4918	 TOP-10: 0.6230	0.7537	0.5121
35	23.713722	 TOP-5 0.5852	0.7477	0.4875	 TOP-7: 0.6001	0.7484	0.4911	 TOP-10: 0.6227	0.7524	0.5111
36	23.890152	 TOP-5 0.5894	0.7495	0.4908	 TOP-7: 0.5997	0.7487	0.4915	 TOP-10: 0.6240	0.7535	0.5130
37	23.723732	 TOP-5 0.5867	0.7490	0.4902	 TOP-7: 0.5988	0.7489	0.4914	 TOP-10: 0.6234	0.7537	0.5126
38	23.823370	 TOP-5 0.5837	0.7474	0.4877	 TOP-7: 0.5967	0.7472	0.4891	 TOP-10: 0.6219	0.7525	0.5115
39	23.807835	 TOP-5 0.5879	0.7491	0.4903	 TOP-7: 0.5980	0.7478	0.4905	 TOP-10: 0.6248	0.7539	0.5133
40	23.755112	 TOP-5 0.5882	0.7490	0.4904	 TOP-7: 0.5982	0.7474	0.4899	 TOP-10: 0.6261	0.7540	0.5142
41	23.830879	 TOP-5 0.5852	0.7470	0.4896	 TOP-7: 0.5993	0.7475	0.4916	 TOP-10: 0.6255	0.7536	0.5145
42	23.920742	 TOP-5 0.5864	0.7475	0.4898	 TOP-7: 0.6003	0.7477	0.4915	 TOP-10: 0.6228	0.7523	0.5126
43	23.760387	 TOP-5 0.5876	0.7488	0.4908	 TOP-7: 0.6042	0.7500	0.4946	 TOP-10: 0.6234	0.7530	0.5137
44	23.796850	 TOP-5 0.5855	0.7477	0.4894	 TOP-7: 0.5993	0.7480	0.4918	 TOP-10: 0.6242	0.7530	0.5138
45	23.768414	 TOP-5 0.5864	0.7477	0.4905	 TOP-7: 0.6001	0.7480	0.4923	 TOP-10: 0.6228	0.7522	0.5127
46	23.797253	 TOP-5 0.5870	0.7480	0.4911	 TOP-7: 0.5991	0.7478	0.4918	 TOP-10: 0.6230	0.7524	0.5126
47	23.808769	 TOP-5 0.5891	0.7494	0.4927	 TOP-7: 0.5967	0.7471	0.4901	 TOP-10: 0.6228	0.7525	0.5125
48	23.758255	 TOP-5 0.5885	0.7481	0.4905	 TOP-7: 0.5984	0.7471	0.4905	 TOP-10: 0.6252	0.7530	0.5144
49	23.750698	 TOP-5 0.5888	0.7477	0.4907	 TOP-7: 0.5993	0.7477	0.4908	 TOP-10: 0.6236	0.7527	0.5128
50	23.809269	 TOP-5 0.5885	0.7471	0.4883	 TOP-7: 0.6016	0.7476	0.4919	 TOP-10: 0.6246	0.7525	0.5133
51	23.710617	 TOP-5 0.5885	0.7473	0.4898	 TOP-7: 0.5999	0.7474	0.4912	 TOP-10: 0.6233	0.7519	0.5124
52	23.743546	 TOP-5 0.5897	0.7479	0.4917	 TOP-7: 0.6012	0.7481	0.4938	 TOP-10: 0.6225	0.7519	0.5132
53	23.718729	 TOP-5 0.5870	0.7461	0.4886	 TOP-7: 0.6016	0.7475	0.4929	 TOP-10: 0.6216	0.7513	0.5110
54	23.802885	 TOP-5 0.5931	0.7496	0.4916	 TOP-7: 0.6027	0.7486	0.4938	 TOP-10: 0.6227	0.7524	0.5130
55	23.812304	 TOP-5 0.5876	0.7473	0.4898	 TOP-7: 0.6019	0.7487	0.4935	 TOP-10: 0.6218	0.7520	0.5121
56	23.873877	 TOP-5 0.5885	0.7477	0.4905	 TOP-7: 0.6010	0.7483	0.4923	 TOP-10: 0.6228	0.7523	0.5126
57	23.867710	 TOP-5 0.5873	0.7475	0.4900	 TOP-7: 0.6025	0.7491	0.4938	 TOP-10: 0.6233	0.7526	0.5130
58	23.858568	 TOP-5 0.5861	0.7466	0.4877	 TOP-7: 0.6038	0.7490	0.4938	 TOP-10: 0.6233	0.7521	0.5127
59	23.922174	 TOP-5 0.5846	0.7462	0.4879	 TOP-7: 0.6008	0.7477	0.4916	 TOP-10: 0.6239	0.7521	0.5125
60	23.805399	 TOP-5 0.5873	0.7466	0.4887	 TOP-7: 0.6006	0.7472	0.4924	 TOP-10: 0.6248	0.7523	0.5138
61	23.884499	 TOP-5 0.5870	0.7468	0.4887	 TOP-7: 0.6012	0.7484	0.4921	 TOP-10: 0.6233	0.7520	0.5123
62	23.761738	 TOP-5 0.5888	0.7475	0.4907	 TOP-7: 0.6001	0.7476	0.4916	 TOP-10: 0.6240	0.7524	0.5130
63	23.711578	 TOP-5 0.5849	0.7455	0.4868	 TOP-7: 0.6012	0.7474	0.4918	 TOP-10: 0.6243	0.7519	0.5126
64	23.794140	 TOP-5 0.5849	0.7459	0.4876	 TOP-7: 0.5993	0.7473	0.4900	 TOP-10: 0.6234	0.7522	0.5119
65	23.784370	 TOP-5 0.5867	0.7464	0.4881	 TOP-7: 0.6014	0.7480	0.4921	 TOP-10: 0.6218	0.7513	0.5114
66	23.765446	 TOP-5 0.5843	0.7452	0.4877	 TOP-7: 0.5999	0.7471	0.4906	 TOP-10: 0.6221	0.7513	0.5113
67	23.781538	 TOP-5 0.5858	0.7455	0.4880	 TOP-7: 0.5986	0.7460	0.4898	 TOP-10: 0.6234	0.7518	0.5114
68	23.708456	 TOP-5 0.5810	0.7427	0.4843	 TOP-7: 0.5960	0.7442	0.4870	 TOP-10: 0.6240	0.7514	0.5113
69	23.794416	 TOP-5 0.5864	0.7453	0.4862	 TOP-7: 0.5995	0.7458	0.4896	 TOP-10: 0.6254	0.7520	0.5125
70	23.769558	 TOP-5 0.5849	0.7445	0.4865	 TOP-7: 0.6006	0.7468	0.4903	 TOP-10: 0.6260	0.7523	0.5135
71	23.765593	 TOP-5 0.5882	0.7452	0.4879	 TOP-7: 0.5982	0.7453	0.4883	 TOP-10: 0.6252	0.7519	0.5126
72	23.830252	 TOP-5 0.5843	0.7439	0.4857	 TOP-7: 0.6010	0.7470	0.4901	 TOP-10: 0.6246	0.7516	0.5123
73	23.938053	 TOP-5 0.5858	0.7450	0.4858	 TOP-7: 0.6012	0.7472	0.4897	 TOP-10: 0.6245	0.7517	0.5121
74	23.733225	 TOP-5 0.5891	0.7464	0.4882	 TOP-7: 0.6006	0.7473	0.4899	 TOP-10: 0.6260	0.7531	0.5137
75	23.738640	 TOP-5 0.5891	0.7458	0.4871	 TOP-7: 0.6012	0.7468	0.4897	 TOP-10: 0.6245	0.7517	0.5121
76	23.830927	 TOP-5 0.5867	0.7459	0.4876	 TOP-7: 0.6019	0.7481	0.4918	 TOP-10: 0.6252	0.7528	0.5129
77	23.852234	 TOP-5 0.5870	0.7450	0.4863	 TOP-7: 0.5991	0.7460	0.4884	 TOP-10: 0.6227	0.7508	0.5107
78	23.834118	 TOP-5 0.5864	0.7451	0.4873	 TOP-7: 0.6010	0.7468	0.4913	 TOP-10: 0.6243	0.7517	0.5125
79	23.716991	 TOP-5 0.5885	0.7456	0.4869	 TOP-7: 0.5997	0.7463	0.4884	 TOP-10: 0.6234	0.7509	0.5112
80	23.831842	 TOP-5 0.5840	0.7438	0.4849	 TOP-7: 0.6001	0.7459	0.4888	 TOP-10: 0.6231	0.7507	0.5105
81	23.831923	 TOP-5 0.5873	0.7451	0.4877	 TOP-7: 0.6003	0.7466	0.4906	 TOP-10: 0.6227	0.7510	0.5112
82	23.774706	 TOP-5 0.5828	0.7431	0.4843	 TOP-7: 0.5999	0.7460	0.4893	 TOP-10: 0.6233	0.7511	0.5110
83	23.904381	 TOP-5 0.5801	0.7425	0.4824	 TOP-7: 0.5988	0.7455	0.4879	 TOP-10: 0.6228	0.7506	0.5110
84	23.721195	 TOP-5 0.5855	0.7451	0.4860	 TOP-7: 0.5988	0.7459	0.4880	 TOP-10: 0.6201	0.7499	0.5093
85	23.773510	 TOP-5 0.5840	0.7438	0.4853	 TOP-7: 0.5975	0.7452	0.4872	 TOP-10: 0.6221	0.7505	0.5100
86	23.733511	 TOP-5 0.5837	0.7437	0.4846	 TOP-7: 0.5960	0.7442	0.4853	 TOP-10: 0.6225	0.7505	0.5098
87	23.936823	 TOP-5 0.5831	0.7441	0.4854	 TOP-7: 0.5988	0.7461	0.4880	 TOP-10: 0.6239	0.7515	0.5116
88	23.835379	 TOP-5 0.5840	0.7443	0.4866	 TOP-7: 0.5960	0.7450	0.4870	 TOP-10: 0.6219	0.7507	0.5104
89	23.793451	 TOP-5 0.5876	0.7457	0.4875	 TOP-7: 0.5969	0.7453	0.4866	 TOP-10: 0.6225	0.7510	0.5104
90	23.770962	 TOP-5 0.5846	0.7442	0.4842	 TOP-7: 0.5980	0.7452	0.4873	 TOP-10: 0.6234	0.7509	0.5112
91	23.884361	 TOP-5 0.5846	0.7430	0.4858	 TOP-7: 0.5980	0.7446	0.4875	 TOP-10: 0.6224	0.7503	0.5100
92	23.789959	 TOP-5 0.5828	0.7431	0.4853	 TOP-7: 0.5969	0.7443	0.4869	 TOP-10: 0.6246	0.7511	0.5115
93	23.776014	 TOP-5 0.5885	0.7452	0.4867	 TOP-7: 0.5969	0.7443	0.4862	 TOP-10: 0.6246	0.7510	0.5117
94	23.772741	 TOP-5 0.5870	0.7447	0.4859	 TOP-7: 0.5999	0.7455	0.4883	 TOP-10: 0.6228	0.7508	0.5106
95	23.869509	 TOP-5 0.5879	0.7451	0.4872	 TOP-7: 0.5991	0.7455	0.4880	 TOP-10: 0.6227	0.7509	0.5109
96	23.824266	 TOP-5 0.5855	0.7441	0.4853	 TOP-7: 0.5993	0.7459	0.4879	 TOP-10: 0.6228	0.7509	0.5106
97	23.828819	 TOP-5 0.5891	0.7458	0.4881	 TOP-7: 0.5980	0.7451	0.4877	 TOP-10: 0.6233	0.7508	0.5107
98	23.700056	 TOP-5 0.5861	0.7451	0.4864	 TOP-7: 0.5995	0.7455	0.4884	 TOP-10: 0.6245	0.7513	0.5115
99	23.816320	 TOP-5 0.5858	0.7441	0.4865	 TOP-7: 0.5984	0.7452	0.4872	 TOP-10: 0.6227	0.7506	0.5105
100	23.837889	 TOP-5 0.5855	0.7437	0.4853	 TOP-7: 0.5993	0.7456	0.4879	 TOP-10: 0.6196	0.7492	0.5089
101	23.850023	 TOP-5 0.5834	0.7432	0.4843	 TOP-7: 0.6001	0.7458	0.4879	 TOP-10: 0.6233	0.7509	0.5105
102	23.800343	 TOP-5 0.5852	0.7440	0.4863	 TOP-7: 0.5991	0.7450	0.4876	 TOP-10: 0.6218	0.7500	0.5103
103	23.799349	 TOP-5 0.5828	0.7427	0.4840	 TOP-7: 0.5956	0.7439	0.4853	 TOP-10: 0.6243	0.7509	0.5116
104	23.773832	 TOP-5 0.5858	0.7442	0.4860	 TOP-7: 0.5986	0.7456	0.4873	 TOP-10: 0.6237	0.7515	0.5116
105	23.698582	 TOP-5 0.5849	0.7443	0.4856	 TOP-7: 0.5969	0.7449	0.4864	 TOP-10: 0.6248	0.7510	0.5119
106	23.725924	 TOP-5 0.5882	0.7462	0.4887	 TOP-7: 0.5986	0.7460	0.4885	 TOP-10: 0.6224	0.7507	0.5111
107	23.826796	 TOP-5 0.5876	0.7449	0.4869	 TOP-7: 0.5993	0.7456	0.4882	 TOP-10: 0.6233	0.7510	0.5111
108	23.794485	 TOP-5 0.5891	0.7461	0.4874	 TOP-7: 0.5986	0.7452	0.4877	 TOP-10: 0.6234	0.7507	0.5110
109	23.767551	 TOP-5 0.5861	0.7447	0.4846	 TOP-7: 0.6014	0.7459	0.4892	 TOP-10: 0.6257	0.7513	0.5129
110	23.761513	 TOP-5 0.5858	0.7442	0.4860	 TOP-7: 0.5991	0.7451	0.4868	 TOP-10: 0.6252	0.7512	0.5117
111	23.845074	 TOP-5 0.5873	0.7451	0.4853	 TOP-7: 0.5995	0.7454	0.4874	 TOP-10: 0.6225	0.7500	0.5105
112	23.853992	 TOP-5 0.5855	0.7442	0.4846	 TOP-7: 0.5986	0.7448	0.4873	 TOP-10: 0.6231	0.7502	0.5106
113	23.701628	 TOP-5 0.5876	0.7445	0.4853	 TOP-7: 0.6008	0.7454	0.4879	 TOP-10: 0.6248	0.7508	0.5114
114	23.769241	 TOP-5 0.5834	0.7439	0.4849	 TOP-7: 0.5973	0.7451	0.4862	 TOP-10: 0.6245	0.7514	0.5113
115	23.809889	 TOP-5 0.5870	0.7440	0.4849	 TOP-7: 0.5969	0.7438	0.4850	 TOP-10: 0.6231	0.7499	0.5098
116	23.757896	 TOP-5 0.5852	0.7441	0.4846	 TOP-7: 0.5984	0.7447	0.4864	 TOP-10: 0.6227	0.7502	0.5098
117	23.839613	 TOP-5 0.5876	0.7461	0.4869	 TOP-7: 0.5980	0.7452	0.4871	 TOP-10: 0.6227	0.7505	0.5101
118	23.708975	 TOP-5 0.5852	0.7447	0.4865	 TOP-7: 0.5982	0.7457	0.4876	 TOP-10: 0.6231	0.7510	0.5108
119	23.747217	 TOP-5 0.5867	0.7449	0.4866	 TOP-7: 0.6021	0.7464	0.4900	 TOP-10: 0.6231	0.7504	0.5104
120	23.836742	 TOP-5 0.5882	0.7461	0.4870	 TOP-7: 0.5999	0.7459	0.4884	 TOP-10: 0.6233	0.7510	0.5114
121	23.819752	 TOP-5 0.5852	0.7443	0.4854	 TOP-7: 0.5997	0.7459	0.4882	 TOP-10: 0.6249	0.7512	0.5116
122	23.764946	 TOP-5 0.5843	0.7443	0.4851	 TOP-7: 0.5984	0.7457	0.4870	 TOP-10: 0.6219	0.7505	0.5095
123	23.802265	 TOP-5 0.5852	0.7439	0.4846	 TOP-7: 0.5986	0.7451	0.4867	 TOP-10: 0.6233	0.7506	0.5099
124	23.788616	 TOP-5 0.5897	0.7454	0.4866	 TOP-7: 0.5995	0.7453	0.4870	 TOP-10: 0.6231	0.7502	0.5105
125	23.700996	 TOP-5 0.5864	0.7438	0.4844	 TOP-7: 0.5975	0.7446	0.4850	 TOP-10: 0.6245	0.7505	0.5107
126	23.798428	 TOP-5 0.5864	0.7442	0.4844	 TOP-7: 0.5995	0.7455	0.4872	 TOP-10: 0.6239	0.7505	0.5108
127	23.808928	 TOP-5 0.5843	0.7430	0.4840	 TOP-7: 0.5984	0.7444	0.4862	 TOP-10: 0.6233	0.7500	0.5100
128	23.921118	 TOP-5 0.5870	0.7454	0.4854	 TOP-7: 0.6001	0.7461	0.4884	 TOP-10: 0.6233	0.7507	0.5112
129	23.797125	 TOP-5 0.5888	0.7451	0.4866	 TOP-7: 0.6003	0.7460	0.4885	 TOP-10: 0.6240	0.7511	0.5115
130	23.843452	 TOP-5 0.5894	0.7456	0.4868	 TOP-7: 0.5995	0.7454	0.4886	 TOP-10: 0.6224	0.7504	0.5100
131	23.775318	 TOP-5 0.5876	0.7457	0.4874	 TOP-7: 0.5984	0.7455	0.4881	 TOP-10: 0.6251	0.7513	0.5113
132	23.844671	 TOP-5 0.5858	0.7446	0.4860	 TOP-7: 0.5978	0.7447	0.4862	 TOP-10: 0.6225	0.7508	0.5098
133	23.829622	 TOP-5 0.5840	0.7434	0.4836	 TOP-7: 0.5999	0.7453	0.4879	 TOP-10: 0.6218	0.7499	0.5087
134	23.785833	 TOP-5 0.5864	0.7449	0.4858	 TOP-7: 0.6006	0.7460	0.4885	 TOP-10: 0.6218	0.7499	0.5094
135	23.874054	 TOP-5 0.5894	0.7463	0.4870	 TOP-7: 0.6016	0.7465	0.4895	 TOP-10: 0.6234	0.7509	0.5113
136	23.860790	 TOP-5 0.5879	0.7451	0.4857	 TOP-7: 0.5988	0.7452	0.4873	 TOP-10: 0.6233	0.7505	0.5105
137	23.789825	 TOP-5 0.5864	0.7444	0.4850	 TOP-7: 0.5991	0.7451	0.4872	 TOP-10: 0.6230	0.7505	0.5098
138	23.822071	 TOP-5 0.5894	0.7462	0.4876	 TOP-7: 0.5971	0.7448	0.4859	 TOP-10: 0.6234	0.7509	0.5105
139	23.792490	 TOP-5 0.5870	0.7450	0.4851	 TOP-7: 0.5973	0.7448	0.4856	 TOP-10: 0.6216	0.7501	0.5087
140	23.707853	 TOP-5 0.5888	0.7456	0.4865	 TOP-7: 0.5958	0.7439	0.4847	 TOP-10: 0.6208	0.7500	0.5081
141	23.848030	 TOP-5 0.5897	0.7468	0.4890	 TOP-7: 0.5995	0.7464	0.4884	 TOP-10: 0.6224	0.7510	0.5103
142	23.705940	 TOP-5 0.5849	0.7450	0.4845	 TOP-7: 0.5995	0.7460	0.4878	 TOP-10: 0.6211	0.7502	0.5092
143	23.754677	 TOP-5 0.5861	0.7445	0.4856	 TOP-7: 0.5980	0.7451	0.4864	 TOP-10: 0.6208	0.7495	0.5084
144	23.836723	 TOP-5 0.5888	0.7465	0.4886	 TOP-7: 0.5986	0.7460	0.4874	 TOP-10: 0.6218	0.7508	0.5099
145	23.773012	 TOP-5 0.5900	0.7468	0.4889	 TOP-7: 0.5986	0.7462	0.4872	 TOP-10: 0.6231	0.7510	0.5107
146	23.796091	 TOP-5 0.5912	0.7474	0.4894	 TOP-7: 0.5986	0.7458	0.4874	 TOP-10: 0.6228	0.7509	0.5106
147	23.761610	 TOP-5 0.5876	0.7453	0.4860	 TOP-7: 0.5982	0.7453	0.4872	 TOP-10: 0.6211	0.7499	0.5090
148	23.848829	 TOP-5 0.5876	0.7455	0.4880	 TOP-7: 0.5980	0.7457	0.4882	 TOP-10: 0.6221	0.7505	0.5102
149	23.869963	 TOP-5 0.5897	0.7463	0.4888	 TOP-7: 0.6003	0.7465	0.4888	 TOP-10: 0.6205	0.7498	0.5086
Final model saved after 150 epochs
Best model was from epoch 32 with NDCG10 = 0.7541
