# epoch	train_loss	precision5	NDCG5	MAP5	precision7	NDCG7	MAP7	precision10	NDCG10	MAP10
0	23.596300	 TOP-5 0.5818	0.5530	0.4597	 TOP-7: 0.6580	0.5709	0.5734	 TOP-10: 0.8288	0.6668	0.7836
New best model saved at epoch 0 with NDCG10 = 0.6668
1	23.584103	 TOP-5 0.5667	0.5520	0.4541	 TOP-7: 0.6667	0.5889	0.5861	 TOP-10: 0.8348	0.6823	0.7914
New best model saved at epoch 1 with NDCG10 = 0.6823
2	23.579376	 TOP-5 0.5667	0.5502	0.4539	 TOP-7: 0.6732	0.5887	0.5843	 TOP-10: 0.8348	0.6836	0.7908
New best model saved at epoch 2 with NDCG10 = 0.6836
3	23.576715	 TOP-5 0.6061	0.5921	0.4891	 TOP-7: 0.7013	0.6302	0.6127	 TOP-10: 0.8364	0.7008	0.7940
New best model saved at epoch 3 with NDCG10 = 0.7008
4	23.568951	 TOP-5 0.6000	0.5866	0.4902	 TOP-7: 0.6818	0.6107	0.6050	 TOP-10: 0.8379	0.6988	0.7966
5	23.567558	 TOP-5 0.5939	0.5897	0.4933	 TOP-7: 0.6948	0.6265	0.6158	 TOP-10: 0.8439	0.7051	0.8067
New best model saved at epoch 5 with NDCG10 = 0.7051
6	23.549370	 TOP-5 0.5727	0.5671	0.4659	 TOP-7: 0.6667	0.5969	0.5862	 TOP-10: 0.8364	0.6915	0.7953
7	23.539318	 TOP-5 0.6242	0.6091	0.5251	 TOP-7: 0.7035	0.6330	0.6375	 TOP-10: 0.8561	0.7197	0.8199
New best model saved at epoch 7 with NDCG10 = 0.7197
8	23.533470	 TOP-5 0.6182	0.6131	0.5227	 TOP-7: 0.6948	0.6361	0.6229	 TOP-10: 0.8485	0.7188	0.8084
9	23.532303	 TOP-5 0.6333	0.6399	0.5512	 TOP-7: 0.7273	0.6757	0.6634	 TOP-10: 0.8530	0.7418	0.8209
New best model saved at epoch 9 with NDCG10 = 0.7418
10	23.510105	 TOP-5 0.6364	0.6253	0.5294	 TOP-7: 0.7078	0.6473	0.6336	 TOP-10: 0.8439	0.7203	0.8024
11	23.512415	 TOP-5 0.6636	0.6678	0.5721	 TOP-7: 0.7359	0.6909	0.6614	 TOP-10: 0.8606	0.7554	0.8296
New best model saved at epoch 11 with NDCG10 = 0.7554
12	23.503498	 TOP-5 0.6667	0.6688	0.5823	 TOP-7: 0.7294	0.6835	0.6700	 TOP-10: 0.8576	0.7544	0.8268
13	23.490112	 TOP-5 0.6515	0.6567	0.5709	 TOP-7: 0.7035	0.6623	0.6478	 TOP-10: 0.8485	0.7413	0.8114
14	23.477545	 TOP-5 0.6758	0.6767	0.5946	 TOP-7: 0.7446	0.6992	0.6831	 TOP-10: 0.8576	0.7557	0.8240
New best model saved at epoch 14 with NDCG10 = 0.7557
15	23.474775	 TOP-5 0.6576	0.6558	0.5708	 TOP-7: 0.7100	0.6632	0.6528	 TOP-10: 0.8409	0.7290	0.8106
16	23.444420	 TOP-5 0.6697	0.6632	0.5812	 TOP-7: 0.7359	0.6827	0.6717	 TOP-10: 0.8530	0.7419	0.8207
17	23.458342	 TOP-5 0.6697	0.6736	0.5847	 TOP-7: 0.7359	0.6931	0.6778	 TOP-10: 0.8712	0.7687	0.8420
New best model saved at epoch 17 with NDCG10 = 0.7687
18	23.441668	 TOP-5 0.7091	0.7136	0.6292	 TOP-7: 0.7468	0.7151	0.6965	 TOP-10: 0.8667	0.7788	0.8415
New best model saved at epoch 18 with NDCG10 = 0.7788
19	23.432116	 TOP-5 0.6848	0.6936	0.6002	 TOP-7: 0.7208	0.6933	0.6661	 TOP-10: 0.8621	0.7711	0.8305
20	23.415707	 TOP-5 0.7152	0.7109	0.6315	 TOP-7: 0.7662	0.7245	0.7153	 TOP-10: 0.8758	0.7837	0.8500
New best model saved at epoch 20 with NDCG10 = 0.7837
21	23.416805	 TOP-5 0.7152	0.7205	0.6410	 TOP-7: 0.7619	0.7308	0.7119	 TOP-10: 0.8697	0.7873	0.8440
New best model saved at epoch 21 with NDCG10 = 0.7873
22	23.407345	 TOP-5 0.7485	0.7441	0.6626	 TOP-7: 0.7727	0.7417	0.7271	 TOP-10: 0.8652	0.7867	0.8430
23	23.403141	 TOP-5 0.7485	0.7460	0.6717	 TOP-7: 0.7727	0.7433	0.7280	 TOP-10: 0.8712	0.7926	0.8461
New best model saved at epoch 23 with NDCG10 = 0.7926
24	23.378956	 TOP-5 0.7333	0.7420	0.6669	 TOP-7: 0.7641	0.7419	0.7217	 TOP-10: 0.8758	0.8010	0.8507
New best model saved at epoch 24 with NDCG10 = 0.8010
25	23.365856	 TOP-5 0.7424	0.7462	0.6725	 TOP-7: 0.7749	0.7502	0.7321	 TOP-10: 0.8697	0.7958	0.8464
26	23.353079	 TOP-5 0.7394	0.7438	0.6687	 TOP-7: 0.7792	0.7515	0.7352	 TOP-10: 0.8758	0.8003	0.8516
27	23.353479	 TOP-5 0.7394	0.7540	0.6757	 TOP-7: 0.7814	0.7622	0.7390	 TOP-10: 0.8727	0.8070	0.8496
New best model saved at epoch 27 with NDCG10 = 0.8070
28	23.329393	 TOP-5 0.7485	0.7581	0.6856	 TOP-7: 0.7727	0.7548	0.7320	 TOP-10: 0.8697	0.8028	0.8476
29	23.335587	 TOP-5 0.7576	0.7705	0.6965	 TOP-7: 0.7835	0.7696	0.7433	 TOP-10: 0.8727	0.8127	0.8512
New best model saved at epoch 29 with NDCG10 = 0.8127
30	23.326351	 TOP-5 0.7636	0.7740	0.7043	 TOP-7: 0.7835	0.7682	0.7437	 TOP-10: 0.8682	0.8087	0.8482
31	23.314604	 TOP-5 0.7515	0.7623	0.6922	 TOP-7: 0.7835	0.7648	0.7430	 TOP-10: 0.8742	0.8094	0.8525
32	23.319069	 TOP-5 0.7606	0.7759	0.7078	 TOP-7: 0.7835	0.7719	0.7442	 TOP-10: 0.8712	0.8138	0.8507
New best model saved at epoch 32 with NDCG10 = 0.8138
33	23.298887	 TOP-5 0.7576	0.7771	0.7085	 TOP-7: 0.7792	0.7721	0.7417	 TOP-10: 0.8788	0.8236	0.8558
New best model saved at epoch 33 with NDCG10 = 0.8236
34	23.296854	 TOP-5 0.7697	0.7848	0.7154	 TOP-7: 0.7814	0.7738	0.7431	 TOP-10: 0.8773	0.8217	0.8556
35	23.294666	 TOP-5 0.7667	0.7788	0.7085	 TOP-7: 0.7814	0.7706	0.7438	 TOP-10: 0.8758	0.8173	0.8533
36	23.293554	 TOP-5 0.7667	0.7833	0.7146	 TOP-7: 0.7771	0.7710	0.7401	 TOP-10: 0.8773	0.8223	0.8553
37	23.291492	 TOP-5 0.7667	0.7795	0.7123	 TOP-7: 0.7857	0.7741	0.7474	 TOP-10: 0.8727	0.8155	0.8522
38	23.284348	 TOP-5 0.7606	0.7753	0.7075	 TOP-7: 0.7922	0.7786	0.7523	 TOP-10: 0.8758	0.8180	0.8548
39	23.283026	 TOP-5 0.7606	0.7789	0.7076	 TOP-7: 0.7814	0.7738	0.7430	 TOP-10: 0.8742	0.8199	0.8522
40	23.281273	 TOP-5 0.7606	0.7757	0.7065	 TOP-7: 0.7814	0.7708	0.7422	 TOP-10: 0.8758	0.8177	0.8539
41	23.282810	 TOP-5 0.7606	0.7783	0.7089	 TOP-7: 0.7814	0.7737	0.7422	 TOP-10: 0.8773	0.8215	0.8548
42	23.277615	 TOP-5 0.7636	0.7823	0.7142	 TOP-7: 0.7792	0.7738	0.7433	 TOP-10: 0.8803	0.8253	0.8579
New best model saved at epoch 42 with NDCG10 = 0.8253
43	23.277214	 TOP-5 0.7606	0.7787	0.7102	 TOP-7: 0.7835	0.7756	0.7457	 TOP-10: 0.8758	0.8210	0.8531
44	23.276524	 TOP-5 0.7545	0.7751	0.7043	 TOP-7: 0.7814	0.7743	0.7433	 TOP-10: 0.8773	0.8225	0.8542
45	23.278788	 TOP-5 0.7576	0.7759	0.7060	 TOP-7: 0.7835	0.7748	0.7459	 TOP-10: 0.8773	0.8217	0.8547
46	23.279642	 TOP-5 0.7636	0.7800	0.7121	 TOP-7: 0.7792	0.7724	0.7432	 TOP-10: 0.8788	0.8230	0.8557
47	23.276844	 TOP-5 0.7606	0.7783	0.7088	 TOP-7: 0.7792	0.7725	0.7424	 TOP-10: 0.8773	0.8221	0.8541
48	23.275967	 TOP-5 0.7606	0.7776	0.7081	 TOP-7: 0.7792	0.7722	0.7419	 TOP-10: 0.8773	0.8213	0.8537
49	23.273998	 TOP-5 0.7606	0.7793	0.7109	 TOP-7: 0.7771	0.7725	0.7401	 TOP-10: 0.8773	0.8229	0.8537
50	23.275387	 TOP-5 0.7576	0.7764	0.7068	 TOP-7: 0.7771	0.7711	0.7402	 TOP-10: 0.8788	0.8232	0.8554
51	23.273745	 TOP-5 0.7485	0.7699	0.6987	 TOP-7: 0.7771	0.7704	0.7390	 TOP-10: 0.8773	0.8211	0.8529
52	23.271040	 TOP-5 0.7515	0.7726	0.7016	 TOP-7: 0.7814	0.7739	0.7429	 TOP-10: 0.8758	0.8206	0.8516
53	23.270947	 TOP-5 0.7545	0.7753	0.7059	 TOP-7: 0.7706	0.7674	0.7359	 TOP-10: 0.8758	0.8216	0.8528
54	23.271490	 TOP-5 0.7455	0.7691	0.6981	 TOP-7: 0.7727	0.7683	0.7365	 TOP-10: 0.8742	0.8197	0.8505
55	23.270319	 TOP-5 0.7485	0.7703	0.6993	 TOP-7: 0.7706	0.7665	0.7336	 TOP-10: 0.8758	0.8204	0.8521
56	23.269442	 TOP-5 0.7485	0.7693	0.6981	 TOP-7: 0.7706	0.7653	0.7334	 TOP-10: 0.8773	0.8202	0.8533
57	23.270844	 TOP-5 0.7515	0.7712	0.7006	 TOP-7: 0.7727	0.7669	0.7355	 TOP-10: 0.8818	0.8244	0.8576
58	23.269779	 TOP-5 0.7485	0.7693	0.6981	 TOP-7: 0.7727	0.7667	0.7352	 TOP-10: 0.8803	0.8224	0.8561
59	23.267817	 TOP-5 0.7515	0.7714	0.7007	 TOP-7: 0.7727	0.7672	0.7358	 TOP-10: 0.8818	0.8242	0.8578
60	23.268612	 TOP-5 0.7455	0.7670	0.6951	 TOP-7: 0.7749	0.7676	0.7362	 TOP-10: 0.8818	0.8232	0.8574
61	23.267035	 TOP-5 0.7515	0.7691	0.6984	 TOP-7: 0.7727	0.7648	0.7349	 TOP-10: 0.8833	0.8235	0.8591
62	23.265915	 TOP-5 0.7545	0.7718	0.7014	 TOP-7: 0.7749	0.7672	0.7373	 TOP-10: 0.8818	0.8229	0.8574
63	23.260048	 TOP-5 0.7545	0.7711	0.7004	 TOP-7: 0.7749	0.7665	0.7373	 TOP-10: 0.8818	0.8222	0.8574
64	23.260246	 TOP-5 0.7515	0.7706	0.6988	 TOP-7: 0.7749	0.7675	0.7372	 TOP-10: 0.8818	0.8232	0.8574
65	23.261549	 TOP-5 0.7576	0.7727	0.7027	 TOP-7: 0.7749	0.7659	0.7372	 TOP-10: 0.8818	0.8216	0.8576
66	23.260342	 TOP-5 0.7515	0.7706	0.6982	 TOP-7: 0.7749	0.7677	0.7379	 TOP-10: 0.8818	0.8232	0.8573
67	23.259590	 TOP-5 0.7576	0.7746	0.7036	 TOP-7: 0.7727	0.7664	0.7361	 TOP-10: 0.8818	0.8235	0.8572
68	23.258894	 TOP-5 0.7636	0.7753	0.7043	 TOP-7: 0.7749	0.7653	0.7381	 TOP-10: 0.8833	0.8224	0.8589
69	23.254438	 TOP-5 0.7636	0.7760	0.7054	 TOP-7: 0.7771	0.7683	0.7412	 TOP-10: 0.8833	0.8232	0.8591
70	23.255171	 TOP-5 0.7636	0.7753	0.7043	 TOP-7: 0.7771	0.7678	0.7405	 TOP-10: 0.8818	0.8214	0.8576
71	23.250830	 TOP-5 0.7636	0.7760	0.7054	 TOP-7: 0.7771	0.7686	0.7411	 TOP-10: 0.8833	0.8235	0.8591
72	23.250635	 TOP-5 0.7636	0.7770	0.7071	 TOP-7: 0.7749	0.7680	0.7405	 TOP-10: 0.8833	0.8241	0.8591
73	23.246925	 TOP-5 0.7606	0.7729	0.7029	 TOP-7: 0.7727	0.7642	0.7381	 TOP-10: 0.8833	0.8218	0.8590
74	23.243446	 TOP-5 0.7606	0.7731	0.7035	 TOP-7: 0.7727	0.7644	0.7381	 TOP-10: 0.8818	0.8210	0.8576
75	23.247166	 TOP-5 0.7606	0.7750	0.7053	 TOP-7: 0.7727	0.7662	0.7381	 TOP-10: 0.8818	0.8228	0.8574
76	23.244379	 TOP-5 0.7636	0.7773	0.7076	 TOP-7: 0.7771	0.7695	0.7417	 TOP-10: 0.8818	0.8234	0.8581
77	23.240849	 TOP-5 0.7606	0.7750	0.7053	 TOP-7: 0.7749	0.7677	0.7390	 TOP-10: 0.8818	0.8229	0.8575
78	23.238279	 TOP-5 0.7576	0.7730	0.7022	 TOP-7: 0.7727	0.7660	0.7365	 TOP-10: 0.8803	0.8217	0.8559
79	23.237919	 TOP-5 0.7576	0.7709	0.7001	 TOP-7: 0.7792	0.7689	0.7427	 TOP-10: 0.8803	0.8199	0.8559
80	23.238297	 TOP-5 0.7545	0.7689	0.6971	 TOP-7: 0.7771	0.7669	0.7396	 TOP-10: 0.8803	0.8195	0.8554
81	23.230366	 TOP-5 0.7545	0.7708	0.6986	 TOP-7: 0.7771	0.7689	0.7399	 TOP-10: 0.8803	0.8214	0.8554
82	23.225084	 TOP-5 0.7545	0.7710	0.6990	 TOP-7: 0.7771	0.7691	0.7400	 TOP-10: 0.8803	0.8216	0.8552
83	23.231850	 TOP-5 0.7545	0.7710	0.6990	 TOP-7: 0.7771	0.7692	0.7406	 TOP-10: 0.8803	0.8218	0.8556
84	23.224081	 TOP-5 0.7545	0.7710	0.6990	 TOP-7: 0.7771	0.7693	0.7406	 TOP-10: 0.8788	0.8206	0.8539
85	23.218277	 TOP-5 0.7545	0.7707	0.6983	 TOP-7: 0.7771	0.7690	0.7406	 TOP-10: 0.8803	0.8214	0.8554
86	23.221189	 TOP-5 0.7576	0.7727	0.7007	 TOP-7: 0.7771	0.7690	0.7405	 TOP-10: 0.8803	0.8214	0.8554
87	23.210396	 TOP-5 0.7576	0.7727	0.7007	 TOP-7: 0.7771	0.7689	0.7402	 TOP-10: 0.8803	0.8213	0.8554
88	23.216297	 TOP-5 0.7576	0.7724	0.7004	 TOP-7: 0.7771	0.7687	0.7401	 TOP-10: 0.8818	0.8226	0.8567
89	23.209169	 TOP-5 0.7576	0.7727	0.7013	 TOP-7: 0.7771	0.7690	0.7407	 TOP-10: 0.8803	0.8216	0.8556
90	23.207844	 TOP-5 0.7545	0.7688	0.6974	 TOP-7: 0.7814	0.7696	0.7435	 TOP-10: 0.8818	0.8209	0.8571
91	23.201040	 TOP-5 0.7576	0.7699	0.6983	 TOP-7: 0.7792	0.7678	0.7419	 TOP-10: 0.8818	0.8203	0.8567
92	23.206495	 TOP-5 0.7606	0.7718	0.7008	 TOP-7: 0.7792	0.7677	0.7416	 TOP-10: 0.8818	0.8203	0.8565
93	23.197716	 TOP-5 0.7606	0.7712	0.6997	 TOP-7: 0.7792	0.7671	0.7416	 TOP-10: 0.8818	0.8197	0.8567
94	23.192930	 TOP-5 0.7606	0.7714	0.6998	 TOP-7: 0.7792	0.7672	0.7410	 TOP-10: 0.8818	0.8197	0.8561
95	23.193232	 TOP-5 0.7576	0.7694	0.6968	 TOP-7: 0.7792	0.7671	0.7410	 TOP-10: 0.8818	0.8198	0.8558
96	23.192982	 TOP-5 0.7576	0.7694	0.6968	 TOP-7: 0.7771	0.7657	0.7391	 TOP-10: 0.8818	0.8198	0.8557
97	23.188154	 TOP-5 0.7515	0.7666	0.6919	 TOP-7: 0.7771	0.7668	0.7385	 TOP-10: 0.8818	0.8209	0.8555
98	23.184893	 TOP-5 0.7545	0.7686	0.6943	 TOP-7: 0.7771	0.7670	0.7391	 TOP-10: 0.8818	0.8211	0.8556
99	23.178991	 TOP-5 0.7545	0.7686	0.6943	 TOP-7: 0.7749	0.7657	0.7378	 TOP-10: 0.8818	0.8211	0.8555
100	23.170143	 TOP-5 0.7545	0.7686	0.6943	 TOP-7: 0.7749	0.7657	0.7378	 TOP-10: 0.8818	0.8210	0.8555
101	23.176565	 TOP-5 0.7545	0.7686	0.6943	 TOP-7: 0.7749	0.7658	0.7381	 TOP-10: 0.8803	0.8198	0.8539
102	23.184324	 TOP-5 0.7485	0.7646	0.6888	 TOP-7: 0.7727	0.7640	0.7359	 TOP-10: 0.8803	0.8194	0.8540
103	23.171696	 TOP-5 0.7485	0.7624	0.6868	 TOP-7: 0.7727	0.7614	0.7353	 TOP-10: 0.8803	0.8171	0.8540
104	23.178188	 TOP-5 0.7394	0.7564	0.6802	 TOP-7: 0.7727	0.7609	0.7343	 TOP-10: 0.8803	0.8167	0.8536
105	23.155447	 TOP-5 0.7424	0.7584	0.6826	 TOP-7: 0.7706	0.7596	0.7324	 TOP-10: 0.8803	0.8167	0.8538
106	23.165934	 TOP-5 0.7424	0.7584	0.6826	 TOP-7: 0.7706	0.7597	0.7327	 TOP-10: 0.8788	0.8156	0.8523
107	23.159883	 TOP-5 0.7424	0.7581	0.6818	 TOP-7: 0.7706	0.7594	0.7327	 TOP-10: 0.8803	0.8164	0.8538
108	23.160221	 TOP-5 0.7424	0.7578	0.6812	 TOP-7: 0.7706	0.7592	0.7323	 TOP-10: 0.8818	0.8176	0.8550
109	23.158436	 TOP-5 0.7424	0.7578	0.6812	 TOP-7: 0.7706	0.7592	0.7323	 TOP-10: 0.8818	0.8175	0.8548
110	23.150412	 TOP-5 0.7424	0.7576	0.6808	 TOP-7: 0.7706	0.7590	0.7319	 TOP-10: 0.8818	0.8172	0.8548
111	23.151739	 TOP-5 0.7424	0.7576	0.6808	 TOP-7: 0.7706	0.7590	0.7319	 TOP-10: 0.8803	0.8160	0.8533
112	23.154928	 TOP-5 0.7424	0.7595	0.6823	 TOP-7: 0.7706	0.7604	0.7326	 TOP-10: 0.8803	0.8172	0.8539
113	23.155642	 TOP-5 0.7424	0.7592	0.6833	 TOP-7: 0.7706	0.7600	0.7334	 TOP-10: 0.8803	0.8167	0.8544
114	23.151823	 TOP-5 0.7485	0.7629	0.6870	 TOP-7: 0.7684	0.7581	0.7311	 TOP-10: 0.8803	0.8162	0.8540
115	23.155823	 TOP-5 0.7485	0.7629	0.6870	 TOP-7: 0.7684	0.7581	0.7311	 TOP-10: 0.8818	0.8172	0.8552
116	23.145309	 TOP-5 0.7485	0.7626	0.6862	 TOP-7: 0.7684	0.7579	0.7314	 TOP-10: 0.8818	0.8169	0.8552
117	23.147917	 TOP-5 0.7485	0.7626	0.6862	 TOP-7: 0.7684	0.7579	0.7314	 TOP-10: 0.8803	0.8159	0.8541
118	23.136024	 TOP-5 0.7485	0.7622	0.6855	 TOP-7: 0.7684	0.7576	0.7309	 TOP-10: 0.8803	0.8157	0.8541
119	23.141815	 TOP-5 0.7455	0.7596	0.6832	 TOP-7: 0.7684	0.7575	0.7310	 TOP-10: 0.8803	0.8155	0.8542
120	23.145472	 TOP-5 0.7455	0.7596	0.6832	 TOP-7: 0.7684	0.7574	0.7307	 TOP-10: 0.8803	0.8153	0.8542
121	23.138248	 TOP-5 0.7485	0.7624	0.6856	 TOP-7: 0.7684	0.7576	0.7307	 TOP-10: 0.8803	0.8155	0.8542
122	23.138563	 TOP-5 0.7424	0.7584	0.6802	 TOP-7: 0.7684	0.7573	0.7301	 TOP-10: 0.8803	0.8154	0.8537
123	23.131628	 TOP-5 0.7424	0.7584	0.6802	 TOP-7: 0.7684	0.7573	0.7301	 TOP-10: 0.8803	0.8153	0.8537
124	23.141371	 TOP-5 0.7424	0.7586	0.6808	 TOP-7: 0.7684	0.7575	0.7305	 TOP-10: 0.8803	0.8156	0.8540
125	23.147886	 TOP-5 0.7424	0.7579	0.6804	 TOP-7: 0.7662	0.7553	0.7294	 TOP-10: 0.8803	0.8148	0.8540
126	23.135553	 TOP-5 0.7424	0.7572	0.6793	 TOP-7: 0.7662	0.7547	0.7294	 TOP-10: 0.8803	0.8142	0.8540
127	23.154022	 TOP-5 0.7424	0.7534	0.6763	 TOP-7: 0.7662	0.7513	0.7283	 TOP-10: 0.8788	0.8101	0.8521
128	23.150862	 TOP-5 0.7424	0.7510	0.6745	 TOP-7: 0.7662	0.7488	0.7280	 TOP-10: 0.8788	0.8076	0.8521
129	23.140642	 TOP-5 0.7424	0.7510	0.6745	 TOP-7: 0.7662	0.7488	0.7281	 TOP-10: 0.8788	0.8075	0.8518
130	23.147457	 TOP-5 0.7394	0.7483	0.6721	 TOP-7: 0.7662	0.7486	0.7283	 TOP-10: 0.8788	0.8074	0.8519
131	23.136572	 TOP-5 0.7394	0.7483	0.6721	 TOP-7: 0.7684	0.7502	0.7298	 TOP-10: 0.8788	0.8075	0.8519
132	23.134264	 TOP-5 0.7394	0.7460	0.6701	 TOP-7: 0.7684	0.7483	0.7282	 TOP-10: 0.8788	0.8058	0.8519
133	23.132713	 TOP-5 0.7364	0.7440	0.6683	 TOP-7: 0.7684	0.7482	0.7279	 TOP-10: 0.8788	0.8059	0.8522
134	23.141119	 TOP-5 0.7364	0.7451	0.6690	 TOP-7: 0.7662	0.7474	0.7265	 TOP-10: 0.8788	0.8066	0.8518
135	23.128357	 TOP-5 0.7364	0.7451	0.6690	 TOP-7: 0.7684	0.7490	0.7284	 TOP-10: 0.8788	0.8067	0.8518
136	23.135994	 TOP-5 0.7364	0.7469	0.6701	 TOP-7: 0.7684	0.7506	0.7285	 TOP-10: 0.8788	0.8079	0.8518
137	23.131500	 TOP-5 0.7364	0.7460	0.6679	 TOP-7: 0.7684	0.7497	0.7275	 TOP-10: 0.8788	0.8072	0.8514
138	23.134663	 TOP-5 0.7364	0.7444	0.6655	 TOP-7: 0.7706	0.7500	0.7283	 TOP-10: 0.8773	0.8049	0.8500
139	23.139292	 TOP-5 0.7333	0.7396	0.6615	 TOP-7: 0.7706	0.7471	0.7284	 TOP-10: 0.8773	0.8021	0.8498
140	23.132673	 TOP-5 0.7364	0.7416	0.6639	 TOP-7: 0.7706	0.7470	0.7282	 TOP-10: 0.8773	0.8020	0.8498
141	23.135057	 TOP-5 0.7364	0.7397	0.6624	 TOP-7: 0.7706	0.7453	0.7282	 TOP-10: 0.8788	0.8015	0.8512
142	23.141674	 TOP-5 0.7364	0.7389	0.6619	 TOP-7: 0.7706	0.7446	0.7278	 TOP-10: 0.8788	0.8007	0.8510
143	23.141230	 TOP-5 0.7303	0.7349	0.6559	 TOP-7: 0.7706	0.7443	0.7275	 TOP-10: 0.8788	0.8005	0.8507
144	23.139940	 TOP-5 0.7303	0.7353	0.6563	 TOP-7: 0.7706	0.7447	0.7275	 TOP-10: 0.8788	0.8009	0.8507
145	23.136587	 TOP-5 0.7273	0.7308	0.6524	 TOP-7: 0.7706	0.7426	0.7251	 TOP-10: 0.8773	0.7979	0.8485
146	23.138081	 TOP-5 0.7273	0.7301	0.6519	 TOP-7: 0.7706	0.7419	0.7251	 TOP-10: 0.8773	0.7972	0.8484
147	23.134005	 TOP-5 0.7273	0.7282	0.6504	 TOP-7: 0.7706	0.7402	0.7251	 TOP-10: 0.8773	0.7955	0.8484
148	23.132620	 TOP-5 0.7273	0.7277	0.6493	 TOP-7: 0.7684	0.7384	0.7232	 TOP-10: 0.8773	0.7949	0.8482
149	23.131327	 TOP-5 0.7273	0.7271	0.6487	 TOP-7: 0.7684	0.7378	0.7228	 TOP-10: 0.8788	0.7954	0.8491
Final model saved after 150 epochs
Best model was from epoch 42 with NDCG10 = 0.8253
