# epoch	train_loss	precision5	NDCG5	MAP5	precision7	NDCG7	MAP7	precision10	NDCG10	MAP10
0	23.659832	 TOP-5 0.5667	0.5698	0.4670	 TOP-7: 0.6580	0.5971	0.5771	 TOP-10: 0.8288	0.6877	0.7839
New best model saved at epoch 0 with NDCG10 = 0.6877
1	23.657972	 TOP-5 0.5455	0.5407	0.4362	 TOP-7: 0.6320	0.5622	0.5450	 TOP-10: 0.8303	0.6735	0.7808
2	23.657572	 TOP-5 0.5333	0.5364	0.4314	 TOP-7: 0.6385	0.5713	0.5482	 TOP-10: 0.8197	0.6680	0.7737
3	23.644855	 TOP-5 0.5182	0.5083	0.4026	 TOP-7: 0.6277	0.5470	0.5336	 TOP-10: 0.8227	0.6540	0.7696
4	23.645130	 TOP-5 0.5242	0.4969	0.3936	 TOP-7: 0.6299	0.5339	0.5279	 TOP-10: 0.8152	0.6336	0.7643
5	23.651966	 TOP-5 0.4970	0.4879	0.3798	 TOP-7: 0.6082	0.5251	0.5139	 TOP-10: 0.8106	0.6356	0.7560
6	23.631548	 TOP-5 0.4848	0.4619	0.3584	 TOP-7: 0.5974	0.4985	0.4972	 TOP-10: 0.8030	0.6131	0.7464
7	23.626524	 TOP-5 0.4879	0.4740	0.3668	 TOP-7: 0.5887	0.5040	0.4921	 TOP-10: 0.7970	0.6173	0.7418
8	23.623264	 TOP-5 0.4939	0.4725	0.3661	 TOP-7: 0.5931	0.5049	0.4926	 TOP-10: 0.7955	0.6146	0.7368
9	23.628628	 TOP-5 0.4970	0.4714	0.3632	 TOP-7: 0.6126	0.5144	0.5035	 TOP-10: 0.8061	0.6189	0.7451
10	23.599705	 TOP-5 0.4909	0.4683	0.3648	 TOP-7: 0.5952	0.5012	0.4921	 TOP-10: 0.7939	0.6100	0.7349
11	23.615829	 TOP-5 0.4848	0.4672	0.3598	 TOP-7: 0.6017	0.5085	0.4928	 TOP-10: 0.7894	0.6095	0.7323
12	23.612206	 TOP-5 0.4758	0.4477	0.3495	 TOP-7: 0.5974	0.4935	0.4861	 TOP-10: 0.7939	0.6016	0.7326
13	23.599886	 TOP-5 0.4667	0.4588	0.3459	 TOP-7: 0.5996	0.5117	0.4923	 TOP-10: 0.7909	0.6129	0.7326
14	23.594709	 TOP-5 0.5061	0.4891	0.3734	 TOP-7: 0.6147	0.5263	0.5117	 TOP-10: 0.8045	0.6285	0.7473
15	23.594522	 TOP-5 0.5121	0.4841	0.3808	 TOP-7: 0.5952	0.5045	0.4945	 TOP-10: 0.7955	0.6126	0.7431
16	23.570660	 TOP-5 0.5091	0.4841	0.3834	 TOP-7: 0.6255	0.5283	0.5231	 TOP-10: 0.7985	0.6215	0.7506
17	23.587372	 TOP-5 0.5394	0.5207	0.4116	 TOP-7: 0.6255	0.5452	0.5334	 TOP-10: 0.8000	0.6383	0.7549
18	23.569593	 TOP-5 0.5333	0.5045	0.4009	 TOP-7: 0.6299	0.5374	0.5298	 TOP-10: 0.7985	0.6266	0.7535
19	23.571980	 TOP-5 0.5182	0.5103	0.4058	 TOP-7: 0.6364	0.5542	0.5384	 TOP-10: 0.8106	0.6505	0.7622
20	23.555204	 TOP-5 0.5152	0.5053	0.3974	 TOP-7: 0.6320	0.5489	0.5336	 TOP-10: 0.8000	0.6378	0.7477
21	23.560062	 TOP-5 0.5333	0.5173	0.4162	 TOP-7: 0.6494	0.5614	0.5588	 TOP-10: 0.8061	0.6433	0.7611
22	23.558960	 TOP-5 0.5273	0.5214	0.4146	 TOP-7: 0.6320	0.5557	0.5455	 TOP-10: 0.8076	0.6507	0.7597
23	23.560946	 TOP-5 0.5758	0.5536	0.4453	 TOP-7: 0.6688	0.5847	0.5794	 TOP-10: 0.8121	0.6585	0.7712
24	23.542871	 TOP-5 0.5879	0.5627	0.4651	 TOP-7: 0.6645	0.5847	0.5796	 TOP-10: 0.8242	0.6721	0.7785
25	23.532099	 TOP-5 0.5848	0.5690	0.4717	 TOP-7: 0.6537	0.5850	0.5751	 TOP-10: 0.8258	0.6813	0.7763
26	23.518864	 TOP-5 0.5727	0.5700	0.4752	 TOP-7: 0.6840	0.6135	0.5994	 TOP-10: 0.8318	0.6963	0.7867
New best model saved at epoch 26 with NDCG10 = 0.6963
27	23.528259	 TOP-5 0.6091	0.6105	0.5213	 TOP-7: 0.6861	0.6322	0.6192	 TOP-10: 0.8364	0.7142	0.7982
New best model saved at epoch 27 with NDCG10 = 0.7142
28	23.505386	 TOP-5 0.6273	0.6311	0.5483	 TOP-7: 0.7056	0.6544	0.6397	 TOP-10: 0.8515	0.7365	0.8149
New best model saved at epoch 28 with NDCG10 = 0.7365
29	23.513067	 TOP-5 0.6394	0.6469	0.5698	 TOP-7: 0.7035	0.6602	0.6444	 TOP-10: 0.8576	0.7483	0.8223
New best model saved at epoch 29 with NDCG10 = 0.7483
30	23.505146	 TOP-5 0.6667	0.6696	0.5980	 TOP-7: 0.7143	0.6739	0.6590	 TOP-10: 0.8576	0.7541	0.8244
New best model saved at epoch 30 with NDCG10 = 0.7541
31	23.488285	 TOP-5 0.6879	0.6886	0.6189	 TOP-7: 0.7251	0.6859	0.6707	 TOP-10: 0.8515	0.7549	0.8212
New best model saved at epoch 31 with NDCG10 = 0.7549
32	23.493694	 TOP-5 0.6909	0.7040	0.6282	 TOP-7: 0.7381	0.7091	0.6859	 TOP-10: 0.8606	0.7749	0.8303
New best model saved at epoch 32 with NDCG10 = 0.7749
33	23.464571	 TOP-5 0.7061	0.7180	0.6430	 TOP-7: 0.7532	0.7256	0.6999	 TOP-10: 0.8621	0.7818	0.8323
New best model saved at epoch 33 with NDCG10 = 0.7818
34	23.464548	 TOP-5 0.7061	0.7223	0.6468	 TOP-7: 0.7511	0.7281	0.7030	 TOP-10: 0.8636	0.7867	0.8364
New best model saved at epoch 34 with NDCG10 = 0.7867
35	23.460091	 TOP-5 0.7030	0.7261	0.6496	 TOP-7: 0.7576	0.7381	0.7086	 TOP-10: 0.8682	0.7953	0.8402
New best model saved at epoch 35 with NDCG10 = 0.7953
36	23.452593	 TOP-5 0.7212	0.7420	0.6674	 TOP-7: 0.7532	0.7382	0.7089	 TOP-10: 0.8697	0.8005	0.8431
New best model saved at epoch 36 with NDCG10 = 0.8005
37	23.436520	 TOP-5 0.7273	0.7466	0.6764	 TOP-7: 0.7576	0.7425	0.7138	 TOP-10: 0.8727	0.8033	0.8450
New best model saved at epoch 37 with NDCG10 = 0.8033
38	23.417786	 TOP-5 0.7424	0.7566	0.6888	 TOP-7: 0.7597	0.7452	0.7171	 TOP-10: 0.8742	0.8055	0.8463
New best model saved at epoch 38 with NDCG10 = 0.8055
39	23.410044	 TOP-5 0.7394	0.7545	0.6869	 TOP-7: 0.7662	0.7500	0.7230	 TOP-10: 0.8742	0.8052	0.8458
40	23.382185	 TOP-5 0.7394	0.7558	0.6855	 TOP-7: 0.7662	0.7510	0.7237	 TOP-10: 0.8712	0.8042	0.8443
41	23.366365	 TOP-5 0.7364	0.7547	0.6823	 TOP-7: 0.7641	0.7503	0.7220	 TOP-10: 0.8712	0.8052	0.8448
42	23.349279	 TOP-5 0.7394	0.7611	0.6888	 TOP-7: 0.7619	0.7530	0.7225	 TOP-10: 0.8712	0.8094	0.8449
New best model saved at epoch 42 with NDCG10 = 0.8094
43	23.323708	 TOP-5 0.7455	0.7652	0.6946	 TOP-7: 0.7641	0.7549	0.7251	 TOP-10: 0.8712	0.8099	0.8449
New best model saved at epoch 43 with NDCG10 = 0.8099
44	23.305727	 TOP-5 0.7515	0.7682	0.6975	 TOP-7: 0.7662	0.7560	0.7275	 TOP-10: 0.8697	0.8090	0.8435
45	23.293585	 TOP-5 0.7515	0.7690	0.6987	 TOP-7: 0.7684	0.7587	0.7301	 TOP-10: 0.8667	0.8076	0.8406
46	23.284950	 TOP-5 0.7545	0.7706	0.7000	 TOP-7: 0.7684	0.7586	0.7307	 TOP-10: 0.8667	0.8076	0.8406
47	23.284647	 TOP-5 0.7515	0.7689	0.6977	 TOP-7: 0.7662	0.7570	0.7276	 TOP-10: 0.8667	0.8072	0.8403
48	23.284075	 TOP-5 0.7545	0.7715	0.6996	 TOP-7: 0.7684	0.7590	0.7289	 TOP-10: 0.8667	0.8080	0.8399
49	23.282843	 TOP-5 0.7606	0.7753	0.7040	 TOP-7: 0.7684	0.7585	0.7289	 TOP-10: 0.8667	0.8080	0.8399
50	23.282780	 TOP-5 0.7606	0.7752	0.7041	 TOP-7: 0.7641	0.7550	0.7254	 TOP-10: 0.8682	0.8082	0.8420
51	23.281981	 TOP-5 0.7636	0.7781	0.7074	 TOP-7: 0.7662	0.7581	0.7280	 TOP-10: 0.8697	0.8103	0.8434
New best model saved at epoch 51 with NDCG10 = 0.8103
52	23.281708	 TOP-5 0.7636	0.7781	0.7077	 TOP-7: 0.7597	0.7539	0.7233	 TOP-10: 0.8697	0.8105	0.8439
New best model saved at epoch 52 with NDCG10 = 0.8105
53	23.281601	 TOP-5 0.7576	0.7738	0.7043	 TOP-7: 0.7597	0.7532	0.7229	 TOP-10: 0.8682	0.8086	0.8425
54	23.280804	 TOP-5 0.7606	0.7758	0.7056	 TOP-7: 0.7597	0.7534	0.7235	 TOP-10: 0.8697	0.8100	0.8440
55	23.280800	 TOP-5 0.7667	0.7802	0.7112	 TOP-7: 0.7597	0.7540	0.7244	 TOP-10: 0.8697	0.8110	0.8448
New best model saved at epoch 55 with NDCG10 = 0.8110
56	23.279648	 TOP-5 0.7667	0.7801	0.7117	 TOP-7: 0.7619	0.7553	0.7269	 TOP-10: 0.8697	0.8107	0.8451
57	23.279812	 TOP-5 0.7667	0.7790	0.7133	 TOP-7: 0.7576	0.7501	0.7246	 TOP-10: 0.8712	0.8104	0.8465
58	23.279543	 TOP-5 0.7636	0.7770	0.7115	 TOP-7: 0.7576	0.7503	0.7246	 TOP-10: 0.8727	0.8116	0.8477
New best model saved at epoch 58 with NDCG10 = 0.8116
59	23.279657	 TOP-5 0.7576	0.7730	0.7079	 TOP-7: 0.7554	0.7482	0.7208	 TOP-10: 0.8727	0.8110	0.8473
60	23.278994	 TOP-5 0.7545	0.7714	0.7072	 TOP-7: 0.7619	0.7533	0.7251	 TOP-10: 0.8742	0.8127	0.8486
New best model saved at epoch 60 with NDCG10 = 0.8127
61	23.278856	 TOP-5 0.7545	0.7714	0.7060	 TOP-7: 0.7706	0.7591	0.7315	 TOP-10: 0.8773	0.8156	0.8518
New best model saved at epoch 61 with NDCG10 = 0.8156
62	23.277906	 TOP-5 0.7515	0.7692	0.7037	 TOP-7: 0.7727	0.7605	0.7327	 TOP-10: 0.8773	0.8152	0.8513
63	23.278419	 TOP-5 0.7515	0.7711	0.7052	 TOP-7: 0.7706	0.7607	0.7328	 TOP-10: 0.8788	0.8177	0.8531
New best model saved at epoch 63 with NDCG10 = 0.8177
64	23.278414	 TOP-5 0.7515	0.7706	0.7045	 TOP-7: 0.7706	0.7604	0.7336	 TOP-10: 0.8742	0.8145	0.8501
65	23.278072	 TOP-5 0.7576	0.7747	0.7086	 TOP-7: 0.7684	0.7590	0.7323	 TOP-10: 0.8758	0.8156	0.8511
66	23.277905	 TOP-5 0.7636	0.7797	0.7122	 TOP-7: 0.7684	0.7602	0.7328	 TOP-10: 0.8758	0.8169	0.8513
67	23.277388	 TOP-5 0.7636	0.7796	0.7125	 TOP-7: 0.7706	0.7617	0.7347	 TOP-10: 0.8758	0.8170	0.8516
68	23.277086	 TOP-5 0.7636	0.7794	0.7123	 TOP-7: 0.7727	0.7628	0.7368	 TOP-10: 0.8773	0.8176	0.8531
69	23.277023	 TOP-5 0.7636	0.7794	0.7126	 TOP-7: 0.7727	0.7633	0.7375	 TOP-10: 0.8773	0.8179	0.8533
New best model saved at epoch 69 with NDCG10 = 0.8179
70	23.276800	 TOP-5 0.7606	0.7762	0.7095	 TOP-7: 0.7749	0.7636	0.7387	 TOP-10: 0.8758	0.8159	0.8523
71	23.276855	 TOP-5 0.7636	0.7786	0.7115	 TOP-7: 0.7771	0.7653	0.7413	 TOP-10: 0.8742	0.8150	0.8507
72	23.276608	 TOP-5 0.7697	0.7828	0.7176	 TOP-7: 0.7771	0.7655	0.7413	 TOP-10: 0.8727	0.8141	0.8496
73	23.276892	 TOP-5 0.7667	0.7801	0.7138	 TOP-7: 0.7814	0.7674	0.7433	 TOP-10: 0.8712	0.8125	0.8483
74	23.276070	 TOP-5 0.7697	0.7827	0.7172	 TOP-7: 0.7814	0.7682	0.7443	 TOP-10: 0.8712	0.8133	0.8481
75	23.276073	 TOP-5 0.7697	0.7822	0.7171	 TOP-7: 0.7835	0.7692	0.7455	 TOP-10: 0.8727	0.8139	0.8488
76	23.276241	 TOP-5 0.7636	0.7785	0.7122	 TOP-7: 0.7792	0.7660	0.7422	 TOP-10: 0.8727	0.8138	0.8490
77	23.276291	 TOP-5 0.7636	0.7786	0.7119	 TOP-7: 0.7792	0.7662	0.7430	 TOP-10: 0.8727	0.8139	0.8489
78	23.276144	 TOP-5 0.7636	0.7790	0.7126	 TOP-7: 0.7814	0.7683	0.7457	 TOP-10: 0.8727	0.8144	0.8491
79	23.276100	 TOP-5 0.7636	0.7795	0.7137	 TOP-7: 0.7814	0.7683	0.7460	 TOP-10: 0.8727	0.8152	0.8494
80	23.275846	 TOP-5 0.7606	0.7787	0.7124	 TOP-7: 0.7814	0.7692	0.7463	 TOP-10: 0.8697	0.8139	0.8473
81	23.275713	 TOP-5 0.7606	0.7793	0.7138	 TOP-7: 0.7814	0.7704	0.7478	 TOP-10: 0.8697	0.8145	0.8471
82	23.275187	 TOP-5 0.7636	0.7813	0.7156	 TOP-7: 0.7835	0.7721	0.7500	 TOP-10: 0.8697	0.8148	0.8473
83	23.275791	 TOP-5 0.7636	0.7817	0.7156	 TOP-7: 0.7835	0.7724	0.7496	 TOP-10: 0.8697	0.8151	0.8470
84	23.275333	 TOP-5 0.7697	0.7854	0.7211	 TOP-7: 0.7857	0.7739	0.7499	 TOP-10: 0.8712	0.8160	0.8483
85	23.275249	 TOP-5 0.7667	0.7832	0.7186	 TOP-7: 0.7857	0.7736	0.7489	 TOP-10: 0.8712	0.8156	0.8479
86	23.275095	 TOP-5 0.7636	0.7803	0.7146	 TOP-7: 0.7900	0.7757	0.7529	 TOP-10: 0.8727	0.8162	0.8494
87	23.275101	 TOP-5 0.7636	0.7798	0.7141	 TOP-7: 0.7900	0.7753	0.7529	 TOP-10: 0.8742	0.8171	0.8510
88	23.274591	 TOP-5 0.7667	0.7819	0.7164	 TOP-7: 0.7922	0.7778	0.7544	 TOP-10: 0.8742	0.8176	0.8506
89	23.275169	 TOP-5 0.7667	0.7826	0.7174	 TOP-7: 0.7922	0.7784	0.7544	 TOP-10: 0.8742	0.8182	0.8508
New best model saved at epoch 89 with NDCG10 = 0.8182
90	23.275023	 TOP-5 0.7697	0.7844	0.7196	 TOP-7: 0.7900	0.7770	0.7531	 TOP-10: 0.8742	0.8182	0.8506
91	23.274422	 TOP-5 0.7697	0.7842	0.7190	 TOP-7: 0.7900	0.7769	0.7535	 TOP-10: 0.8697	0.8154	0.8477
92	23.274666	 TOP-5 0.7727	0.7862	0.7215	 TOP-7: 0.7879	0.7753	0.7525	 TOP-10: 0.8682	0.8141	0.8461
93	23.274487	 TOP-5 0.7697	0.7842	0.7184	 TOP-7: 0.7857	0.7739	0.7509	 TOP-10: 0.8697	0.8154	0.8472
94	23.274021	 TOP-5 0.7667	0.7822	0.7154	 TOP-7: 0.7857	0.7739	0.7493	 TOP-10: 0.8712	0.8163	0.8479
95	23.274244	 TOP-5 0.7667	0.7826	0.7159	 TOP-7: 0.7857	0.7742	0.7495	 TOP-10: 0.8727	0.8176	0.8492
96	23.273891	 TOP-5 0.7667	0.7826	0.7159	 TOP-7: 0.7900	0.7771	0.7529	 TOP-10: 0.8727	0.8177	0.8494
97	23.274096	 TOP-5 0.7636	0.7804	0.7124	 TOP-7: 0.7879	0.7754	0.7506	 TOP-10: 0.8742	0.8181	0.8505
98	23.273926	 TOP-5 0.7636	0.7804	0.7124	 TOP-7: 0.7835	0.7727	0.7467	 TOP-10: 0.8773	0.8207	0.8534
New best model saved at epoch 98 with NDCG10 = 0.8207
99	23.273220	 TOP-5 0.7636	0.7799	0.7111	 TOP-7: 0.7814	0.7705	0.7442	 TOP-10: 0.8788	0.8211	0.8543
New best model saved at epoch 99 with NDCG10 = 0.8211
100	23.272964	 TOP-5 0.7636	0.7799	0.7111	 TOP-7: 0.7792	0.7690	0.7423	 TOP-10: 0.8848	0.8256	0.8587
New best model saved at epoch 100 with NDCG10 = 0.8256
101	23.273169	 TOP-5 0.7636	0.7780	0.7096	 TOP-7: 0.7792	0.7672	0.7421	 TOP-10: 0.8848	0.8246	0.8589
102	23.272968	 TOP-5 0.7667	0.7800	0.7126	 TOP-7: 0.7814	0.7690	0.7439	 TOP-10: 0.8848	0.8252	0.8594
103	23.272011	 TOP-5 0.7636	0.7768	0.7080	 TOP-7: 0.7814	0.7676	0.7429	 TOP-10: 0.8894	0.8280	0.8636
New best model saved at epoch 103 with NDCG10 = 0.8280
104	23.272478	 TOP-5 0.7636	0.7758	0.7082	 TOP-7: 0.7857	0.7706	0.7460	 TOP-10: 0.8909	0.8288	0.8649
New best model saved at epoch 104 with NDCG10 = 0.8288
105	23.271328	 TOP-5 0.7636	0.7758	0.7082	 TOP-7: 0.7835	0.7693	0.7438	 TOP-10: 0.8879	0.8267	0.8629
106	23.270895	 TOP-5 0.7636	0.7752	0.7074	 TOP-7: 0.7835	0.7687	0.7443	 TOP-10: 0.8848	0.8239	0.8602
107	23.270597	 TOP-5 0.7606	0.7729	0.7044	 TOP-7: 0.7857	0.7710	0.7463	 TOP-10: 0.8848	0.8242	0.8607
108	23.270235	 TOP-5 0.7606	0.7729	0.7044	 TOP-7: 0.7857	0.7712	0.7465	 TOP-10: 0.8848	0.8238	0.8601
109	23.269470	 TOP-5 0.7606	0.7733	0.7049	 TOP-7: 0.7857	0.7714	0.7465	 TOP-10: 0.8864	0.8252	0.8616
110	23.268040	 TOP-5 0.7606	0.7736	0.7039	 TOP-7: 0.7835	0.7700	0.7451	 TOP-10: 0.8864	0.8253	0.8614
111	23.266600	 TOP-5 0.7636	0.7771	0.7080	 TOP-7: 0.7857	0.7724	0.7473	 TOP-10: 0.8879	0.8274	0.8629
112	23.266420	 TOP-5 0.7636	0.7769	0.7075	 TOP-7: 0.7835	0.7711	0.7468	 TOP-10: 0.8864	0.8261	0.8614
113	23.264975	 TOP-5 0.7636	0.7723	0.7045	 TOP-7: 0.7814	0.7655	0.7435	 TOP-10: 0.8879	0.8231	0.8628
114	23.263401	 TOP-5 0.7636	0.7745	0.7059	 TOP-7: 0.7814	0.7674	0.7427	 TOP-10: 0.8894	0.8261	0.8638
115	23.261169	 TOP-5 0.7636	0.7745	0.7059	 TOP-7: 0.7835	0.7697	0.7446	 TOP-10: 0.8894	0.8262	0.8638
116	23.257343	 TOP-5 0.7667	0.7762	0.7084	 TOP-7: 0.7814	0.7681	0.7431	 TOP-10: 0.8894	0.8259	0.8635
117	23.254669	 TOP-5 0.7606	0.7720	0.7025	 TOP-7: 0.7835	0.7693	0.7439	 TOP-10: 0.8894	0.8256	0.8631
118	23.247372	 TOP-5 0.7636	0.7740	0.7049	 TOP-7: 0.7835	0.7695	0.7442	 TOP-10: 0.8909	0.8274	0.8646
119	23.242933	 TOP-5 0.7667	0.7760	0.7080	 TOP-7: 0.7814	0.7682	0.7431	 TOP-10: 0.8894	0.8258	0.8631
120	23.239828	 TOP-5 0.7667	0.7762	0.7084	 TOP-7: 0.7814	0.7686	0.7438	 TOP-10: 0.8879	0.8250	0.8620
121	23.226793	 TOP-5 0.7727	0.7798	0.7125	 TOP-7: 0.7814	0.7681	0.7439	 TOP-10: 0.8879	0.8245	0.8622
122	23.212357	 TOP-5 0.7697	0.7766	0.7075	 TOP-7: 0.7814	0.7667	0.7428	 TOP-10: 0.8894	0.8244	0.8633
123	23.195364	 TOP-5 0.7667	0.7746	0.7045	 TOP-7: 0.7814	0.7666	0.7425	 TOP-10: 0.8879	0.8229	0.8615
124	23.184830	 TOP-5 0.7667	0.7746	0.7045	 TOP-7: 0.7835	0.7680	0.7440	 TOP-10: 0.8879	0.8230	0.8617
125	23.172611	 TOP-5 0.7667	0.7746	0.7045	 TOP-7: 0.7814	0.7666	0.7422	 TOP-10: 0.8894	0.8243	0.8630
126	23.158548	 TOP-5 0.7636	0.7719	0.7005	 TOP-7: 0.7792	0.7644	0.7399	 TOP-10: 0.8894	0.8234	0.8623
127	23.164064	 TOP-5 0.7636	0.7719	0.7005	 TOP-7: 0.7814	0.7658	0.7415	 TOP-10: 0.8894	0.8235	0.8625
128	23.162960	 TOP-5 0.7636	0.7717	0.7000	 TOP-7: 0.7814	0.7656	0.7415	 TOP-10: 0.8879	0.8221	0.8610
129	23.153580	 TOP-5 0.7606	0.7690	0.6966	 TOP-7: 0.7792	0.7636	0.7383	 TOP-10: 0.8879	0.8215	0.8606
130	23.154160	 TOP-5 0.7606	0.7709	0.6981	 TOP-7: 0.7792	0.7656	0.7380	 TOP-10: 0.8879	0.8232	0.8606
131	23.145842	 TOP-5 0.7636	0.7702	0.6974	 TOP-7: 0.7814	0.7645	0.7393	 TOP-10: 0.8894	0.8219	0.8611
132	23.141293	 TOP-5 0.7606	0.7679	0.6939	 TOP-7: 0.7792	0.7627	0.7373	 TOP-10: 0.8894	0.8214	0.8607
133	23.137524	 TOP-5 0.7606	0.7675	0.6931	 TOP-7: 0.7792	0.7624	0.7373	 TOP-10: 0.8879	0.8198	0.8593
134	23.147356	 TOP-5 0.7576	0.7655	0.6907	 TOP-7: 0.7792	0.7623	0.7370	 TOP-10: 0.8879	0.8196	0.8593
135	23.129808	 TOP-5 0.7545	0.7633	0.6877	 TOP-7: 0.7792	0.7619	0.7362	 TOP-10: 0.8879	0.8193	0.8590
136	23.140516	 TOP-5 0.7545	0.7620	0.6869	 TOP-7: 0.7792	0.7605	0.7359	 TOP-10: 0.8864	0.8170	0.8573
137	23.133657	 TOP-5 0.7545	0.7601	0.6854	 TOP-7: 0.7792	0.7590	0.7349	 TOP-10: 0.8848	0.8142	0.8559
138	23.139391	 TOP-5 0.7545	0.7581	0.6819	 TOP-7: 0.7792	0.7572	0.7344	 TOP-10: 0.8833	0.8115	0.8543
139	23.140720	 TOP-5 0.7515	0.7565	0.6787	 TOP-7: 0.7792	0.7575	0.7344	 TOP-10: 0.8833	0.8118	0.8542
140	23.134726	 TOP-5 0.7455	0.7522	0.6738	 TOP-7: 0.7792	0.7572	0.7342	 TOP-10: 0.8833	0.8115	0.8541
141	23.135878	 TOP-5 0.7394	0.7483	0.6684	 TOP-7: 0.7792	0.7567	0.7327	 TOP-10: 0.8848	0.8121	0.8549
142	23.142818	 TOP-5 0.7394	0.7454	0.6659	 TOP-7: 0.7792	0.7539	0.7327	 TOP-10: 0.8848	0.8094	0.8548
143	23.141670	 TOP-5 0.7394	0.7473	0.6675	 TOP-7: 0.7792	0.7554	0.7339	 TOP-10: 0.8848	0.8106	0.8554
144	23.138033	 TOP-5 0.7364	0.7432	0.6639	 TOP-7: 0.7792	0.7535	0.7317	 TOP-10: 0.8848	0.8090	0.8546
145	23.138872	 TOP-5 0.7333	0.7432	0.6629	 TOP-7: 0.7792	0.7553	0.7317	 TOP-10: 0.8864	0.8126	0.8564
146	23.140533	 TOP-5 0.7303	0.7412	0.6605	 TOP-7: 0.7792	0.7551	0.7314	 TOP-10: 0.8879	0.8137	0.8578
147	23.134739	 TOP-5 0.7303	0.7402	0.6585	 TOP-7: 0.7792	0.7541	0.7313	 TOP-10: 0.8879	0.8126	0.8577
148	23.131517	 TOP-5 0.7273	0.7347	0.6530	 TOP-7: 0.7792	0.7503	0.7307	 TOP-10: 0.8879	0.8089	0.8574
149	23.131317	 TOP-5 0.7273	0.7343	0.6519	 TOP-7: 0.7792	0.7500	0.7300	 TOP-10: 0.8879	0.8086	0.8569
Final model saved after 150 epochs
Best model was from epoch 104 with NDCG10 = 0.8288
