# epoch	train_loss	precision5	NDCG5	MAP5	precision7	NDCG7	MAP7	precision10	NDCG10	MAP10
0	23.717445	 TOP-5 0.5133	0.5173	0.3790	 TOP-7: 0.5095	0.5143	0.3530	 TOP-10: 0.5062	0.5111	0.3295
New best model saved at epoch 0 with NDCG10 = 0.5111
1	23.686874	 TOP-5 0.4591	0.4582	0.3164	 TOP-7: 0.4626	0.4606	0.2983	 TOP-10: 0.4770	0.4703	0.2884
2	23.628653	 TOP-5 0.4304	0.4282	0.2890	 TOP-7: 0.4483	0.4404	0.2796	 TOP-10: 0.4553	0.4466	0.2679
3	23.601498	 TOP-5 0.4336	0.4285	0.2912	 TOP-7: 0.4433	0.4361	0.2787	 TOP-10: 0.4607	0.4491	0.2728
4	23.553610	 TOP-5 0.5496	0.5517	0.4132	 TOP-7: 0.5436	0.5474	0.3881	 TOP-10: 0.5461	0.5482	0.3692
New best model saved at epoch 4 with NDCG10 = 0.5482
5	23.509892	 TOP-5 0.5978	0.6020	0.4692	 TOP-7: 0.5935	0.5983	0.4444	 TOP-10: 0.5916	0.5961	0.4225
New best model saved at epoch 5 with NDCG10 = 0.5961
6	23.447060	 TOP-5 0.6081	0.6193	0.4890	 TOP-7: 0.6082	0.6174	0.4661	 TOP-10: 0.5938	0.6060	0.4339
New best model saved at epoch 6 with NDCG10 = 0.6060
7	23.386723	 TOP-5 0.6201	0.6284	0.5008	 TOP-7: 0.6121	0.6217	0.4725	 TOP-10: 0.5970	0.6098	0.4394
New best model saved at epoch 7 with NDCG10 = 0.6098
8	23.311367	 TOP-5 0.6271	0.6354	0.5088	 TOP-7: 0.6129	0.6244	0.4760	 TOP-10: 0.5989	0.6129	0.4435
New best model saved at epoch 8 with NDCG10 = 0.6129
9	23.291561	 TOP-5 0.6347	0.6408	0.5168	 TOP-7: 0.6187	0.6291	0.4839	 TOP-10: 0.6030	0.6166	0.4492
New best model saved at epoch 9 with NDCG10 = 0.6166
10	23.287207	 TOP-5 0.6341	0.6424	0.5192	 TOP-7: 0.6198	0.6315	0.4874	 TOP-10: 0.6000	0.6161	0.4489
11	23.284439	 TOP-5 0.6374	0.6473	0.5236	 TOP-7: 0.6237	0.6365	0.4914	 TOP-10: 0.6000	0.6183	0.4509
New best model saved at epoch 11 with NDCG10 = 0.6183
12	23.281689	 TOP-5 0.6412	0.6531	0.5315	 TOP-7: 0.6249	0.6402	0.4958	 TOP-10: 0.5997	0.6206	0.4541
New best model saved at epoch 12 with NDCG10 = 0.6206
13	23.280563	 TOP-5 0.6472	0.6567	0.5358	 TOP-7: 0.6229	0.6390	0.4951	 TOP-10: 0.5986	0.6199	0.4537
14	23.278940	 TOP-5 0.6537	0.6616	0.5420	 TOP-7: 0.6260	0.6417	0.4984	 TOP-10: 0.6016	0.6225	0.4565
New best model saved at epoch 14 with NDCG10 = 0.6225
15	23.278278	 TOP-5 0.6520	0.6623	0.5426	 TOP-7: 0.6264	0.6434	0.5001	 TOP-10: 0.6051	0.6260	0.4603
New best model saved at epoch 15 with NDCG10 = 0.6260
16	23.277502	 TOP-5 0.6499	0.6610	0.5411	 TOP-7: 0.6299	0.6457	0.5030	 TOP-10: 0.6038	0.6252	0.4598
17	23.276466	 TOP-5 0.6520	0.6615	0.5417	 TOP-7: 0.6295	0.6448	0.5020	 TOP-10: 0.6041	0.6250	0.4603
18	23.276548	 TOP-5 0.6520	0.6597	0.5398	 TOP-7: 0.6299	0.6436	0.5006	 TOP-10: 0.6070	0.6258	0.4617
19	23.274414	 TOP-5 0.6477	0.6575	0.5369	 TOP-7: 0.6322	0.6455	0.5027	 TOP-10: 0.6070	0.6264	0.4626
New best model saved at epoch 19 with NDCG10 = 0.6264
20	23.275755	 TOP-5 0.6477	0.6586	0.5381	 TOP-7: 0.6299	0.6450	0.5023	 TOP-10: 0.6051	0.6258	0.4618
21	23.275822	 TOP-5 0.6488	0.6600	0.5400	 TOP-7: 0.6330	0.6476	0.5051	 TOP-10: 0.6079	0.6281	0.4638
New best model saved at epoch 21 with NDCG10 = 0.6281
22	23.275875	 TOP-5 0.6488	0.6600	0.5407	 TOP-7: 0.6322	0.6471	0.5043	 TOP-10: 0.6054	0.6265	0.4622
23	23.275591	 TOP-5 0.6477	0.6608	0.5412	 TOP-7: 0.6310	0.6475	0.5045	 TOP-10: 0.6054	0.6273	0.4624
24	23.273087	 TOP-5 0.6526	0.6662	0.5462	 TOP-7: 0.6310	0.6494	0.5062	 TOP-10: 0.6065	0.6296	0.4641
New best model saved at epoch 24 with NDCG10 = 0.6296
25	23.275219	 TOP-5 0.6520	0.6658	0.5476	 TOP-7: 0.6303	0.6490	0.5068	 TOP-10: 0.6062	0.6295	0.4645
26	23.275753	 TOP-5 0.6515	0.6645	0.5465	 TOP-7: 0.6295	0.6478	0.5060	 TOP-10: 0.6081	0.6301	0.4653
New best model saved at epoch 26 with NDCG10 = 0.6301
27	23.275404	 TOP-5 0.6526	0.6652	0.5468	 TOP-7: 0.6330	0.6502	0.5091	 TOP-10: 0.6084	0.6306	0.4659
New best model saved at epoch 27 with NDCG10 = 0.6306
28	23.275438	 TOP-5 0.6515	0.6649	0.5480	 TOP-7: 0.6365	0.6527	0.5118	 TOP-10: 0.6092	0.6314	0.4672
New best model saved at epoch 28 with NDCG10 = 0.6314
29	23.274172	 TOP-5 0.6542	0.6662	0.5497	 TOP-7: 0.6396	0.6544	0.5139	 TOP-10: 0.6084	0.6309	0.4668
30	23.275318	 TOP-5 0.6488	0.6634	0.5465	 TOP-7: 0.6411	0.6556	0.5151	 TOP-10: 0.6087	0.6312	0.4672
31	23.275124	 TOP-5 0.6499	0.6631	0.5468	 TOP-7: 0.6415	0.6551	0.5145	 TOP-10: 0.6087	0.6308	0.4673
32	23.275209	 TOP-5 0.6542	0.6659	0.5496	 TOP-7: 0.6411	0.6550	0.5141	 TOP-10: 0.6114	0.6326	0.4685
New best model saved at epoch 32 with NDCG10 = 0.6326
33	23.275021	 TOP-5 0.6526	0.6661	0.5502	 TOP-7: 0.6427	0.6571	0.5161	 TOP-10: 0.6133	0.6347	0.4707
New best model saved at epoch 33 with NDCG10 = 0.6347
34	23.274767	 TOP-5 0.6504	0.6650	0.5491	 TOP-7: 0.6400	0.6554	0.5138	 TOP-10: 0.6127	0.6343	0.4700
35	23.273756	 TOP-5 0.6493	0.6635	0.5472	 TOP-7: 0.6415	0.6556	0.5139	 TOP-10: 0.6146	0.6350	0.4706
New best model saved at epoch 35 with NDCG10 = 0.6350
36	23.274826	 TOP-5 0.6493	0.6641	0.5469	 TOP-7: 0.6407	0.6556	0.5133	 TOP-10: 0.6154	0.6358	0.4710
New best model saved at epoch 36 with NDCG10 = 0.6358
37	23.274275	 TOP-5 0.6553	0.6681	0.5515	 TOP-7: 0.6419	0.6567	0.5155	 TOP-10: 0.6160	0.6366	0.4725
New best model saved at epoch 37 with NDCG10 = 0.6366
38	23.273893	 TOP-5 0.6558	0.6683	0.5514	 TOP-7: 0.6415	0.6564	0.5149	 TOP-10: 0.6141	0.6353	0.4708
39	23.273825	 TOP-5 0.6564	0.6682	0.5515	 TOP-7: 0.6392	0.6547	0.5138	 TOP-10: 0.6141	0.6350	0.4701
40	23.273176	 TOP-5 0.6531	0.6661	0.5499	 TOP-7: 0.6411	0.6558	0.5150	 TOP-10: 0.6125	0.6339	0.4691
41	23.272266	 TOP-5 0.6602	0.6707	0.5547	 TOP-7: 0.6419	0.6567	0.5159	 TOP-10: 0.6138	0.6351	0.4709
42	23.271723	 TOP-5 0.6564	0.6688	0.5521	 TOP-7: 0.6411	0.6566	0.5159	 TOP-10: 0.6141	0.6355	0.4711
43	23.268578	 TOP-5 0.6585	0.6690	0.5526	 TOP-7: 0.6411	0.6556	0.5154	 TOP-10: 0.6111	0.6328	0.4684
44	23.264496	 TOP-5 0.6602	0.6693	0.5527	 TOP-7: 0.6369	0.6523	0.5115	 TOP-10: 0.6106	0.6317	0.4670
45	23.259624	 TOP-5 0.6558	0.6673	0.5506	 TOP-7: 0.6349	0.6515	0.5102	 TOP-10: 0.6138	0.6341	0.4692
46	23.253044	 TOP-5 0.6575	0.6695	0.5527	 TOP-7: 0.6357	0.6530	0.5120	 TOP-10: 0.6108	0.6331	0.4682
47	23.240721	 TOP-5 0.6575	0.6677	0.5508	 TOP-7: 0.6369	0.6521	0.5112	 TOP-10: 0.6095	0.6309	0.4662
48	23.248463	 TOP-5 0.6531	0.6662	0.5491	 TOP-7: 0.6338	0.6510	0.5095	 TOP-10: 0.6068	0.6299	0.4651
49	23.231213	 TOP-5 0.6509	0.6623	0.5450	 TOP-7: 0.6326	0.6482	0.5079	 TOP-10: 0.6065	0.6279	0.4632
50	23.240889	 TOP-5 0.6537	0.6630	0.5443	 TOP-7: 0.6334	0.6479	0.5074	 TOP-10: 0.6060	0.6268	0.4620
51	23.235352	 TOP-5 0.6509	0.6603	0.5406	 TOP-7: 0.6307	0.6451	0.5038	 TOP-10: 0.6057	0.6257	0.4599
52	23.216110	 TOP-5 0.6504	0.6587	0.5384	 TOP-7: 0.6295	0.6433	0.5012	 TOP-10: 0.6030	0.6229	0.4567
53	23.227777	 TOP-5 0.6493	0.6589	0.5396	 TOP-7: 0.6280	0.6430	0.5005	 TOP-10: 0.6019	0.6228	0.4564
54	23.213661	 TOP-5 0.6466	0.6539	0.5351	 TOP-7: 0.6276	0.6398	0.4973	 TOP-10: 0.6019	0.6204	0.4546
55	23.223936	 TOP-5 0.6412	0.6498	0.5297	 TOP-7: 0.6299	0.6405	0.4968	 TOP-10: 0.6014	0.6194	0.4530
56	23.210266	 TOP-5 0.6396	0.6458	0.5248	 TOP-7: 0.6264	0.6356	0.4920	 TOP-10: 0.6008	0.6168	0.4500
57	23.211203	 TOP-5 0.6347	0.6423	0.5208	 TOP-7: 0.6194	0.6308	0.4871	 TOP-10: 0.6019	0.6169	0.4498
58	23.214048	 TOP-5 0.6341	0.6402	0.5187	 TOP-7: 0.6179	0.6284	0.4849	 TOP-10: 0.6005	0.6148	0.4478
59	23.218967	 TOP-5 0.6341	0.6399	0.5182	 TOP-7: 0.6156	0.6265	0.4821	 TOP-10: 0.5995	0.6136	0.4461
60	23.214989	 TOP-5 0.6304	0.6358	0.5138	 TOP-7: 0.6167	0.6258	0.4813	 TOP-10: 0.5978	0.6113	0.4437
61	23.212193	 TOP-5 0.6260	0.6293	0.5064	 TOP-7: 0.6144	0.6211	0.4755	 TOP-10: 0.5981	0.6088	0.4408
62	23.215590	 TOP-5 0.6282	0.6301	0.5070	 TOP-7: 0.6121	0.6192	0.4727	 TOP-10: 0.5973	0.6080	0.4401
63	23.214428	 TOP-5 0.6255	0.6293	0.5059	 TOP-7: 0.6132	0.6206	0.4739	 TOP-10: 0.5976	0.6088	0.4404
64	23.215849	 TOP-5 0.6228	0.6258	0.5020	 TOP-7: 0.6140	0.6195	0.4723	 TOP-10: 0.5989	0.6084	0.4400
65	23.196505	 TOP-5 0.6233	0.6236	0.5012	 TOP-7: 0.6156	0.6185	0.4724	 TOP-10: 0.5989	0.6068	0.4389
66	23.220831	 TOP-5 0.6184	0.6197	0.4963	 TOP-7: 0.6132	0.6162	0.4696	 TOP-10: 0.5981	0.6056	0.4378
67	23.223219	 TOP-5 0.6190	0.6194	0.4962	 TOP-7: 0.6148	0.6167	0.4705	 TOP-10: 0.5981	0.6052	0.4375
68	23.214636	 TOP-5 0.6195	0.6176	0.4945	 TOP-7: 0.6156	0.6155	0.4695	 TOP-10: 0.5981	0.6040	0.4365
69	23.209488	 TOP-5 0.6195	0.6156	0.4918	 TOP-7: 0.6171	0.6148	0.4690	 TOP-10: 0.5984	0.6029	0.4360
70	23.219126	 TOP-5 0.6141	0.6107	0.4872	 TOP-7: 0.6171	0.6135	0.4683	 TOP-10: 0.5986	0.6020	0.4352
71	23.222204	 TOP-5 0.6168	0.6141	0.4899	 TOP-7: 0.6187	0.6159	0.4699	 TOP-10: 0.5978	0.6026	0.4351
72	23.217869	 TOP-5 0.6168	0.6133	0.4898	 TOP-7: 0.6167	0.6142	0.4689	 TOP-10: 0.5976	0.6020	0.4353
73	23.212158	 TOP-5 0.6157	0.6117	0.4875	 TOP-7: 0.6171	0.6135	0.4679	 TOP-10: 0.5978	0.6015	0.4340
74	23.209593	 TOP-5 0.6163	0.6109	0.4867	 TOP-7: 0.6167	0.6124	0.4669	 TOP-10: 0.5984	0.6012	0.4341
75	23.201849	 TOP-5 0.6195	0.6133	0.4897	 TOP-7: 0.6187	0.6140	0.4688	 TOP-10: 0.5986	0.6016	0.4350
76	23.212496	 TOP-5 0.6211	0.6144	0.4911	 TOP-7: 0.6160	0.6124	0.4672	 TOP-10: 0.5981	0.6014	0.4350
77	23.201977	 TOP-5 0.6244	0.6153	0.4910	 TOP-7: 0.6175	0.6126	0.4671	 TOP-10: 0.6022	0.6034	0.4371
78	23.205929	 TOP-5 0.6228	0.6137	0.4893	 TOP-7: 0.6179	0.6124	0.4669	 TOP-10: 0.6005	0.6020	0.4358
79	23.213713	 TOP-5 0.6190	0.6109	0.4862	 TOP-7: 0.6190	0.6126	0.4672	 TOP-10: 0.6016	0.6022	0.4362
80	23.223511	 TOP-5 0.6211	0.6121	0.4876	 TOP-7: 0.6156	0.6103	0.4648	 TOP-10: 0.6008	0.6015	0.4351
81	23.212107	 TOP-5 0.6228	0.6123	0.4883	 TOP-7: 0.6175	0.6110	0.4662	 TOP-10: 0.6016	0.6018	0.4366
82	23.213114	 TOP-5 0.6244	0.6130	0.4892	 TOP-7: 0.6202	0.6126	0.4681	 TOP-10: 0.6033	0.6028	0.4380
83	23.202106	 TOP-5 0.6260	0.6143	0.4910	 TOP-7: 0.6218	0.6138	0.4693	 TOP-10: 0.6014	0.6018	0.4370
84	23.219252	 TOP-5 0.6238	0.6122	0.4880	 TOP-7: 0.6190	0.6114	0.4667	 TOP-10: 0.6022	0.6018	0.4367
85	23.213036	 TOP-5 0.6271	0.6152	0.4909	 TOP-7: 0.6194	0.6125	0.4680	 TOP-10: 0.5989	0.6003	0.4349
86	23.213785	 TOP-5 0.6276	0.6144	0.4905	 TOP-7: 0.6198	0.6118	0.4669	 TOP-10: 0.5984	0.5991	0.4335
87	23.209026	 TOP-5 0.6293	0.6156	0.4913	 TOP-7: 0.6179	0.6107	0.4655	 TOP-10: 0.5989	0.5996	0.4341
88	23.221029	 TOP-5 0.6293	0.6163	0.4923	 TOP-7: 0.6167	0.6107	0.4659	 TOP-10: 0.5984	0.5998	0.4342
89	23.212778	 TOP-5 0.6260	0.6141	0.4900	 TOP-7: 0.6152	0.6095	0.4647	 TOP-10: 0.6003	0.6007	0.4354
90	23.208338	 TOP-5 0.6249	0.6120	0.4877	 TOP-7: 0.6167	0.6094	0.4646	 TOP-10: 0.6014	0.6007	0.4354
91	23.211111	 TOP-5 0.6255	0.6122	0.4877	 TOP-7: 0.6171	0.6095	0.4643	 TOP-10: 0.5995	0.5992	0.4339
92	23.215528	 TOP-5 0.6276	0.6139	0.4901	 TOP-7: 0.6163	0.6092	0.4642	 TOP-10: 0.5984	0.5989	0.4337
93	23.196131	 TOP-5 0.6249	0.6127	0.4889	 TOP-7: 0.6160	0.6094	0.4645	 TOP-10: 0.6003	0.6004	0.4352
94	23.211685	 TOP-5 0.6276	0.6126	0.4895	 TOP-7: 0.6163	0.6081	0.4637	 TOP-10: 0.5995	0.5986	0.4336
95	23.216473	 TOP-5 0.6271	0.6128	0.4890	 TOP-7: 0.6187	0.6098	0.4648	 TOP-10: 0.6011	0.5998	0.4347
96	23.210182	 TOP-5 0.6298	0.6151	0.4917	 TOP-7: 0.6187	0.6105	0.4659	 TOP-10: 0.6016	0.6007	0.4356
97	23.210083	 TOP-5 0.6271	0.6133	0.4896	 TOP-7: 0.6163	0.6089	0.4642	 TOP-10: 0.6019	0.6008	0.4357
98	23.205709	 TOP-5 0.6260	0.6122	0.4890	 TOP-7: 0.6175	0.6094	0.4655	 TOP-10: 0.6014	0.6002	0.4354
99	23.213564	 TOP-5 0.6276	0.6143	0.4906	 TOP-7: 0.6163	0.6096	0.4652	 TOP-10: 0.6027	0.6018	0.4365
100	23.212440	 TOP-5 0.6276	0.6144	0.4911	 TOP-7: 0.6171	0.6101	0.4656	 TOP-10: 0.6005	0.6005	0.4351
101	23.211349	 TOP-5 0.6244	0.6119	0.4889	 TOP-7: 0.6194	0.6112	0.4672	 TOP-10: 0.6016	0.6010	0.4361
102	23.203577	 TOP-5 0.6271	0.6138	0.4904	 TOP-7: 0.6171	0.6098	0.4656	 TOP-10: 0.6030	0.6019	0.4369
103	23.195297	 TOP-5 0.6266	0.6136	0.4905	 TOP-7: 0.6190	0.6113	0.4670	 TOP-10: 0.6030	0.6022	0.4372
104	23.213564	 TOP-5 0.6287	0.6158	0.4927	 TOP-7: 0.6187	0.6118	0.4674	 TOP-10: 0.6011	0.6015	0.4360
105	23.209751	 TOP-5 0.6293	0.6159	0.4928	 TOP-7: 0.6179	0.6110	0.4668	 TOP-10: 0.6011	0.6012	0.4361
106	23.201151	 TOP-5 0.6282	0.6136	0.4905	 TOP-7: 0.6167	0.6089	0.4646	 TOP-10: 0.5997	0.5992	0.4343
107	23.219753	 TOP-5 0.6282	0.6152	0.4915	 TOP-7: 0.6198	0.6123	0.4680	 TOP-10: 0.6000	0.6006	0.4354
108	23.196453	 TOP-5 0.6266	0.6140	0.4897	 TOP-7: 0.6187	0.6113	0.4668	 TOP-10: 0.6000	0.6004	0.4352
109	23.223049	 TOP-5 0.6282	0.6155	0.4913	 TOP-7: 0.6194	0.6123	0.4681	 TOP-10: 0.6003	0.6010	0.4362
110	23.210548	 TOP-5 0.6287	0.6163	0.4921	 TOP-7: 0.6198	0.6129	0.4685	 TOP-10: 0.6008	0.6017	0.4364
111	23.214317	 TOP-5 0.6293	0.6154	0.4915	 TOP-7: 0.6218	0.6132	0.4692	 TOP-10: 0.5992	0.5999	0.4352
112	23.200390	 TOP-5 0.6282	0.6143	0.4906	 TOP-7: 0.6245	0.6146	0.4714	 TOP-10: 0.5997	0.6001	0.4355
113	23.209948	 TOP-5 0.6282	0.6155	0.4922	 TOP-7: 0.6210	0.6132	0.4698	 TOP-10: 0.6000	0.6008	0.4360
114	23.219915	 TOP-5 0.6298	0.6164	0.4930	 TOP-7: 0.6202	0.6126	0.4698	 TOP-10: 0.5997	0.6006	0.4361
115	23.213228	 TOP-5 0.6293	0.6149	0.4915	 TOP-7: 0.6218	0.6127	0.4697	 TOP-10: 0.5997	0.5999	0.4357
116	23.212442	 TOP-5 0.6298	0.6168	0.4931	 TOP-7: 0.6214	0.6138	0.4704	 TOP-10: 0.6008	0.6017	0.4373
117	23.201651	 TOP-5 0.6282	0.6156	0.4912	 TOP-7: 0.6167	0.6106	0.4666	 TOP-10: 0.6016	0.6019	0.4367
118	23.217520	 TOP-5 0.6298	0.6165	0.4925	 TOP-7: 0.6175	0.6111	0.4671	 TOP-10: 0.6005	0.6013	0.4364
119	23.209627	 TOP-5 0.6276	0.6156	0.4917	 TOP-7: 0.6198	0.6128	0.4687	 TOP-10: 0.5997	0.6010	0.4360
120	23.215616	 TOP-5 0.6255	0.6142	0.4900	 TOP-7: 0.6198	0.6127	0.4684	 TOP-10: 0.6005	0.6015	0.4364
121	23.205935	 TOP-5 0.6271	0.6151	0.4908	 TOP-7: 0.6179	0.6113	0.4670	 TOP-10: 0.6016	0.6019	0.4367
122	23.207411	 TOP-5 0.6266	0.6157	0.4918	 TOP-7: 0.6194	0.6132	0.4688	 TOP-10: 0.6003	0.6018	0.4370
123	23.201836	 TOP-5 0.6287	0.6174	0.4939	 TOP-7: 0.6187	0.6130	0.4687	 TOP-10: 0.6008	0.6024	0.4375
124	23.210613	 TOP-5 0.6298	0.6182	0.4946	 TOP-7: 0.6179	0.6125	0.4685	 TOP-10: 0.6005	0.6021	0.4370
125	23.222317	 TOP-5 0.6293	0.6163	0.4926	 TOP-7: 0.6183	0.6116	0.4678	 TOP-10: 0.6003	0.6011	0.4364
126	23.213362	 TOP-5 0.6287	0.6171	0.4938	 TOP-7: 0.6179	0.6122	0.4682	 TOP-10: 0.6003	0.6018	0.4367
127	23.215071	 TOP-5 0.6282	0.6162	0.4931	 TOP-7: 0.6187	0.6123	0.4685	 TOP-10: 0.6014	0.6021	0.4370
128	23.207579	 TOP-5 0.6287	0.6166	0.4931	 TOP-7: 0.6198	0.6133	0.4696	 TOP-10: 0.5997	0.6013	0.4360
129	23.203482	 TOP-5 0.6282	0.6153	0.4916	 TOP-7: 0.6190	0.6118	0.4680	 TOP-10: 0.6003	0.6008	0.4358
130	23.224640	 TOP-5 0.6271	0.6147	0.4903	 TOP-7: 0.6210	0.6131	0.4687	 TOP-10: 0.5995	0.6004	0.4351
131	23.209335	 TOP-5 0.6266	0.6136	0.4899	 TOP-7: 0.6206	0.6123	0.4683	 TOP-10: 0.6003	0.6006	0.4357
132	23.200382	 TOP-5 0.6260	0.6137	0.4902	 TOP-7: 0.6190	0.6116	0.4680	 TOP-10: 0.5995	0.6001	0.4354
133	23.203508	 TOP-5 0.6282	0.6149	0.4920	 TOP-7: 0.6190	0.6114	0.4679	 TOP-10: 0.6005	0.6007	0.4361
134	23.213415	 TOP-5 0.6249	0.6139	0.4907	 TOP-7: 0.6179	0.6116	0.4678	 TOP-10: 0.6005	0.6015	0.4362
135	23.205345	 TOP-5 0.6260	0.6153	0.4920	 TOP-7: 0.6179	0.6122	0.4689	 TOP-10: 0.6003	0.6018	0.4365
136	23.210526	 TOP-5 0.6266	0.6154	0.4922	 TOP-7: 0.6187	0.6124	0.4691	 TOP-10: 0.6019	0.6027	0.4377
137	23.218014	 TOP-5 0.6271	0.6163	0.4931	 TOP-7: 0.6160	0.6111	0.4668	 TOP-10: 0.6003	0.6018	0.4366
138	23.214649	 TOP-5 0.6276	0.6161	0.4921	 TOP-7: 0.6160	0.6107	0.4664	 TOP-10: 0.6014	0.6022	0.4367
139	23.185011	 TOP-5 0.6293	0.6166	0.4937	 TOP-7: 0.6171	0.6111	0.4672	 TOP-10: 0.6011	0.6017	0.4365
140	23.220194	 TOP-5 0.6282	0.6163	0.4939	 TOP-7: 0.6202	0.6132	0.4692	 TOP-10: 0.6008	0.6017	0.4365
141	23.220444	 TOP-5 0.6282	0.6156	0.4922	 TOP-7: 0.6179	0.6112	0.4673	 TOP-10: 0.6000	0.6008	0.4360
142	23.199074	 TOP-5 0.6293	0.6181	0.4952	 TOP-7: 0.6163	0.6116	0.4677	 TOP-10: 0.6005	0.6022	0.4369
143	23.208828	 TOP-5 0.6271	0.6156	0.4927	 TOP-7: 0.6187	0.6122	0.4680	 TOP-10: 0.5997	0.6010	0.4360
144	23.199242	 TOP-5 0.6271	0.6173	0.4941	 TOP-7: 0.6198	0.6144	0.4699	 TOP-10: 0.6003	0.6025	0.4370
145	23.200006	 TOP-5 0.6309	0.6199	0.4973	 TOP-7: 0.6229	0.6165	0.4723	 TOP-10: 0.6005	0.6029	0.4376
146	23.208797	 TOP-5 0.6287	0.6184	0.4961	 TOP-7: 0.6206	0.6150	0.4712	 TOP-10: 0.6027	0.6043	0.4392
147	23.214258	 TOP-5 0.6325	0.6201	0.4985	 TOP-7: 0.6198	0.6139	0.4704	 TOP-10: 0.6033	0.6041	0.4396
148	23.218069	 TOP-5 0.6314	0.6191	0.4970	 TOP-7: 0.6198	0.6137	0.4697	 TOP-10: 0.6016	0.6029	0.4379
149	23.208509	 TOP-5 0.6304	0.6181	0.4956	 TOP-7: 0.6218	0.6148	0.4713	 TOP-10: 0.6005	0.6022	0.4376
Final model saved after 150 epochs
Best model was from epoch 37 with NDCG10 = 0.6366
